{"/home/jeepark/red-tetris/src/server/index.js":{"path":"/home/jeepark/red-tetris/src/server/index.js","statementMap":{"0":{"start":{"line":3,"column":0},"end":{"line":5,"column":3}},"1":{"start":{"line":7,"column":21},"end":{"line":7,"column":663}},"2":{"start":{"line":7,"column":79},"end":{"line":7,"column":81}},"3":{"start":{"line":7,"column":92},"end":{"line":7,"column":96}},"4":{"start":{"line":7,"column":107},"end":{"line":7,"column":112}},"5":{"start":{"line":7,"column":123},"end":{"line":7,"column":132}},"6":{"start":{"line":7,"column":134},"end":{"line":7,"column":413}},"7":{"start":{"line":7,"column":140},"end":{"line":7,"column":283}},"8":{"start":{"line":7,"column":154},"end":{"line":7,"column":176}},"9":{"start":{"line":7,"column":226},"end":{"line":7,"column":246}},"10":{"start":{"line":7,"column":247},"end":{"line":7,"column":281}},"11":{"start":{"line":7,"column":275},"end":{"line":7,"column":281}},"12":{"start":{"line":7,"column":300},"end":{"line":7,"column":310}},"13":{"start":{"line":7,"column":311},"end":{"line":7,"column":320}},"14":{"start":{"line":7,"column":333},"end":{"line":7,"column":411}},"15":{"start":{"line":7,"column":339},"end":{"line":7,"column":379}},"16":{"start":{"line":7,"column":364},"end":{"line":7,"column":379}},"17":{"start":{"line":7,"column":392},"end":{"line":7,"column":409}},"18":{"start":{"line":7,"column":400},"end":{"line":7,"column":409}},"19":{"start":{"line":7,"column":414},"end":{"line":7,"column":426}},"20":{"start":{"line":7,"column":429},"end":{"line":7,"column":659}},"21":{"start":{"line":7,"column":456},"end":{"line":7,"column":656}},"22":{"start":{"line":7,"column":482},"end":{"line":7,"column":493}},"23":{"start":{"line":7,"column":501},"end":{"line":7,"column":656}},"24":{"start":{"line":7,"column":539},"end":{"line":7,"column":568}},"25":{"start":{"line":7,"column":578},"end":{"line":7,"column":654}},"26":{"start":{"line":9,"column":0},"end":{"line":9,"column":24}},"27":{"start":{"line":11,"column":10},"end":{"line":11,"column":23}},"28":{"start":{"line":13,"column":11},"end":{"line":13,"column":38}},"29":{"start":{"line":15,"column":13},"end":{"line":15,"column":29}},"30":{"start":{"line":17,"column":14},"end":{"line":17,"column":44}},"31":{"start":{"line":19,"column":15},"end":{"line":19,"column":33}},"32":{"start":{"line":21,"column":39},"end":{"line":21,"column":93}},"33":{"start":{"line":23,"column":15},"end":{"line":23,"column":51}},"34":{"start":{"line":24,"column":14},"end":{"line":24,"column":49}},"35":{"start":{"line":26,"column":11},"end":{"line":26,"column":35}},"36":{"start":{"line":27,"column":13},"end":{"line":27,"column":39}},"37":{"start":{"line":29,"column":12},"end":{"line":29,"column":14}},"38":{"start":{"line":31,"column":14},"end":{"line":54,"column":1}},"39":{"start":{"line":32,"column":13},"end":{"line":32,"column":24}},"40":{"start":{"line":33,"column":13},"end":{"line":33,"column":24}},"41":{"start":{"line":35,"column":16},"end":{"line":46,"column":3}},"42":{"start":{"line":36,"column":15},"end":{"line":36,"column":88}},"43":{"start":{"line":37,"column":4},"end":{"line":45,"column":7}},"44":{"start":{"line":38,"column":6},"end":{"line":42,"column":7}},"45":{"start":{"line":39,"column":8},"end":{"line":39,"column":22}},"46":{"start":{"line":40,"column":8},"end":{"line":40,"column":27}},"47":{"start":{"line":41,"column":8},"end":{"line":41,"column":51}},"48":{"start":{"line":43,"column":6},"end":{"line":43,"column":25}},"49":{"start":{"line":44,"column":6},"end":{"line":44,"column":20}},"50":{"start":{"line":48,"column":2},"end":{"line":48,"column":29}},"51":{"start":{"line":50,"column":2},"end":{"line":53,"column":5}},"52":{"start":{"line":51,"column":4},"end":{"line":51,"column":46}},"53":{"start":{"line":52,"column":4},"end":{"line":52,"column":9}},"54":{"start":{"line":56,"column":24},"end":{"line":60,"column":1}},"55":{"start":{"line":57,"column":2},"end":{"line":59,"column":5}},"56":{"start":{"line":58,"column":4},"end":{"line":58,"column":36}},"57":{"start":{"line":62,"column":22},"end":{"line":87,"column":1}},"58":{"start":{"line":63,"column":2},"end":{"line":63,"column":28}},"59":{"start":{"line":63,"column":21},"end":{"line":63,"column":28}},"60":{"start":{"line":65,"column":22},"end":{"line":67,"column":4}},"61":{"start":{"line":66,"column":4},"end":{"line":66,"column":40}},"62":{"start":{"line":69,"column":2},"end":{"line":69,"column":112}},"63":{"start":{"line":71,"column":2},"end":{"line":79,"column":3}},"64":{"start":{"line":72,"column":17},"end":{"line":72,"column":38}},"65":{"start":{"line":73,"column":4},"end":{"line":73,"column":39}},"66":{"start":{"line":75,"column":4},"end":{"line":75,"column":102}},"67":{"start":{"line":77,"column":4},"end":{"line":77,"column":53}},"68":{"start":{"line":78,"column":4},"end":{"line":78,"column":16}},"69":{"start":{"line":81,"column":2},"end":{"line":84,"column":3}},"70":{"start":{"line":82,"column":4},"end":{"line":82,"column":83}},"71":{"start":{"line":83,"column":4},"end":{"line":83,"column":16}},"72":{"start":{"line":86,"column":2},"end":{"line":86,"column":15}},"73":{"start":{"line":89,"column":17},"end":{"line":459,"column":1}},"74":{"start":{"line":90,"column":2},"end":{"line":458,"column":5}},"75":{"start":{"line":91,"column":4},"end":{"line":91,"column":46}},"76":{"start":{"line":93,"column":25},"end":{"line":93,"column":44}},"77":{"start":{"line":94,"column":4},"end":{"line":94,"column":41}},"78":{"start":{"line":95,"column":4},"end":{"line":95,"column":95}},"79":{"start":{"line":98,"column":4},"end":{"line":102,"column":7}},"80":{"start":{"line":99,"column":27},"end":{"line":99,"column":46}},"81":{"start":{"line":100,"column":6},"end":{"line":100,"column":43}},"82":{"start":{"line":101,"column":6},"end":{"line":101,"column":112}},"83":{"start":{"line":104,"column":4},"end":{"line":113,"column":7}},"84":{"start":{"line":105,"column":6},"end":{"line":108,"column":7}},"85":{"start":{"line":106,"column":8},"end":{"line":106,"column":65}},"86":{"start":{"line":107,"column":8},"end":{"line":107,"column":15}},"87":{"start":{"line":109,"column":6},"end":{"line":109,"column":35}},"88":{"start":{"line":111,"column":6},"end":{"line":111,"column":32}},"89":{"start":{"line":112,"column":6},"end":{"line":112,"column":66}},"90":{"start":{"line":115,"column":4},"end":{"line":158,"column":7}},"91":{"start":{"line":116,"column":17},"end":{"line":116,"column":26}},"92":{"start":{"line":117,"column":19},"end":{"line":117,"column":30}},"93":{"start":{"line":119,"column":6},"end":{"line":122,"column":7}},"94":{"start":{"line":120,"column":8},"end":{"line":120,"column":43}},"95":{"start":{"line":121,"column":8},"end":{"line":121,"column":66}},"96":{"start":{"line":124,"column":17},"end":{"line":124,"column":28}},"97":{"start":{"line":126,"column":27},"end":{"line":128,"column":8}},"98":{"start":{"line":127,"column":8},"end":{"line":127,"column":33}},"99":{"start":{"line":129,"column":6},"end":{"line":135,"column":7}},"100":{"start":{"line":130,"column":8},"end":{"line":132,"column":11}},"101":{"start":{"line":133,"column":8},"end":{"line":133,"column":92}},"102":{"start":{"line":134,"column":8},"end":{"line":134,"column":15}},"103":{"start":{"line":137,"column":6},"end":{"line":141,"column":7}},"104":{"start":{"line":138,"column":8},"end":{"line":138,"column":66}},"105":{"start":{"line":139,"column":8},"end":{"line":139,"column":82}},"106":{"start":{"line":140,"column":8},"end":{"line":140,"column":15}},"107":{"start":{"line":143,"column":14},"end":{"line":143,"column":40}},"108":{"start":{"line":144,"column":6},"end":{"line":144,"column":24}},"109":{"start":{"line":145,"column":6},"end":{"line":145,"column":24}},"110":{"start":{"line":147,"column":24},"end":{"line":149,"column":8}},"111":{"start":{"line":148,"column":8},"end":{"line":148,"column":22}},"112":{"start":{"line":150,"column":21},"end":{"line":150,"column":35}},"113":{"start":{"line":152,"column":6},"end":{"line":152,"column":115}},"114":{"start":{"line":154,"column":6},"end":{"line":157,"column":9}},"115":{"start":{"line":160,"column":4},"end":{"line":212,"column":7}},"116":{"start":{"line":161,"column":17},"end":{"line":161,"column":27}},"117":{"start":{"line":162,"column":19},"end":{"line":162,"column":31}},"118":{"start":{"line":164,"column":6},"end":{"line":166,"column":7}},"119":{"start":{"line":165,"column":8},"end":{"line":165,"column":43}},"120":{"start":{"line":168,"column":17},"end":{"line":168,"column":28}},"121":{"start":{"line":169,"column":20},"end":{"line":169,"column":58}},"122":{"start":{"line":171,"column":6},"end":{"line":171,"column":32}},"123":{"start":{"line":172,"column":6},"end":{"line":172,"column":25}},"124":{"start":{"line":174,"column":6},"end":{"line":174,"column":90}},"125":{"start":{"line":176,"column":6},"end":{"line":180,"column":7}},"126":{"start":{"line":177,"column":8},"end":{"line":177,"column":27}},"127":{"start":{"line":178,"column":8},"end":{"line":178,"column":72}},"128":{"start":{"line":179,"column":8},"end":{"line":179,"column":15}},"129":{"start":{"line":182,"column":22},"end":{"line":182,"column":53}},"130":{"start":{"line":183,"column":6},"end":{"line":185,"column":7}},"131":{"start":{"line":184,"column":8},"end":{"line":184,"column":82}},"132":{"start":{"line":187,"column":20},"end":{"line":187,"column":24}},"133":{"start":{"line":188,"column":6},"end":{"line":198,"column":7}},"134":{"start":{"line":189,"column":8},"end":{"line":189,"column":36}},"135":{"start":{"line":190,"column":8},"end":{"line":190,"column":33}},"136":{"start":{"line":192,"column":8},"end":{"line":192,"column":104}},"137":{"start":{"line":194,"column":8},"end":{"line":197,"column":11}},"138":{"start":{"line":200,"column":24},"end":{"line":202,"column":8}},"139":{"start":{"line":201,"column":8},"end":{"line":201,"column":22}},"140":{"start":{"line":203,"column":21},"end":{"line":203,"column":54}},"141":{"start":{"line":205,"column":6},"end":{"line":209,"column":9}},"142":{"start":{"line":211,"column":6},"end":{"line":211,"column":94}},"143":{"start":{"line":214,"column":4},"end":{"line":221,"column":7}},"144":{"start":{"line":215,"column":17},"end":{"line":215,"column":27}},"145":{"start":{"line":217,"column":6},"end":{"line":220,"column":7}},"146":{"start":{"line":218,"column":8},"end":{"line":218,"column":27}},"147":{"start":{"line":219,"column":8},"end":{"line":219,"column":45}},"148":{"start":{"line":223,"column":4},"end":{"line":278,"column":7}},"149":{"start":{"line":224,"column":17},"end":{"line":224,"column":27}},"150":{"start":{"line":226,"column":6},"end":{"line":226,"column":67}},"151":{"start":{"line":228,"column":17},"end":{"line":228,"column":28}},"152":{"start":{"line":229,"column":6},"end":{"line":232,"column":7}},"153":{"start":{"line":230,"column":8},"end":{"line":230,"column":54}},"154":{"start":{"line":231,"column":8},"end":{"line":231,"column":15}},"155":{"start":{"line":234,"column":22},"end":{"line":236,"column":8}},"156":{"start":{"line":235,"column":8},"end":{"line":235,"column":41}},"157":{"start":{"line":237,"column":6},"end":{"line":241,"column":7}},"158":{"start":{"line":238,"column":8},"end":{"line":238,"column":70}},"159":{"start":{"line":239,"column":8},"end":{"line":239,"column":104}},"160":{"start":{"line":240,"column":8},"end":{"line":240,"column":15}},"161":{"start":{"line":243,"column":6},"end":{"line":247,"column":7}},"162":{"start":{"line":244,"column":8},"end":{"line":244,"column":78}},"163":{"start":{"line":245,"column":8},"end":{"line":245,"column":124}},"164":{"start":{"line":246,"column":8},"end":{"line":246,"column":15}},"165":{"start":{"line":249,"column":29},"end":{"line":251,"column":8}},"166":{"start":{"line":250,"column":8},"end":{"line":250,"column":27}},"167":{"start":{"line":253,"column":6},"end":{"line":259,"column":7}},"168":{"start":{"line":254,"column":8},"end":{"line":256,"column":11}},"169":{"start":{"line":257,"column":8},"end":{"line":257,"column":95}},"170":{"start":{"line":258,"column":8},"end":{"line":258,"column":15}},"171":{"start":{"line":261,"column":6},"end":{"line":261,"column":19}},"172":{"start":{"line":265,"column":23},"end":{"line":265,"column":41}},"173":{"start":{"line":266,"column":24},"end":{"line":266,"column":42}},"174":{"start":{"line":268,"column":6},"end":{"line":271,"column":9}},"175":{"start":{"line":273,"column":27},"end":{"line":273,"column":46}},"176":{"start":{"line":274,"column":6},"end":{"line":274,"column":46}},"177":{"start":{"line":276,"column":6},"end":{"line":276,"column":162}},"178":{"start":{"line":277,"column":6},"end":{"line":277,"column":80}},"179":{"start":{"line":280,"column":4},"end":{"line":295,"column":7}},"180":{"start":{"line":281,"column":17},"end":{"line":281,"column":27}},"181":{"start":{"line":282,"column":19},"end":{"line":282,"column":31}},"182":{"start":{"line":283,"column":21},"end":{"line":283,"column":35}},"183":{"start":{"line":285,"column":17},"end":{"line":285,"column":28}},"184":{"start":{"line":286,"column":6},"end":{"line":286,"column":24}},"185":{"start":{"line":286,"column":17},"end":{"line":286,"column":24}},"186":{"start":{"line":289,"column":6},"end":{"line":292,"column":9}},"187":{"start":{"line":297,"column":4},"end":{"line":323,"column":7}},"188":{"start":{"line":298,"column":17},"end":{"line":298,"column":27}},"189":{"start":{"line":299,"column":19},"end":{"line":299,"column":31}},"190":{"start":{"line":301,"column":17},"end":{"line":301,"column":28}},"191":{"start":{"line":302,"column":6},"end":{"line":302,"column":24}},"192":{"start":{"line":302,"column":17},"end":{"line":302,"column":24}},"193":{"start":{"line":304,"column":22},"end":{"line":304,"column":54}},"194":{"start":{"line":305,"column":6},"end":{"line":305,"column":99}},"195":{"start":{"line":306,"column":6},"end":{"line":309,"column":7}},"196":{"start":{"line":307,"column":8},"end":{"line":307,"column":75}},"197":{"start":{"line":308,"column":8},"end":{"line":308,"column":15}},"198":{"start":{"line":311,"column":24},"end":{"line":313,"column":8}},"199":{"start":{"line":312,"column":8},"end":{"line":312,"column":33}},"200":{"start":{"line":314,"column":25},"end":{"line":314,"column":64}},"201":{"start":{"line":315,"column":6},"end":{"line":315,"column":95}},"202":{"start":{"line":316,"column":6},"end":{"line":319,"column":7}},"203":{"start":{"line":317,"column":8},"end":{"line":317,"column":78}},"204":{"start":{"line":318,"column":8},"end":{"line":318,"column":15}},"205":{"start":{"line":320,"column":6},"end":{"line":322,"column":7}},"206":{"start":{"line":321,"column":8},"end":{"line":321,"column":62}},"207":{"start":{"line":325,"column":4},"end":{"line":351,"column":7}},"208":{"start":{"line":326,"column":17},"end":{"line":326,"column":27}},"209":{"start":{"line":327,"column":19},"end":{"line":327,"column":31}},"210":{"start":{"line":328,"column":18},"end":{"line":328,"column":29}},"211":{"start":{"line":330,"column":17},"end":{"line":330,"column":28}},"212":{"start":{"line":331,"column":6},"end":{"line":331,"column":24}},"213":{"start":{"line":331,"column":17},"end":{"line":331,"column":24}},"214":{"start":{"line":333,"column":25},"end":{"line":333,"column":34}},"215":{"start":{"line":335,"column":6},"end":{"line":338,"column":7}},"216":{"start":{"line":336,"column":8},"end":{"line":336,"column":90}},"217":{"start":{"line":337,"column":8},"end":{"line":337,"column":15}},"218":{"start":{"line":340,"column":6},"end":{"line":340,"column":85}},"219":{"start":{"line":342,"column":6},"end":{"line":348,"column":9}},"220":{"start":{"line":343,"column":8},"end":{"line":347,"column":9}},"221":{"start":{"line":344,"column":10},"end":{"line":346,"column":13}},"222":{"start":{"line":350,"column":6},"end":{"line":350,"column":131}},"223":{"start":{"line":353,"column":4},"end":{"line":370,"column":7}},"224":{"start":{"line":354,"column":17},"end":{"line":354,"column":27}},"225":{"start":{"line":355,"column":19},"end":{"line":355,"column":31}},"226":{"start":{"line":357,"column":17},"end":{"line":357,"column":28}},"227":{"start":{"line":358,"column":6},"end":{"line":358,"column":24}},"228":{"start":{"line":358,"column":17},"end":{"line":358,"column":24}},"229":{"start":{"line":360,"column":26},"end":{"line":362,"column":8}},"230":{"start":{"line":361,"column":8},"end":{"line":361,"column":33}},"231":{"start":{"line":363,"column":6},"end":{"line":367,"column":7}},"232":{"start":{"line":364,"column":8},"end":{"line":364,"column":40}},"233":{"start":{"line":365,"column":8},"end":{"line":365,"column":40}},"234":{"start":{"line":366,"column":8},"end":{"line":366,"column":77}},"235":{"start":{"line":369,"column":6},"end":{"line":369,"column":38}},"236":{"start":{"line":372,"column":4},"end":{"line":376,"column":7}},"237":{"start":{"line":373,"column":6},"end":{"line":375,"column":7}},"238":{"start":{"line":374,"column":8},"end":{"line":374,"column":48}},"239":{"start":{"line":378,"column":4},"end":{"line":457,"column":7}},"240":{"start":{"line":379,"column":6},"end":{"line":379,"column":51}},"241":{"start":{"line":381,"column":38},"end":{"line":381,"column":42}},"242":{"start":{"line":382,"column":30},"end":{"line":382,"column":35}},"243":{"start":{"line":383,"column":27},"end":{"line":383,"column":36}},"244":{"start":{"line":385,"column":6},"end":{"line":456,"column":7}},"245":{"start":{"line":386,"column":8},"end":{"line":442,"column":9}},"246":{"start":{"line":386,"column":29},"end":{"line":386,"column":69}},"247":{"start":{"line":387,"column":28},"end":{"line":387,"column":58}},"248":{"start":{"line":388,"column":25},"end":{"line":388,"column":39}},"249":{"start":{"line":389,"column":21},"end":{"line":389,"column":35}},"250":{"start":{"line":391,"column":23},"end":{"line":393,"column":12}},"251":{"start":{"line":392,"column":12},"end":{"line":392,"column":45}},"252":{"start":{"line":395,"column":10},"end":{"line":441,"column":11}},"253":{"start":{"line":396,"column":29},"end":{"line":396,"column":40}},"254":{"start":{"line":397,"column":26},"end":{"line":397,"column":68}},"255":{"start":{"line":399,"column":12},"end":{"line":399,"column":42}},"256":{"start":{"line":400,"column":12},"end":{"line":400,"column":117}},"257":{"start":{"line":402,"column":12},"end":{"line":409,"column":13}},"258":{"start":{"line":403,"column":14},"end":{"line":403,"column":37}},"259":{"start":{"line":404,"column":14},"end":{"line":404,"column":99}},"260":{"start":{"line":406,"column":36},"end":{"line":406,"column":55}},"261":{"start":{"line":407,"column":14},"end":{"line":407,"column":55}},"262":{"start":{"line":408,"column":14},"end":{"line":408,"column":20}},"263":{"start":{"line":411,"column":28},"end":{"line":411,"column":63}},"264":{"start":{"line":412,"column":12},"end":{"line":414,"column":13}},"265":{"start":{"line":413,"column":14},"end":{"line":413,"column":91}},"266":{"start":{"line":416,"column":12},"end":{"line":426,"column":13}},"267":{"start":{"line":417,"column":14},"end":{"line":417,"column":42}},"268":{"start":{"line":418,"column":28},"end":{"line":418,"column":42}},"269":{"start":{"line":420,"column":14},"end":{"line":420,"column":123}},"270":{"start":{"line":422,"column":14},"end":{"line":425,"column":17}},"271":{"start":{"line":428,"column":30},"end":{"line":430,"column":14}},"272":{"start":{"line":429,"column":14},"end":{"line":429,"column":28}},"273":{"start":{"line":431,"column":27},"end":{"line":431,"column":60}},"274":{"start":{"line":433,"column":12},"end":{"line":437,"column":15}},"275":{"start":{"line":439,"column":12},"end":{"line":439,"column":121}},"276":{"start":{"line":440,"column":12},"end":{"line":440,"column":18}},"277":{"start":{"line":444,"column":8},"end":{"line":444,"column":33}},"278":{"start":{"line":445,"column":8},"end":{"line":445,"column":29}},"279":{"start":{"line":447,"column":8},"end":{"line":455,"column":9}},"280":{"start":{"line":448,"column":10},"end":{"line":450,"column":11}},"281":{"start":{"line":449,"column":12},"end":{"line":449,"column":31}},"282":{"start":{"line":452,"column":10},"end":{"line":454,"column":11}},"283":{"start":{"line":453,"column":12},"end":{"line":453,"column":33}},"284":{"start":{"line":462,"column":16},"end":{"line":483,"column":4}},"285":{"start":{"line":463,"column":14},"end":{"line":463,"column":44}},"286":{"start":{"line":464,"column":4},"end":{"line":482,"column":7}},"287":{"start":{"line":465,"column":15},"end":{"line":470,"column":8}},"288":{"start":{"line":471,"column":17},"end":{"line":478,"column":7}},"289":{"start":{"line":472,"column":8},"end":{"line":472,"column":19}},"290":{"start":{"line":473,"column":8},"end":{"line":475,"column":11}},"291":{"start":{"line":474,"column":10},"end":{"line":474,"column":22}},"292":{"start":{"line":476,"column":8},"end":{"line":476,"column":35}},"293":{"start":{"line":477,"column":8},"end":{"line":477,"column":13}},"294":{"start":{"line":480,"column":6},"end":{"line":480,"column":21}},"295":{"start":{"line":481,"column":6},"end":{"line":481,"column":30}},"296":{"start":{"line":484,"column":2},"end":{"line":484,"column":17}}},"fnMap":{"0":{"name":"(anonymous_0)","decl":{"start":{"line":7,"column":21},"end":{"line":7,"column":22}},"loc":{"start":{"line":7,"column":33},"end":{"line":7,"column":661}},"line":7},"1":{"name":"sliceIterator","decl":{"start":{"line":7,"column":44},"end":{"line":7,"column":57}},"loc":{"start":{"line":7,"column":66},"end":{"line":7,"column":428}},"line":7},"2":{"name":"(anonymous_2)","decl":{"start":{"line":7,"column":436},"end":{"line":7,"column":437}},"loc":{"start":{"line":7,"column":454},"end":{"line":7,"column":658}},"line":7},"3":{"name":"_interopRequireDefault","decl":{"start":{"line":21,"column":9},"end":{"line":21,"column":31}},"loc":{"start":{"line":21,"column":37},"end":{"line":21,"column":95}},"line":21},"4":{"name":"initApp","decl":{"start":{"line":31,"column":23},"end":{"line":31,"column":30}},"loc":{"start":{"line":31,"column":48},"end":{"line":54,"column":1}},"line":31},"5":{"name":"handler","decl":{"start":{"line":35,"column":25},"end":{"line":35,"column":32}},"loc":{"start":{"line":35,"column":43},"end":{"line":46,"column":3}},"line":35},"6":{"name":"(anonymous_6)","decl":{"start":{"line":37,"column":44},"end":{"line":37,"column":45}},"loc":{"start":{"line":37,"column":65},"end":{"line":45,"column":5}},"line":37},"7":{"name":"(anonymous_7)","decl":{"start":{"line":50,"column":41},"end":{"line":50,"column":42}},"loc":{"start":{"line":50,"column":53},"end":{"line":53,"column":3}},"line":50},"8":{"name":"getAvailableRooms","decl":{"start":{"line":56,"column":33},"end":{"line":56,"column":50}},"loc":{"start":{"line":56,"column":53},"end":{"line":60,"column":1}},"line":56},"9":{"name":"(anonymous_9)","decl":{"start":{"line":57,"column":35},"end":{"line":57,"column":36}},"loc":{"start":{"line":57,"column":55},"end":{"line":59,"column":3}},"line":57},"10":{"name":"checkForAutoWin","decl":{"start":{"line":62,"column":31},"end":{"line":62,"column":46}},"loc":{"start":{"line":62,"column":63},"end":{"line":87,"column":1}},"line":62},"11":{"name":"(anonymous_11)","decl":{"start":{"line":65,"column":42},"end":{"line":65,"column":43}},"loc":{"start":{"line":65,"column":55},"end":{"line":67,"column":3}},"line":65},"12":{"name":"initEngine","decl":{"start":{"line":89,"column":26},"end":{"line":89,"column":36}},"loc":{"start":{"line":89,"column":41},"end":{"line":459,"column":1}},"line":89},"13":{"name":"(anonymous_13)","decl":{"start":{"line":90,"column":22},"end":{"line":90,"column":23}},"loc":{"start":{"line":90,"column":40},"end":{"line":458,"column":3}},"line":90},"14":{"name":"(anonymous_14)","decl":{"start":{"line":98,"column":27},"end":{"line":98,"column":28}},"loc":{"start":{"line":98,"column":39},"end":{"line":102,"column":5}},"line":98},"15":{"name":"(anonymous_15)","decl":{"start":{"line":104,"column":29},"end":{"line":104,"column":30}},"loc":{"start":{"line":104,"column":45},"end":{"line":113,"column":5}},"line":104},"16":{"name":"(anonymous_16)","decl":{"start":{"line":115,"column":27},"end":{"line":115,"column":28}},"loc":{"start":{"line":115,"column":43},"end":{"line":158,"column":5}},"line":115},"17":{"name":"(anonymous_17)","decl":{"start":{"line":126,"column":45},"end":{"line":126,"column":46}},"loc":{"start":{"line":126,"column":58},"end":{"line":128,"column":7}},"line":126},"18":{"name":"(anonymous_18)","decl":{"start":{"line":147,"column":41},"end":{"line":147,"column":42}},"loc":{"start":{"line":147,"column":54},"end":{"line":149,"column":7}},"line":147},"19":{"name":"(anonymous_19)","decl":{"start":{"line":160,"column":28},"end":{"line":160,"column":29}},"loc":{"start":{"line":160,"column":45},"end":{"line":212,"column":5}},"line":160},"20":{"name":"(anonymous_20)","decl":{"start":{"line":200,"column":41},"end":{"line":200,"column":42}},"loc":{"start":{"line":200,"column":54},"end":{"line":202,"column":7}},"line":200},"21":{"name":"(anonymous_21)","decl":{"start":{"line":214,"column":29},"end":{"line":214,"column":30}},"loc":{"start":{"line":214,"column":46},"end":{"line":221,"column":5}},"line":214},"22":{"name":"(anonymous_22)","decl":{"start":{"line":223,"column":28},"end":{"line":223,"column":29}},"loc":{"start":{"line":223,"column":45},"end":{"line":278,"column":5}},"line":223},"23":{"name":"(anonymous_23)","decl":{"start":{"line":234,"column":40},"end":{"line":234,"column":41}},"loc":{"start":{"line":234,"column":53},"end":{"line":236,"column":7}},"line":234},"24":{"name":"(anonymous_24)","decl":{"start":{"line":249,"column":47},"end":{"line":249,"column":48}},"loc":{"start":{"line":249,"column":60},"end":{"line":251,"column":7}},"line":249},"25":{"name":"(anonymous_25)","decl":{"start":{"line":280,"column":33},"end":{"line":280,"column":34}},"loc":{"start":{"line":280,"column":50},"end":{"line":295,"column":5}},"line":280},"26":{"name":"(anonymous_26)","decl":{"start":{"line":297,"column":30},"end":{"line":297,"column":31}},"loc":{"start":{"line":297,"column":47},"end":{"line":323,"column":5}},"line":297},"27":{"name":"(anonymous_27)","decl":{"start":{"line":311,"column":42},"end":{"line":311,"column":43}},"loc":{"start":{"line":311,"column":55},"end":{"line":313,"column":7}},"line":311},"28":{"name":"(anonymous_28)","decl":{"start":{"line":325,"column":31},"end":{"line":325,"column":32}},"loc":{"start":{"line":325,"column":48},"end":{"line":351,"column":5}},"line":325},"29":{"name":"(anonymous_29)","decl":{"start":{"line":342,"column":27},"end":{"line":342,"column":28}},"loc":{"start":{"line":342,"column":40},"end":{"line":348,"column":7}},"line":342},"30":{"name":"(anonymous_30)","decl":{"start":{"line":353,"column":27},"end":{"line":353,"column":28}},"loc":{"start":{"line":353,"column":44},"end":{"line":370,"column":5}},"line":353},"31":{"name":"(anonymous_31)","decl":{"start":{"line":360,"column":44},"end":{"line":360,"column":45}},"loc":{"start":{"line":360,"column":57},"end":{"line":362,"column":7}},"line":360},"32":{"name":"(anonymous_32)","decl":{"start":{"line":372,"column":24},"end":{"line":372,"column":25}},"loc":{"start":{"line":372,"column":42},"end":{"line":376,"column":5}},"line":372},"33":{"name":"(anonymous_33)","decl":{"start":{"line":378,"column":28},"end":{"line":378,"column":29}},"loc":{"start":{"line":378,"column":40},"end":{"line":457,"column":5}},"line":378},"34":{"name":"(anonymous_34)","decl":{"start":{"line":391,"column":41},"end":{"line":391,"column":42}},"loc":{"start":{"line":391,"column":54},"end":{"line":393,"column":11}},"line":391},"35":{"name":"(anonymous_35)","decl":{"start":{"line":428,"column":47},"end":{"line":428,"column":48}},"loc":{"start":{"line":428,"column":60},"end":{"line":430,"column":13}},"line":428},"36":{"name":"create","decl":{"start":{"line":461,"column":9},"end":{"line":461,"column":15}},"loc":{"start":{"line":461,"column":24},"end":{"line":485,"column":1}},"line":461},"37":{"name":"(anonymous_37)","decl":{"start":{"line":462,"column":28},"end":{"line":462,"column":29}},"loc":{"start":{"line":462,"column":55},"end":{"line":483,"column":3}},"line":462},"38":{"name":"(anonymous_38)","decl":{"start":{"line":464,"column":25},"end":{"line":464,"column":26}},"loc":{"start":{"line":464,"column":37},"end":{"line":482,"column":5}},"line":464},"39":{"name":"stop","decl":{"start":{"line":471,"column":26},"end":{"line":471,"column":30}},"loc":{"start":{"line":471,"column":35},"end":{"line":478,"column":7}},"line":471},"40":{"name":"(anonymous_40)","decl":{"start":{"line":473,"column":18},"end":{"line":473,"column":19}},"loc":{"start":{"line":473,"column":30},"end":{"line":475,"column":9}},"line":473}},"branchMap":{"0":{"loc":{"start":{"line":7,"column":247},"end":{"line":7,"column":281}},"type":"if","locations":[{"start":{"line":7,"column":247},"end":{"line":7,"column":281}},{"start":{},"end":{}}],"line":7},"1":{"loc":{"start":{"line":7,"column":251},"end":{"line":7,"column":273}},"type":"binary-expr","locations":[{"start":{"line":7,"column":251},"end":{"line":7,"column":252}},{"start":{"line":7,"column":256},"end":{"line":7,"column":273}}],"line":7},"2":{"loc":{"start":{"line":7,"column":339},"end":{"line":7,"column":379}},"type":"if","locations":[{"start":{"line":7,"column":339},"end":{"line":7,"column":379}},{"start":{},"end":{}}],"line":7},"3":{"loc":{"start":{"line":7,"column":343},"end":{"line":7,"column":362}},"type":"binary-expr","locations":[{"start":{"line":7,"column":343},"end":{"line":7,"column":346}},{"start":{"line":7,"column":350},"end":{"line":7,"column":362}}],"line":7},"4":{"loc":{"start":{"line":7,"column":392},"end":{"line":7,"column":409}},"type":"if","locations":[{"start":{"line":7,"column":392},"end":{"line":7,"column":409}},{"start":{},"end":{}}],"line":7},"5":{"loc":{"start":{"line":7,"column":456},"end":{"line":7,"column":656}},"type":"if","locations":[{"start":{"line":7,"column":456},"end":{"line":7,"column":656}},{"start":{"line":7,"column":501},"end":{"line":7,"column":656}}],"line":7},"6":{"loc":{"start":{"line":7,"column":501},"end":{"line":7,"column":656}},"type":"if","locations":[{"start":{"line":7,"column":501},"end":{"line":7,"column":656}},{"start":{"line":7,"column":576},"end":{"line":7,"column":656}}],"line":7},"7":{"loc":{"start":{"line":21,"column":46},"end":{"line":21,"column":92}},"type":"cond-expr","locations":[{"start":{"line":21,"column":70},"end":{"line":21,"column":73}},{"start":{"line":21,"column":76},"end":{"line":21,"column":92}}],"line":21},"8":{"loc":{"start":{"line":21,"column":46},"end":{"line":21,"column":67}},"type":"binary-expr","locations":[{"start":{"line":21,"column":46},"end":{"line":21,"column":49}},{"start":{"line":21,"column":53},"end":{"line":21,"column":67}}],"line":21},"9":{"loc":{"start":{"line":36,"column":15},"end":{"line":36,"column":88}},"type":"cond-expr","locations":[{"start":{"line":36,"column":42},"end":{"line":36,"column":66}},{"start":{"line":36,"column":69},"end":{"line":36,"column":88}}],"line":36},"10":{"loc":{"start":{"line":38,"column":6},"end":{"line":42,"column":7}},"type":"if","locations":[{"start":{"line":38,"column":6},"end":{"line":42,"column":7}},{"start":{},"end":{}}],"line":38},"11":{"loc":{"start":{"line":63,"column":2},"end":{"line":63,"column":28}},"type":"if","locations":[{"start":{"line":63,"column":2},"end":{"line":63,"column":28}},{"start":{},"end":{}}],"line":63},"12":{"loc":{"start":{"line":66,"column":11},"end":{"line":66,"column":39}},"type":"binary-expr","locations":[{"start":{"line":66,"column":11},"end":{"line":66,"column":24}},{"start":{"line":66,"column":28},"end":{"line":66,"column":39}}],"line":66},"13":{"loc":{"start":{"line":71,"column":2},"end":{"line":79,"column":3}},"type":"if","locations":[{"start":{"line":71,"column":2},"end":{"line":79,"column":3}},{"start":{},"end":{}}],"line":71},"14":{"loc":{"start":{"line":81,"column":2},"end":{"line":84,"column":3}},"type":"if","locations":[{"start":{"line":81,"column":2},"end":{"line":84,"column":3}},{"start":{},"end":{}}],"line":81},"15":{"loc":{"start":{"line":105,"column":6},"end":{"line":108,"column":7}},"type":"if","locations":[{"start":{"line":105,"column":6},"end":{"line":108,"column":7}},{"start":{},"end":{}}],"line":105},"16":{"loc":{"start":{"line":119,"column":6},"end":{"line":122,"column":7}},"type":"if","locations":[{"start":{"line":119,"column":6},"end":{"line":122,"column":7}},{"start":{},"end":{}}],"line":119},"17":{"loc":{"start":{"line":129,"column":6},"end":{"line":135,"column":7}},"type":"if","locations":[{"start":{"line":129,"column":6},"end":{"line":135,"column":7}},{"start":{},"end":{}}],"line":129},"18":{"loc":{"start":{"line":137,"column":6},"end":{"line":141,"column":7}},"type":"if","locations":[{"start":{"line":137,"column":6},"end":{"line":141,"column":7}},{"start":{},"end":{}}],"line":137},"19":{"loc":{"start":{"line":164,"column":6},"end":{"line":166,"column":7}},"type":"if","locations":[{"start":{"line":164,"column":6},"end":{"line":166,"column":7}},{"start":{},"end":{}}],"line":164},"20":{"loc":{"start":{"line":169,"column":20},"end":{"line":169,"column":58}},"type":"binary-expr","locations":[{"start":{"line":169,"column":20},"end":{"line":169,"column":29}},{"start":{"line":169,"column":33},"end":{"line":169,"column":58}}],"line":169},"21":{"loc":{"start":{"line":176,"column":6},"end":{"line":180,"column":7}},"type":"if","locations":[{"start":{"line":176,"column":6},"end":{"line":180,"column":7}},{"start":{},"end":{}}],"line":176},"22":{"loc":{"start":{"line":183,"column":6},"end":{"line":185,"column":7}},"type":"if","locations":[{"start":{"line":183,"column":6},"end":{"line":185,"column":7}},{"start":{},"end":{}}],"line":183},"23":{"loc":{"start":{"line":188,"column":6},"end":{"line":198,"column":7}},"type":"if","locations":[{"start":{"line":188,"column":6},"end":{"line":198,"column":7}},{"start":{},"end":{}}],"line":188},"24":{"loc":{"start":{"line":188,"column":10},"end":{"line":188,"column":44}},"type":"binary-expr","locations":[{"start":{"line":188,"column":10},"end":{"line":188,"column":17}},{"start":{"line":188,"column":21},"end":{"line":188,"column":44}}],"line":188},"25":{"loc":{"start":{"line":203,"column":21},"end":{"line":203,"column":54}},"type":"cond-expr","locations":[{"start":{"line":203,"column":33},"end":{"line":203,"column":47}},{"start":{"line":203,"column":50},"end":{"line":203,"column":54}}],"line":203},"26":{"loc":{"start":{"line":217,"column":6},"end":{"line":220,"column":7}},"type":"if","locations":[{"start":{"line":217,"column":6},"end":{"line":220,"column":7}},{"start":{},"end":{}}],"line":217},"27":{"loc":{"start":{"line":229,"column":6},"end":{"line":232,"column":7}},"type":"if","locations":[{"start":{"line":229,"column":6},"end":{"line":232,"column":7}},{"start":{},"end":{}}],"line":229},"28":{"loc":{"start":{"line":237,"column":6},"end":{"line":241,"column":7}},"type":"if","locations":[{"start":{"line":237,"column":6},"end":{"line":241,"column":7}},{"start":{},"end":{}}],"line":237},"29":{"loc":{"start":{"line":243,"column":6},"end":{"line":247,"column":7}},"type":"if","locations":[{"start":{"line":243,"column":6},"end":{"line":247,"column":7}},{"start":{},"end":{}}],"line":243},"30":{"loc":{"start":{"line":253,"column":6},"end":{"line":259,"column":7}},"type":"if","locations":[{"start":{"line":253,"column":6},"end":{"line":259,"column":7}},{"start":{},"end":{}}],"line":253},"31":{"loc":{"start":{"line":286,"column":6},"end":{"line":286,"column":24}},"type":"if","locations":[{"start":{"line":286,"column":6},"end":{"line":286,"column":24}},{"start":{},"end":{}}],"line":286},"32":{"loc":{"start":{"line":302,"column":6},"end":{"line":302,"column":24}},"type":"if","locations":[{"start":{"line":302,"column":6},"end":{"line":302,"column":24}},{"start":{},"end":{}}],"line":302},"33":{"loc":{"start":{"line":306,"column":6},"end":{"line":309,"column":7}},"type":"if","locations":[{"start":{"line":306,"column":6},"end":{"line":309,"column":7}},{"start":{},"end":{}}],"line":306},"34":{"loc":{"start":{"line":314,"column":25},"end":{"line":314,"column":64}},"type":"cond-expr","locations":[{"start":{"line":314,"column":39},"end":{"line":314,"column":57}},{"start":{"line":314,"column":60},"end":{"line":314,"column":64}}],"line":314},"35":{"loc":{"start":{"line":316,"column":6},"end":{"line":319,"column":7}},"type":"if","locations":[{"start":{"line":316,"column":6},"end":{"line":319,"column":7}},{"start":{},"end":{}}],"line":316},"36":{"loc":{"start":{"line":320,"column":6},"end":{"line":322,"column":7}},"type":"if","locations":[{"start":{"line":320,"column":6},"end":{"line":322,"column":7}},{"start":{},"end":{}}],"line":320},"37":{"loc":{"start":{"line":331,"column":6},"end":{"line":331,"column":24}},"type":"if","locations":[{"start":{"line":331,"column":6},"end":{"line":331,"column":24}},{"start":{},"end":{}}],"line":331},"38":{"loc":{"start":{"line":335,"column":6},"end":{"line":338,"column":7}},"type":"if","locations":[{"start":{"line":335,"column":6},"end":{"line":338,"column":7}},{"start":{},"end":{}}],"line":335},"39":{"loc":{"start":{"line":343,"column":8},"end":{"line":347,"column":9}},"type":"if","locations":[{"start":{"line":343,"column":8},"end":{"line":347,"column":9}},{"start":{},"end":{}}],"line":343},"40":{"loc":{"start":{"line":343,"column":12},"end":{"line":343,"column":68}},"type":"binary-expr","locations":[{"start":{"line":343,"column":12},"end":{"line":343,"column":29}},{"start":{"line":343,"column":33},"end":{"line":343,"column":46}},{"start":{"line":343,"column":50},"end":{"line":343,"column":68}}],"line":343},"41":{"loc":{"start":{"line":358,"column":6},"end":{"line":358,"column":24}},"type":"if","locations":[{"start":{"line":358,"column":6},"end":{"line":358,"column":24}},{"start":{},"end":{}}],"line":358},"42":{"loc":{"start":{"line":363,"column":6},"end":{"line":367,"column":7}},"type":"if","locations":[{"start":{"line":363,"column":6},"end":{"line":367,"column":7}},{"start":{},"end":{}}],"line":363},"43":{"loc":{"start":{"line":373,"column":6},"end":{"line":375,"column":7}},"type":"if","locations":[{"start":{"line":373,"column":6},"end":{"line":375,"column":7}},{"start":{},"end":{}}],"line":373},"44":{"loc":{"start":{"line":395,"column":10},"end":{"line":441,"column":11}},"type":"if","locations":[{"start":{"line":395,"column":10},"end":{"line":441,"column":11}},{"start":{},"end":{}}],"line":395},"45":{"loc":{"start":{"line":397,"column":26},"end":{"line":397,"column":68}},"type":"binary-expr","locations":[{"start":{"line":397,"column":26},"end":{"line":397,"column":35}},{"start":{"line":397,"column":39},"end":{"line":397,"column":68}}],"line":397},"46":{"loc":{"start":{"line":402,"column":12},"end":{"line":409,"column":13}},"type":"if","locations":[{"start":{"line":402,"column":12},"end":{"line":409,"column":13}},{"start":{},"end":{}}],"line":402},"47":{"loc":{"start":{"line":412,"column":12},"end":{"line":414,"column":13}},"type":"if","locations":[{"start":{"line":412,"column":12},"end":{"line":414,"column":13}},{"start":{},"end":{}}],"line":412},"48":{"loc":{"start":{"line":416,"column":12},"end":{"line":426,"column":13}},"type":"if","locations":[{"start":{"line":416,"column":12},"end":{"line":426,"column":13}},{"start":{},"end":{}}],"line":416},"49":{"loc":{"start":{"line":416,"column":16},"end":{"line":416,"column":50}},"type":"binary-expr","locations":[{"start":{"line":416,"column":16},"end":{"line":416,"column":23}},{"start":{"line":416,"column":27},"end":{"line":416,"column":50}}],"line":416},"50":{"loc":{"start":{"line":431,"column":27},"end":{"line":431,"column":60}},"type":"cond-expr","locations":[{"start":{"line":431,"column":39},"end":{"line":431,"column":53}},{"start":{"line":431,"column":56},"end":{"line":431,"column":60}}],"line":431},"51":{"loc":{"start":{"line":448,"column":10},"end":{"line":450,"column":11}},"type":"if","locations":[{"start":{"line":448,"column":10},"end":{"line":450,"column":11}},{"start":{},"end":{}}],"line":448},"52":{"loc":{"start":{"line":448,"column":14},"end":{"line":448,"column":60}},"type":"binary-expr","locations":[{"start":{"line":448,"column":14},"end":{"line":448,"column":40}},{"start":{"line":448,"column":44},"end":{"line":448,"column":60}}],"line":448},"53":{"loc":{"start":{"line":452,"column":10},"end":{"line":454,"column":11}},"type":"if","locations":[{"start":{"line":452,"column":10},"end":{"line":454,"column":11}},{"start":{},"end":{}}],"line":452}},"s":{"0":1,"1":1,"2":0,"3":0,"4":0,"5":0,"6":0,"7":0,"8":0,"9":0,"10":0,"11":0,"12":0,"13":0,"14":0,"15":0,"16":0,"17":0,"18":0,"19":0,"20":1,"21":47,"22":47,"23":0,"24":0,"25":0,"26":1,"27":1,"28":1,"29":1,"30":1,"31":1,"32":2,"33":1,"34":1,"35":1,"36":1,"37":1,"38":1,"39":2,"40":2,"41":2,"42":0,"43":0,"44":0,"45":0,"46":0,"47":0,"48":0,"49":0,"50":2,"51":2,"52":2,"53":2,"54":1,"55":33,"56":59,"57":1,"58":7,"59":2,"60":5,"61":10,"62":5,"63":5,"64":2,"65":2,"66":2,"67":2,"68":2,"69":3,"70":2,"71":2,"72":1,"73":1,"74":2,"75":22,"76":22,"77":22,"78":22,"79":22,"80":0,"81":0,"82":0,"83":22,"84":3,"85":1,"86":1,"87":2,"88":2,"89":2,"90":22,"91":16,"92":16,"93":16,"94":8,"95":8,"96":16,"97":16,"98":13,"99":16,"100":3,"101":3,"102":3,"103":13,"104":0,"105":0,"106":0,"107":13,"108":13,"109":13,"110":13,"111":19,"112":13,"113":13,"114":13,"115":22,"116":2,"117":2,"118":2,"119":0,"120":2,"121":2,"122":2,"123":2,"124":2,"125":2,"126":1,"127":1,"128":1,"129":1,"130":1,"131":0,"132":1,"133":1,"134":1,"135":1,"136":1,"137":1,"138":1,"139":1,"140":1,"141":1,"142":1,"143":22,"144":0,"145":0,"146":0,"147":0,"148":22,"149":4,"150":4,"151":4,"152":4,"153":0,"154":0,"155":4,"156":4,"157":4,"158":0,"159":0,"160":0,"161":4,"162":0,"163":0,"164":0,"165":4,"166":7,"167":4,"168":0,"169":0,"170":0,"171":4,"172":4,"173":4,"174":4,"175":4,"176":4,"177":4,"178":4,"179":22,"180":2,"181":2,"182":2,"183":2,"184":2,"185":1,"186":1,"187":22,"188":2,"189":2,"190":2,"191":2,"192":0,"193":2,"194":2,"195":2,"196":1,"197":1,"198":1,"199":1,"200":1,"201":1,"202":1,"203":0,"204":0,"205":1,"206":1,"207":22,"208":3,"209":3,"210":3,"211":3,"212":3,"213":1,"214":2,"215":2,"216":1,"217":1,"218":1,"219":1,"220":3,"221":2,"222":1,"223":22,"224":3,"225":3,"226":3,"227":3,"228":1,"229":2,"230":5,"231":2,"232":2,"233":2,"234":2,"235":2,"236":22,"237":1,"238":1,"239":22,"240":22,"241":22,"242":22,"243":22,"244":22,"245":22,"246":22,"247":47,"248":47,"249":47,"250":47,"251":12,"252":47,"253":11,"254":11,"255":11,"256":11,"257":11,"258":7,"259":7,"260":7,"261":7,"262":7,"263":4,"264":4,"265":3,"266":4,"267":3,"268":3,"269":3,"270":3,"271":4,"272":5,"273":4,"274":4,"275":4,"276":4,"277":0,"278":0,"279":22,"280":22,"281":0,"282":22,"283":0,"284":2,"285":2,"286":2,"287":2,"288":2,"289":2,"290":2,"291":2,"292":2,"293":2,"294":2,"295":2,"296":2},"f":{"0":1,"1":0,"2":47,"3":2,"4":2,"5":0,"6":0,"7":2,"8":33,"9":59,"10":7,"11":10,"12":2,"13":22,"14":0,"15":3,"16":16,"17":13,"18":19,"19":2,"20":1,"21":0,"22":4,"23":4,"24":7,"25":2,"26":2,"27":1,"28":3,"29":3,"30":3,"31":5,"32":1,"33":22,"34":12,"35":5,"36":2,"37":2,"38":2,"39":2,"40":2},"b":{"0":[0,0],"1":[0,0],"2":[0,0],"3":[0,0],"4":[0,0],"5":[47,0],"6":[0,0],"7":[0,2],"8":[2,2],"9":[0,0],"10":[0,0],"11":[2,5],"12":[10,4],"13":[2,3],"14":[2,1],"15":[1,2],"16":[8,8],"17":[3,13],"18":[0,13],"19":[0,2],"20":[2,2],"21":[1,1],"22":[0,1],"23":[1,0],"24":[1,1],"25":[1,0],"26":[0,0],"27":[0,4],"28":[0,4],"29":[0,4],"30":[0,4],"31":[1,1],"32":[0,2],"33":[1,1],"34":[1,0],"35":[0,1],"36":[1,0],"37":[1,2],"38":[1,1],"39":[2,1],"40":[3,2,2],"41":[1,2],"42":[2,0],"43":[1,0],"44":[11,36],"45":[11,11],"46":[7,4],"47":[3,1],"48":[3,1],"49":[4,3],"50":[4,0],"51":[0,22],"52":[22,11],"53":[0,22]},"_coverageSchema":"1a1c01bbd47fc00a2c39e90264f33305004495a9","hash":"0786cdf5f32d727096aae19d00b5fd0440e1100a"},"/home/jeepark/red-tetris/src/server/models/Game.js":{"path":"/home/jeepark/red-tetris/src/server/models/Game.js","statementMap":{"0":{"start":{"line":3,"column":13},"end":{"line":3,"column":29}},"1":{"start":{"line":5,"column":14},"end":{"line":5,"column":44}},"2":{"start":{"line":7,"column":39},"end":{"line":7,"column":93}},"3":{"start":{"line":9,"column":35},"end":{"line":9,"column":193}},"4":{"start":{"line":9,"column":61},"end":{"line":9,"column":145}},"5":{"start":{"line":9,"column":74},"end":{"line":9,"column":75}},"6":{"start":{"line":9,"column":84},"end":{"line":9,"column":101}},"7":{"start":{"line":9,"column":126},"end":{"line":9,"column":143}},"8":{"start":{"line":9,"column":146},"end":{"line":9,"column":158}},"9":{"start":{"line":9,"column":168},"end":{"line":9,"column":191}},"10":{"start":{"line":11,"column":14},"end":{"line":11,"column":49}},"11":{"start":{"line":13,"column":15},"end":{"line":13,"column":33}},"12":{"start":{"line":14,"column":10},"end":{"line":14,"column":22}},"13":{"start":{"line":16,"column":12},"end":{"line":16,"column":30}},"14":{"start":{"line":17,"column":17},"end":{"line":17,"column":52}},"15":{"start":{"line":20,"column":21},"end":{"line":20,"column":23}},"16":{"start":{"line":23,"column":2},"end":{"line":23,"column":19}},"17":{"start":{"line":24,"column":2},"end":{"line":24,"column":20}},"18":{"start":{"line":25,"column":2},"end":{"line":25,"column":19}},"19":{"start":{"line":26,"column":2},"end":{"line":26,"column":23}},"20":{"start":{"line":27,"column":2},"end":{"line":27,"column":23}},"21":{"start":{"line":30,"column":2},"end":{"line":30,"column":27}},"22":{"start":{"line":31,"column":2},"end":{"line":31,"column":37}},"23":{"start":{"line":32,"column":2},"end":{"line":32,"column":23}},"24":{"start":{"line":35,"column":0},"end":{"line":53,"column":2}},"25":{"start":{"line":36,"column":2},"end":{"line":47,"column":3}},"26":{"start":{"line":38,"column":4},"end":{"line":38,"column":58}},"27":{"start":{"line":41,"column":4},"end":{"line":46,"column":5}},"28":{"start":{"line":41,"column":17},"end":{"line":41,"column":43}},"29":{"start":{"line":42,"column":14},"end":{"line":42,"column":46}},"30":{"start":{"line":43,"column":17},"end":{"line":43,"column":57}},"31":{"start":{"line":44,"column":6},"end":{"line":44,"column":35}},"32":{"start":{"line":45,"column":6},"end":{"line":45,"column":35}},"33":{"start":{"line":49,"column":13},"end":{"line":49,"column":34}},"34":{"start":{"line":50,"column":14},"end":{"line":50,"column":29}},"35":{"start":{"line":51,"column":2},"end":{"line":51,"column":30}},"36":{"start":{"line":52,"column":2},"end":{"line":52,"column":15}},"37":{"start":{"line":59,"column":0},"end":{"line":67,"column":2}},"38":{"start":{"line":60,"column":19},"end":{"line":60,"column":58}},"39":{"start":{"line":62,"column":2},"end":{"line":64,"column":3}},"40":{"start":{"line":63,"column":4},"end":{"line":63,"column":29}},"41":{"start":{"line":66,"column":2},"end":{"line":66,"column":94}},"42":{"start":{"line":69,"column":0},"end":{"line":81,"column":2}},"43":{"start":{"line":71,"column":14},"end":{"line":71,"column":15}},"44":{"start":{"line":72,"column":2},"end":{"line":74,"column":3}},"45":{"start":{"line":72,"column":15},"end":{"line":72,"column":16}},"46":{"start":{"line":73,"column":4},"end":{"line":73,"column":59}},"47":{"start":{"line":77,"column":2},"end":{"line":80,"column":4}},"48":{"start":{"line":78,"column":4},"end":{"line":78,"column":44}},"49":{"start":{"line":79,"column":4},"end":{"line":79,"column":26}},"50":{"start":{"line":83,"column":0},"end":{"line":88,"column":2}},"51":{"start":{"line":84,"column":2},"end":{"line":84,"column":28}},"52":{"start":{"line":85,"column":2},"end":{"line":87,"column":3}},"53":{"start":{"line":86,"column":4},"end":{"line":86,"column":23}},"54":{"start":{"line":90,"column":0},"end":{"line":101,"column":2}},"55":{"start":{"line":91,"column":2},"end":{"line":96,"column":3}},"56":{"start":{"line":92,"column":18},"end":{"line":92,"column":33}},"57":{"start":{"line":93,"column":4},"end":{"line":93,"column":24}},"58":{"start":{"line":94,"column":4},"end":{"line":94,"column":55}},"59":{"start":{"line":95,"column":4},"end":{"line":95,"column":19}},"60":{"start":{"line":98,"column":2},"end":{"line":98,"column":19}},"61":{"start":{"line":99,"column":2},"end":{"line":99,"column":40}},"62":{"start":{"line":100,"column":2},"end":{"line":100,"column":14}},"63":{"start":{"line":103,"column":0},"end":{"line":121,"column":2}},"64":{"start":{"line":104,"column":16},"end":{"line":104,"column":58}},"65":{"start":{"line":106,"column":2},"end":{"line":108,"column":5}},"66":{"start":{"line":107,"column":4},"end":{"line":107,"column":33}},"67":{"start":{"line":109,"column":2},"end":{"line":109,"column":120}},"68":{"start":{"line":111,"column":16},"end":{"line":111,"column":20}},"69":{"start":{"line":112,"column":2},"end":{"line":114,"column":3}},"70":{"start":{"line":113,"column":4},"end":{"line":113,"column":34}},"71":{"start":{"line":116,"column":2},"end":{"line":120,"column":4}},"72":{"start":{"line":123,"column":0},"end":{"line":125,"column":2}},"73":{"start":{"line":124,"column":2},"end":{"line":124,"column":43}},"74":{"start":{"line":127,"column":0},"end":{"line":131,"column":2}},"75":{"start":{"line":128,"column":2},"end":{"line":130,"column":5}},"76":{"start":{"line":129,"column":4},"end":{"line":129,"column":18}},"77":{"start":{"line":133,"column":0},"end":{"line":141,"column":2}},"78":{"start":{"line":134,"column":15},"end":{"line":136,"column":4}},"79":{"start":{"line":135,"column":4},"end":{"line":135,"column":33}},"80":{"start":{"line":137,"column":2},"end":{"line":137,"column":27}},"81":{"start":{"line":137,"column":15},"end":{"line":137,"column":27}},"82":{"start":{"line":139,"column":14},"end":{"line":139,"column":31}},"83":{"start":{"line":140,"column":2},"end":{"line":140,"column":40}},"84":{"start":{"line":143,"column":0},"end":{"line":145,"column":2}},"85":{"start":{"line":144,"column":2},"end":{"line":144,"column":61}},"86":{"start":{"line":147,"column":0},"end":{"line":151,"column":2}},"87":{"start":{"line":148,"column":2},"end":{"line":150,"column":5}},"88":{"start":{"line":149,"column":4},"end":{"line":149,"column":25}},"89":{"start":{"line":153,"column":0},"end":{"line":179,"column":2}},"90":{"start":{"line":154,"column":15},"end":{"line":156,"column":4}},"91":{"start":{"line":155,"column":4},"end":{"line":155,"column":33}},"92":{"start":{"line":157,"column":2},"end":{"line":157,"column":27}},"93":{"start":{"line":157,"column":15},"end":{"line":157,"column":27}},"94":{"start":{"line":159,"column":2},"end":{"line":159,"column":22}},"95":{"start":{"line":164,"column":17},"end":{"line":166,"column":6}},"96":{"start":{"line":165,"column":4},"end":{"line":165,"column":24}},"97":{"start":{"line":167,"column":21},"end":{"line":167,"column":46}},"98":{"start":{"line":170,"column":2},"end":{"line":173,"column":3}},"99":{"start":{"line":171,"column":19},"end":{"line":171,"column":43}},"100":{"start":{"line":172,"column":4},"end":{"line":172,"column":100}},"101":{"start":{"line":175,"column":2},"end":{"line":175,"column":172}},"102":{"start":{"line":177,"column":21},"end":{"line":177,"column":55}},"103":{"start":{"line":178,"column":2},"end":{"line":178,"column":56}},"104":{"start":{"line":181,"column":0},"end":{"line":196,"column":2}},"105":{"start":{"line":182,"column":2},"end":{"line":182,"column":22}},"106":{"start":{"line":183,"column":2},"end":{"line":183,"column":23}},"107":{"start":{"line":184,"column":2},"end":{"line":184,"column":23}},"108":{"start":{"line":185,"column":2},"end":{"line":189,"column":5}},"109":{"start":{"line":186,"column":4},"end":{"line":186,"column":21}},"110":{"start":{"line":187,"column":4},"end":{"line":187,"column":25}},"111":{"start":{"line":188,"column":4},"end":{"line":188,"column":23}},"112":{"start":{"line":193,"column":2},"end":{"line":193,"column":24}},"113":{"start":{"line":195,"column":2},"end":{"line":195,"column":90}},"114":{"start":{"line":198,"column":0},"end":{"line":198,"column":22}}},"fnMap":{"0":{"name":"_interopRequireDefault","decl":{"start":{"line":7,"column":9},"end":{"line":7,"column":31}},"loc":{"start":{"line":7,"column":37},"end":{"line":7,"column":95}},"line":7},"1":{"name":"_toConsumableArray","decl":{"start":{"line":9,"column":9},"end":{"line":9,"column":27}},"loc":{"start":{"line":9,"column":33},"end":{"line":9,"column":195}},"line":9},"2":{"name":"Game","decl":{"start":{"line":22,"column":9},"end":{"line":22,"column":13}},"loc":{"start":{"line":22,"column":26},"end":{"line":33,"column":1}},"line":22},"3":{"name":"(anonymous_3)","decl":{"start":{"line":35,"column":35},"end":{"line":35,"column":36}},"loc":{"start":{"line":35,"column":47},"end":{"line":53,"column":1}},"line":35},"4":{"name":"(anonymous_4)","decl":{"start":{"line":59,"column":32},"end":{"line":59,"column":33}},"loc":{"start":{"line":59,"column":44},"end":{"line":67,"column":1}},"line":59},"5":{"name":"(anonymous_5)","decl":{"start":{"line":69,"column":25},"end":{"line":69,"column":26}},"loc":{"start":{"line":69,"column":41},"end":{"line":81,"column":1}},"line":69},"6":{"name":"(anonymous_6)","decl":{"start":{"line":77,"column":9},"end":{"line":77,"column":10}},"loc":{"start":{"line":77,"column":21},"end":{"line":80,"column":3}},"line":77},"7":{"name":"(anonymous_7)","decl":{"start":{"line":83,"column":27},"end":{"line":83,"column":28}},"loc":{"start":{"line":83,"column":45},"end":{"line":88,"column":1}},"line":83},"8":{"name":"(anonymous_8)","decl":{"start":{"line":90,"column":30},"end":{"line":90,"column":31}},"loc":{"start":{"line":90,"column":42},"end":{"line":101,"column":1}},"line":90},"9":{"name":"(anonymous_9)","decl":{"start":{"line":103,"column":30},"end":{"line":103,"column":31}},"loc":{"start":{"line":103,"column":52},"end":{"line":121,"column":1}},"line":103},"10":{"name":"(anonymous_10)","decl":{"start":{"line":106,"column":37},"end":{"line":106,"column":38}},"loc":{"start":{"line":106,"column":50},"end":{"line":108,"column":3}},"line":106},"11":{"name":"(anonymous_11)","decl":{"start":{"line":123,"column":29},"end":{"line":123,"column":30}},"loc":{"start":{"line":123,"column":41},"end":{"line":125,"column":1}},"line":123},"12":{"name":"(anonymous_12)","decl":{"start":{"line":127,"column":32},"end":{"line":127,"column":33}},"loc":{"start":{"line":127,"column":44},"end":{"line":131,"column":1}},"line":127},"13":{"name":"(anonymous_13)","decl":{"start":{"line":128,"column":26},"end":{"line":128,"column":27}},"loc":{"start":{"line":128,"column":39},"end":{"line":130,"column":3}},"line":128},"14":{"name":"(anonymous_14)","decl":{"start":{"line":133,"column":39},"end":{"line":133,"column":40}},"loc":{"start":{"line":133,"column":61},"end":{"line":141,"column":1}},"line":133},"15":{"name":"(anonymous_15)","decl":{"start":{"line":134,"column":33},"end":{"line":134,"column":34}},"loc":{"start":{"line":134,"column":46},"end":{"line":136,"column":3}},"line":134},"16":{"name":"(anonymous_16)","decl":{"start":{"line":143,"column":30},"end":{"line":143,"column":31}},"loc":{"start":{"line":143,"column":42},"end":{"line":145,"column":1}},"line":143},"17":{"name":"(anonymous_17)","decl":{"start":{"line":147,"column":31},"end":{"line":147,"column":32}},"loc":{"start":{"line":147,"column":43},"end":{"line":151,"column":1}},"line":147},"18":{"name":"(anonymous_18)","decl":{"start":{"line":148,"column":29},"end":{"line":148,"column":30}},"loc":{"start":{"line":148,"column":42},"end":{"line":150,"column":3}},"line":148},"19":{"name":"(anonymous_19)","decl":{"start":{"line":153,"column":37},"end":{"line":153,"column":38}},"loc":{"start":{"line":153,"column":59},"end":{"line":179,"column":1}},"line":153},"20":{"name":"(anonymous_20)","decl":{"start":{"line":154,"column":33},"end":{"line":154,"column":34}},"loc":{"start":{"line":154,"column":46},"end":{"line":156,"column":3}},"line":154},"21":{"name":"(anonymous_21)","decl":{"start":{"line":164,"column":74},"end":{"line":164,"column":75}},"loc":{"start":{"line":164,"column":87},"end":{"line":166,"column":3}},"line":164},"22":{"name":"(anonymous_22)","decl":{"start":{"line":181,"column":23},"end":{"line":181,"column":24}},"loc":{"start":{"line":181,"column":35},"end":{"line":196,"column":1}},"line":181},"23":{"name":"(anonymous_23)","decl":{"start":{"line":185,"column":23},"end":{"line":185,"column":24}},"loc":{"start":{"line":185,"column":36},"end":{"line":189,"column":3}},"line":185}},"branchMap":{"0":{"loc":{"start":{"line":7,"column":46},"end":{"line":7,"column":92}},"type":"cond-expr","locations":[{"start":{"line":7,"column":70},"end":{"line":7,"column":73}},{"start":{"line":7,"column":76},"end":{"line":7,"column":92}}],"line":7},"1":{"loc":{"start":{"line":7,"column":46},"end":{"line":7,"column":67}},"type":"binary-expr","locations":[{"start":{"line":7,"column":46},"end":{"line":7,"column":49}},{"start":{"line":7,"column":53},"end":{"line":7,"column":67}}],"line":7},"2":{"loc":{"start":{"line":9,"column":35},"end":{"line":9,"column":193}},"type":"if","locations":[{"start":{"line":9,"column":35},"end":{"line":9,"column":193}},{"start":{"line":9,"column":166},"end":{"line":9,"column":193}}],"line":9},"3":{"loc":{"start":{"line":30,"column":14},"end":{"line":30,"column":26}},"type":"binary-expr","locations":[{"start":{"line":30,"column":14},"end":{"line":30,"column":18}},{"start":{"line":30,"column":22},"end":{"line":30,"column":26}}],"line":30},"4":{"loc":{"start":{"line":36,"column":2},"end":{"line":47,"column":3}},"type":"if","locations":[{"start":{"line":36,"column":2},"end":{"line":47,"column":3}},{"start":{},"end":{}}],"line":36},"5":{"loc":{"start":{"line":85,"column":2},"end":{"line":87,"column":3}},"type":"if","locations":[{"start":{"line":85,"column":2},"end":{"line":87,"column":3}},{"start":{},"end":{}}],"line":85},"6":{"loc":{"start":{"line":91,"column":2},"end":{"line":96,"column":3}},"type":"if","locations":[{"start":{"line":91,"column":2},"end":{"line":96,"column":3}},{"start":{},"end":{}}],"line":91},"7":{"loc":{"start":{"line":104,"column":16},"end":{"line":104,"column":58}},"type":"binary-expr","locations":[{"start":{"line":104,"column":16},"end":{"line":104,"column":25}},{"start":{"line":104,"column":29},"end":{"line":104,"column":58}}],"line":104},"8":{"loc":{"start":{"line":112,"column":2},"end":{"line":114,"column":3}},"type":"if","locations":[{"start":{"line":112,"column":2},"end":{"line":114,"column":3}},{"start":{},"end":{}}],"line":112},"9":{"loc":{"start":{"line":124,"column":9},"end":{"line":124,"column":42}},"type":"cond-expr","locations":[{"start":{"line":124,"column":21},"end":{"line":124,"column":35}},{"start":{"line":124,"column":38},"end":{"line":124,"column":42}}],"line":124},"10":{"loc":{"start":{"line":137,"column":2},"end":{"line":137,"column":27}},"type":"if","locations":[{"start":{"line":137,"column":2},"end":{"line":137,"column":27}},{"start":{},"end":{}}],"line":137},"11":{"loc":{"start":{"line":140,"column":9},"end":{"line":140,"column":39}},"type":"binary-expr","locations":[{"start":{"line":140,"column":9},"end":{"line":140,"column":31}},{"start":{"line":140,"column":35},"end":{"line":140,"column":39}}],"line":140},"12":{"loc":{"start":{"line":144,"column":9},"end":{"line":144,"column":60}},"type":"binary-expr","locations":[{"start":{"line":144,"column":9},"end":{"line":144,"column":52}},{"start":{"line":144,"column":56},"end":{"line":144,"column":60}}],"line":144},"13":{"loc":{"start":{"line":157,"column":2},"end":{"line":157,"column":27}},"type":"if","locations":[{"start":{"line":157,"column":2},"end":{"line":157,"column":27}},{"start":{},"end":{}}],"line":157},"14":{"loc":{"start":{"line":178,"column":9},"end":{"line":178,"column":55}},"type":"cond-expr","locations":[{"start":{"line":178,"column":24},"end":{"line":178,"column":48}},{"start":{"line":178,"column":51},"end":{"line":178,"column":55}}],"line":178}},"s":{"0":1,"1":1,"2":1,"3":3,"4":3,"5":3,"6":3,"7":5,"8":3,"9":0,"10":1,"11":1,"12":1,"13":1,"14":1,"15":1,"16":48,"17":48,"18":48,"19":48,"20":48,"21":48,"22":48,"23":48,"24":1,"25":183,"26":37,"27":37,"28":37,"29":222,"30":222,"31":222,"32":222,"33":183,"34":183,"35":183,"36":183,"37":1,"38":8,"39":8,"40":80,"41":8,"42":1,"43":48,"44":48,"45":48,"46":559,"47":48,"48":262,"49":262,"50":1,"51":36,"52":36,"53":25,"54":1,"55":15,"56":6,"57":6,"58":6,"59":6,"60":9,"61":9,"62":9,"63":1,"64":17,"65":17,"66":26,"67":17,"68":17,"69":17,"70":15,"71":17,"72":1,"73":2,"74":1,"75":1,"76":2,"77":1,"78":1,"79":1,"80":1,"81":0,"82":1,"83":1,"84":1,"85":1,"86":1,"87":1,"88":2,"89":1,"90":4,"91":4,"92":4,"93":1,"94":3,"95":3,"96":5,"97":3,"98":3,"99":22,"100":22,"101":3,"102":3,"103":3,"104":1,"105":7,"106":7,"107":7,"108":7,"109":10,"110":10,"111":10,"112":7,"113":7,"114":1},"f":{"0":1,"1":3,"2":48,"3":183,"4":8,"5":48,"6":262,"7":36,"8":15,"9":17,"10":26,"11":2,"12":1,"13":2,"14":1,"15":1,"16":1,"17":1,"18":2,"19":4,"20":4,"21":5,"22":7,"23":10},"b":{"0":[0,1],"1":[1,1],"2":[3,0],"3":[48,33],"4":[37,146],"5":[25,11],"6":[6,9],"7":[17,17],"8":[15,2],"9":[1,1],"10":[0,1],"11":[1,0],"12":[1,0],"13":[1,3],"14":[3,0]},"_coverageSchema":"1a1c01bbd47fc00a2c39e90264f33305004495a9","hash":"1c165bd6971cf5cb04f937d0354b1435225151a9"},"/home/jeepark/red-tetris/src/server/models/Piece.js":{"path":"/home/jeepark/red-tetris/src/server/models/Piece.js","statementMap":{"0":{"start":{"line":3,"column":19},"end":{"line":3,"column":563}},"1":{"start":{"line":3,"column":76},"end":{"line":3,"column":347}},"2":{"start":{"line":3,"column":89},"end":{"line":3,"column":90}},"3":{"start":{"line":3,"column":134},"end":{"line":3,"column":142}},"4":{"start":{"line":3,"column":144},"end":{"line":3,"column":199}},"5":{"start":{"line":3,"column":200},"end":{"line":3,"column":231}},"6":{"start":{"line":3,"column":232},"end":{"line":3,"column":286}},"7":{"start":{"line":3,"column":259},"end":{"line":3,"column":286}},"8":{"start":{"line":3,"column":287},"end":{"line":3,"column":345}},"9":{"start":{"line":3,"column":350},"end":{"line":3,"column":559}},"10":{"start":{"line":3,"column":407},"end":{"line":3,"column":475}},"11":{"start":{"line":3,"column":423},"end":{"line":3,"column":475}},"12":{"start":{"line":3,"column":476},"end":{"line":3,"column":536}},"13":{"start":{"line":3,"column":493},"end":{"line":3,"column":536}},"14":{"start":{"line":3,"column":537},"end":{"line":3,"column":556}},"15":{"start":{"line":5,"column":50},"end":{"line":5,"column":151}},"16":{"start":{"line":5,"column":92},"end":{"line":5,"column":149}},"17":{"start":{"line":7,"column":12},"end":{"line":22,"column":3}},"18":{"start":{"line":9,"column":4},"end":{"line":9,"column":33}},"19":{"start":{"line":11,"column":4},"end":{"line":11,"column":21}},"20":{"start":{"line":14,"column":2},"end":{"line":19,"column":6}},"21":{"start":{"line":17,"column":6},"end":{"line":17,"column":33}},"22":{"start":{"line":21,"column":2},"end":{"line":21,"column":15}},"23":{"start":{"line":24,"column":0},"end":{"line":24,"column":23}}},"fnMap":{"0":{"name":"(anonymous_0)","decl":{"start":{"line":3,"column":19},"end":{"line":3,"column":20}},"loc":{"start":{"line":3,"column":31},"end":{"line":3,"column":561}},"line":3},"1":{"name":"defineProperties","decl":{"start":{"line":3,"column":42},"end":{"line":3,"column":58}},"loc":{"start":{"line":3,"column":74},"end":{"line":3,"column":349}},"line":3},"2":{"name":"(anonymous_2)","decl":{"start":{"line":3,"column":357},"end":{"line":3,"column":358}},"loc":{"start":{"line":3,"column":405},"end":{"line":3,"column":558}},"line":3},"3":{"name":"_classCallCheck","decl":{"start":{"line":5,"column":9},"end":{"line":5,"column":24}},"loc":{"start":{"line":5,"column":48},"end":{"line":5,"column":153}},"line":5},"4":{"name":"(anonymous_4)","decl":{"start":{"line":7,"column":12},"end":{"line":7,"column":13}},"loc":{"start":{"line":7,"column":24},"end":{"line":22,"column":1}},"line":7},"5":{"name":"Piece","decl":{"start":{"line":8,"column":11},"end":{"line":8,"column":16}},"loc":{"start":{"line":8,"column":23},"end":{"line":12,"column":3}},"line":8},"6":{"name":"serialize","decl":{"start":{"line":16,"column":20},"end":{"line":16,"column":29}},"loc":{"start":{"line":16,"column":32},"end":{"line":18,"column":5}},"line":16}},"branchMap":{"0":{"loc":{"start":{"line":3,"column":168},"end":{"line":3,"column":198}},"type":"binary-expr","locations":[{"start":{"line":3,"column":168},"end":{"line":3,"column":189}},{"start":{"line":3,"column":193},"end":{"line":3,"column":198}}],"line":3},"1":{"loc":{"start":{"line":3,"column":232},"end":{"line":3,"column":286}},"type":"if","locations":[{"start":{"line":3,"column":232},"end":{"line":3,"column":286}},{"start":{},"end":{}}],"line":3},"2":{"loc":{"start":{"line":3,"column":407},"end":{"line":3,"column":475}},"type":"if","locations":[{"start":{"line":3,"column":407},"end":{"line":3,"column":475}},{"start":{},"end":{}}],"line":3},"3":{"loc":{"start":{"line":3,"column":476},"end":{"line":3,"column":536}},"type":"if","locations":[{"start":{"line":3,"column":476},"end":{"line":3,"column":536}},{"start":{},"end":{}}],"line":3},"4":{"loc":{"start":{"line":5,"column":50},"end":{"line":5,"column":151}},"type":"if","locations":[{"start":{"line":5,"column":50},"end":{"line":5,"column":151}},{"start":{},"end":{}}],"line":5}},"s":{"0":1,"1":1,"2":1,"3":1,"4":1,"5":1,"6":1,"7":1,"8":1,"9":1,"10":1,"11":1,"12":1,"13":0,"14":1,"15":183,"16":0,"17":1,"18":183,"19":183,"20":1,"21":13,"22":1,"23":1},"f":{"0":1,"1":1,"2":1,"3":183,"4":1,"5":183,"6":13},"b":{"0":[1,1],"1":[1,0],"2":[1,0],"3":[0,1],"4":[0,183]},"_coverageSchema":"1a1c01bbd47fc00a2c39e90264f33305004495a9","hash":"b7ef8ac0e365ae2849740d2f5221342075f0b472"},"/home/jeepark/red-tetris/src/server/models/Player.js":{"path":"/home/jeepark/red-tetris/src/server/models/Player.js","statementMap":{"0":{"start":{"line":4,"column":2},"end":{"line":4,"column":23}},"1":{"start":{"line":5,"column":2},"end":{"line":5,"column":19}},"2":{"start":{"line":6,"column":2},"end":{"line":6,"column":17}},"3":{"start":{"line":7,"column":2},"end":{"line":7,"column":22}},"4":{"start":{"line":8,"column":2},"end":{"line":8,"column":25}},"5":{"start":{"line":9,"column":2},"end":{"line":9,"column":26}},"6":{"start":{"line":12,"column":0},"end":{"line":12,"column":24}}},"fnMap":{"0":{"name":"Player","decl":{"start":{"line":3,"column":9},"end":{"line":3,"column":15}},"loc":{"start":{"line":3,"column":30},"end":{"line":10,"column":1}},"line":3}},"branchMap":{},"s":{"0":13,"1":13,"2":13,"3":13,"4":13,"5":13,"6":1},"f":{"0":13},"b":{},"_coverageSchema":"1a1c01bbd47fc00a2c39e90264f33305004495a9","hash":"abe1b0d06d958e62cd5027aaa907751788e1622f"},"/home/jeepark/red-tetris/src/client/reducers/index.js":{"path":"/home/jeepark/red-tetris/src/client/reducers/index.js","statementMap":{"0":{"start":{"line":3,"column":0},"end":{"line":5,"column":3}},"1":{"start":{"line":7,"column":13},"end":{"line":7,"column":31}},"2":{"start":{"line":9,"column":14},"end":{"line":9,"column":44}},"3":{"start":{"line":11,"column":39},"end":{"line":11,"column":93}},"4":{"start":{"line":13,"column":0},"end":{"line":13,"column":34}}},"fnMap":{"0":{"name":"_interopRequireDefault","decl":{"start":{"line":11,"column":9},"end":{"line":11,"column":31}},"loc":{"start":{"line":11,"column":37},"end":{"line":11,"column":95}},"line":11}},"branchMap":{"0":{"loc":{"start":{"line":11,"column":46},"end":{"line":11,"column":92}},"type":"cond-expr","locations":[{"start":{"line":11,"column":70},"end":{"line":11,"column":73}},{"start":{"line":11,"column":76},"end":{"line":11,"column":92}}],"line":11},"1":{"loc":{"start":{"line":11,"column":46},"end":{"line":11,"column":67}},"type":"binary-expr","locations":[{"start":{"line":11,"column":46},"end":{"line":11,"column":49}},{"start":{"line":11,"column":53},"end":{"line":11,"column":67}}],"line":11}},"s":{"0":1,"1":1,"2":1,"3":1,"4":1},"f":{"0":1},"b":{"0":[1,0],"1":[1,1]},"_coverageSchema":"1a1c01bbd47fc00a2c39e90264f33305004495a9","hash":"7b7ddc2f8a8c5e23c0091f31f150e8a2536ddb98"},"/home/jeepark/red-tetris/src/client/reducers/alert.js":{"path":"/home/jeepark/red-tetris/src/client/reducers/alert.js","statementMap":{"0":{"start":{"line":3,"column":0},"end":{"line":5,"column":3}},"1":{"start":{"line":7,"column":13},"end":{"line":7,"column":40}},"2":{"start":{"line":9,"column":14},"end":{"line":19,"column":1}},"3":{"start":{"line":10,"column":14},"end":{"line":10,"column":84}},"4":{"start":{"line":11,"column":15},"end":{"line":11,"column":27}},"5":{"start":{"line":13,"column":2},"end":{"line":18,"column":3}},"6":{"start":{"line":15,"column":6},"end":{"line":15,"column":41}},"7":{"start":{"line":17,"column":6},"end":{"line":17,"column":19}},"8":{"start":{"line":21,"column":0},"end":{"line":21,"column":26}}},"fnMap":{"0":{"name":"reducer","decl":{"start":{"line":9,"column":23},"end":{"line":9,"column":30}},"loc":{"start":{"line":9,"column":33},"end":{"line":19,"column":1}},"line":9}},"branchMap":{"0":{"loc":{"start":{"line":10,"column":14},"end":{"line":10,"column":84}},"type":"cond-expr","locations":[{"start":{"line":10,"column":67},"end":{"line":10,"column":79}},{"start":{"line":10,"column":82},"end":{"line":10,"column":84}}],"line":10},"1":{"loc":{"start":{"line":10,"column":14},"end":{"line":10,"column":64}},"type":"binary-expr","locations":[{"start":{"line":10,"column":14},"end":{"line":10,"column":34}},{"start":{"line":10,"column":38},"end":{"line":10,"column":64}}],"line":10},"2":{"loc":{"start":{"line":13,"column":2},"end":{"line":18,"column":3}},"type":"switch","locations":[{"start":{"line":14,"column":4},"end":{"line":15,"column":41}},{"start":{"line":16,"column":4},"end":{"line":17,"column":19}}],"line":13}},"s":{"0":1,"1":1,"2":1,"3":5,"4":5,"5":5,"6":1,"7":4,"8":1},"f":{"0":5},"b":{"0":[5,0],"1":[5,5],"2":[1,4]},"_coverageSchema":"1a1c01bbd47fc00a2c39e90264f33305004495a9","hash":"7e346cd6db3e452e83b546522443fa51c042b985"},"/home/jeepark/red-tetris/src/client/actions/alert.js":{"path":"/home/jeepark/red-tetris/src/client/actions/alert.js","statementMap":{"0":{"start":{"line":3,"column":0},"end":{"line":5,"column":3}},"1":{"start":{"line":6,"column":16},"end":{"line":6,"column":47}},"2":{"start":{"line":8,"column":12},"end":{"line":13,"column":1}},"3":{"start":{"line":9,"column":2},"end":{"line":12,"column":4}}},"fnMap":{"0":{"name":"alert","decl":{"start":{"line":8,"column":37},"end":{"line":8,"column":42}},"loc":{"start":{"line":8,"column":52},"end":{"line":13,"column":1}},"line":8}},"branchMap":{},"s":{"0":1,"1":1,"2":1,"3":1},"f":{"0":1},"b":{},"_coverageSchema":"1a1c01bbd47fc00a2c39e90264f33305004495a9","hash":"824730769509e94dc4f2e8fa58b63b9f95b79424"},"/home/jeepark/red-tetris/src/client/actions/server.js":{"path":"/home/jeepark/red-tetris/src/client/actions/server.js","statementMap":{"0":{"start":{"line":3,"column":0},"end":{"line":5,"column":3}},"1":{"start":{"line":6,"column":11},"end":{"line":10,"column":1}},"2":{"start":{"line":7,"column":2},"end":{"line":9,"column":4}}},"fnMap":{"0":{"name":"ping","decl":{"start":{"line":6,"column":35},"end":{"line":6,"column":39}},"loc":{"start":{"line":6,"column":42},"end":{"line":10,"column":1}},"line":6}},"branchMap":{},"s":{"0":1,"1":1,"2":1},"f":{"0":1},"b":{},"_coverageSchema":"1a1c01bbd47fc00a2c39e90264f33305004495a9","hash":"22553dd1f6c9cfdb85f104971a041afb59a7bf95"},"/home/jeepark/red-tetris/src/client/game/utils.js":{"path":"/home/jeepark/red-tetris/src/client/game/utils.js","statementMap":{"0":{"start":{"line":3,"column":0},"end":{"line":5,"column":3}},"1":{"start":{"line":6,"column":0},"end":{"line":6,"column":149}},"2":{"start":{"line":7,"column":0},"end":{"line":7,"column":38}},"3":{"start":{"line":8,"column":0},"end":{"line":8,"column":32}},"4":{"start":{"line":9,"column":0},"end":{"line":9,"column":56}},"5":{"start":{"line":11,"column":17},"end":{"line":11,"column":51}},"6":{"start":{"line":13,"column":35},"end":{"line":13,"column":193}},"7":{"start":{"line":13,"column":61},"end":{"line":13,"column":145}},"8":{"start":{"line":13,"column":74},"end":{"line":13,"column":75}},"9":{"start":{"line":13,"column":84},"end":{"line":13,"column":101}},"10":{"start":{"line":13,"column":126},"end":{"line":13,"column":143}},"11":{"start":{"line":13,"column":146},"end":{"line":13,"column":158}},"12":{"start":{"line":13,"column":168},"end":{"line":13,"column":191}},"13":{"start":{"line":15,"column":22},"end":{"line":21,"column":1}},"14":{"start":{"line":16,"column":2},"end":{"line":20,"column":5}},"15":{"start":{"line":17,"column":4},"end":{"line":19,"column":7}},"16":{"start":{"line":18,"column":6},"end":{"line":18,"column":47}},"17":{"start":{"line":23,"column":25},"end":{"line":53,"column":1}},"18":{"start":{"line":25,"column":16},"end":{"line":27,"column":4}},"19":{"start":{"line":26,"column":4},"end":{"line":26,"column":46}},"20":{"start":{"line":31,"column":2},"end":{"line":50,"column":5}},"21":{"start":{"line":32,"column":4},"end":{"line":49,"column":7}},"22":{"start":{"line":33,"column":6},"end":{"line":33,"column":24}},"23":{"start":{"line":33,"column":17},"end":{"line":33,"column":24}},"24":{"start":{"line":35,"column":17},"end":{"line":35,"column":37}},"25":{"start":{"line":36,"column":17},"end":{"line":36,"column":37}},"26":{"start":{"line":38,"column":20},"end":{"line":38,"column":95}},"27":{"start":{"line":40,"column":6},"end":{"line":48,"column":7}},"28":{"start":{"line":41,"column":8},"end":{"line":44,"column":10}},"29":{"start":{"line":46,"column":8},"end":{"line":46,"column":54}},"30":{"start":{"line":47,"column":8},"end":{"line":47,"column":23}},"31":{"start":{"line":52,"column":2},"end":{"line":52,"column":17}},"32":{"start":{"line":55,"column":21},"end":{"line":71,"column":1}},"33":{"start":{"line":56,"column":2},"end":{"line":69,"column":3}},"34":{"start":{"line":56,"column":15},"end":{"line":56,"column":16}},"35":{"start":{"line":57,"column":4},"end":{"line":68,"column":5}},"36":{"start":{"line":57,"column":17},"end":{"line":57,"column":18}},"37":{"start":{"line":58,"column":6},"end":{"line":67,"column":7}},"38":{"start":{"line":59,"column":19},"end":{"line":59,"column":33}},"39":{"start":{"line":60,"column":19},"end":{"line":60,"column":33}},"40":{"start":{"line":61,"column":8},"end":{"line":61,"column":66}},"41":{"start":{"line":62,"column":8},"end":{"line":66,"column":9}},"42":{"start":{"line":65,"column":10},"end":{"line":65,"column":22}},"43":{"start":{"line":70,"column":2},"end":{"line":70,"column":15}},"44":{"start":{"line":73,"column":21},"end":{"line":91,"column":1}},"45":{"start":{"line":74,"column":16},"end":{"line":78,"column":4}},"46":{"start":{"line":75,"column":4},"end":{"line":77,"column":7}},"47":{"start":{"line":76,"column":6},"end":{"line":76,"column":26}},"48":{"start":{"line":79,"column":21},"end":{"line":79,"column":49}},"49":{"start":{"line":81,"column":2},"end":{"line":88,"column":3}},"50":{"start":{"line":82,"column":4},"end":{"line":87,"column":8}},"51":{"start":{"line":83,"column":6},"end":{"line":86,"column":8}},"52":{"start":{"line":90,"column":2},"end":{"line":90,"column":58}},"53":{"start":{"line":94,"column":16},"end":{"line":102,"column":4}},"54":{"start":{"line":95,"column":28},"end":{"line":97,"column":6}},"55":{"start":{"line":96,"column":6},"end":{"line":96,"column":33}},"56":{"start":{"line":98,"column":17},"end":{"line":100,"column":6}},"57":{"start":{"line":99,"column":6},"end":{"line":99,"column":25}},"58":{"start":{"line":101,"column":4},"end":{"line":101,"column":40}},"59":{"start":{"line":104,"column":21},"end":{"line":104,"column":49}},"60":{"start":{"line":106,"column":17},"end":{"line":114,"column":3}},"61":{"start":{"line":107,"column":4},"end":{"line":113,"column":7}},"62":{"start":{"line":108,"column":6},"end":{"line":112,"column":8}},"63":{"start":{"line":116,"column":16},"end":{"line":116,"column":78}},"64":{"start":{"line":118,"column":2},"end":{"line":118,"column":58}},"65":{"start":{"line":122,"column":2},"end":{"line":122,"column":41}},"66":{"start":{"line":126,"column":2},"end":{"line":133,"column":3}},"67":{"start":{"line":126,"column":17},"end":{"line":126,"column":18}},"68":{"start":{"line":127,"column":4},"end":{"line":132,"column":5}},"69":{"start":{"line":127,"column":19},"end":{"line":127,"column":20}},"70":{"start":{"line":128,"column":6},"end":{"line":131,"column":7}},"71":{"start":{"line":129,"column":8},"end":{"line":129,"column":69}},"72":{"start":{"line":130,"column":8},"end":{"line":130,"column":20}},"73":{"start":{"line":135,"column":2},"end":{"line":135,"column":35}},"74":{"start":{"line":136,"column":2},"end":{"line":136,"column":15}},"75":{"start":{"line":143,"column":2},"end":{"line":145,"column":3}},"76":{"start":{"line":144,"column":4},"end":{"line":144,"column":37}},"77":{"start":{"line":147,"column":15},"end":{"line":147,"column":25}},"78":{"start":{"line":148,"column":19},"end":{"line":148,"column":20}},"79":{"start":{"line":149,"column":22},"end":{"line":149,"column":24}},"80":{"start":{"line":152,"column":2},"end":{"line":158,"column":3}},"81":{"start":{"line":153,"column":4},"end":{"line":155,"column":5}},"82":{"start":{"line":154,"column":6},"end":{"line":154,"column":12}},"83":{"start":{"line":156,"column":4},"end":{"line":156,"column":13}},"84":{"start":{"line":157,"column":4},"end":{"line":157,"column":17}},"85":{"start":{"line":160,"column":2},"end":{"line":160,"column":16}},"86":{"start":{"line":166,"column":30},"end":{"line":192,"column":1}},"87":{"start":{"line":167,"column":16},"end":{"line":169,"column":4}},"88":{"start":{"line":168,"column":4},"end":{"line":168,"column":46}},"89":{"start":{"line":171,"column":2},"end":{"line":189,"column":5}},"90":{"start":{"line":172,"column":4},"end":{"line":188,"column":7}},"91":{"start":{"line":173,"column":6},"end":{"line":173,"column":24}},"92":{"start":{"line":173,"column":17},"end":{"line":173,"column":24}},"93":{"start":{"line":175,"column":17},"end":{"line":175,"column":27}},"94":{"start":{"line":176,"column":17},"end":{"line":176,"column":37}},"95":{"start":{"line":178,"column":20},"end":{"line":178,"column":95}},"96":{"start":{"line":181,"column":6},"end":{"line":187,"column":7}},"97":{"start":{"line":182,"column":8},"end":{"line":186,"column":10}},"98":{"start":{"line":191,"column":2},"end":{"line":191,"column":17}}},"fnMap":{"0":{"name":"_toConsumableArray","decl":{"start":{"line":13,"column":9},"end":{"line":13,"column":27}},"loc":{"start":{"line":13,"column":33},"end":{"line":13,"column":195}},"line":13},"1":{"name":"createEmptyGrid","decl":{"start":{"line":15,"column":57},"end":{"line":15,"column":72}},"loc":{"start":{"line":15,"column":75},"end":{"line":21,"column":1}},"line":15},"2":{"name":"(anonymous_2)","decl":{"start":{"line":16,"column":36},"end":{"line":16,"column":37}},"loc":{"start":{"line":16,"column":48},"end":{"line":20,"column":3}},"line":16},"3":{"name":"(anonymous_3)","decl":{"start":{"line":17,"column":38},"end":{"line":17,"column":39}},"loc":{"start":{"line":17,"column":50},"end":{"line":19,"column":5}},"line":17},"4":{"name":"mergePieceWithGrid","decl":{"start":{"line":23,"column":63},"end":{"line":23,"column":81}},"loc":{"start":{"line":23,"column":95},"end":{"line":53,"column":1}},"line":23},"5":{"name":"(anonymous_5)","decl":{"start":{"line":25,"column":25},"end":{"line":25,"column":26}},"loc":{"start":{"line":25,"column":40},"end":{"line":27,"column":3}},"line":25},"6":{"name":"(anonymous_6)","decl":{"start":{"line":31,"column":22},"end":{"line":31,"column":23}},"loc":{"start":{"line":31,"column":40},"end":{"line":50,"column":3}},"line":31},"7":{"name":"(anonymous_7)","decl":{"start":{"line":32,"column":16},"end":{"line":32,"column":17}},"loc":{"start":{"line":32,"column":35},"end":{"line":49,"column":5}},"line":32},"8":{"name":"checkCollision","decl":{"start":{"line":55,"column":55},"end":{"line":55,"column":69}},"loc":{"start":{"line":55,"column":93},"end":{"line":71,"column":1}},"line":55},"9":{"name":"_clearFullRows","decl":{"start":{"line":73,"column":55},"end":{"line":73,"column":69}},"loc":{"start":{"line":73,"column":76},"end":{"line":91,"column":1}},"line":73},"10":{"name":"(anonymous_10)","decl":{"start":{"line":74,"column":28},"end":{"line":74,"column":29}},"loc":{"start":{"line":74,"column":43},"end":{"line":78,"column":3}},"line":74},"11":{"name":"(anonymous_11)","decl":{"start":{"line":75,"column":20},"end":{"line":75,"column":21}},"loc":{"start
[...]
:{"start":{"line":20,"column":35},"end":{"line":20,"column":193}},"40":{"start":{"line":20,"column":61},"end":{"line":20,"column":145}},"41":{"start":{"line":20,"column":74},"end":{"line":20,"column":75}},"42":{"start":{"line":20,"column":84},"end":{"line":20,"column":101}},"43":{"start":{"line":20,"column":126},"end":{"line":20,"column":143}},"44":{"start":{"line":20,"column":146},"end":{"line":20,"column":158}},"45":{"start":{"line":20,"column":168},"end":{"line":20,"column":191}},"46":{"start":{"line":22,"column":14},"end":{"line":233,"column":1}},"47":{"start":{"line":24,"column":15},"end":{"line":24,"column":46}},"48":{"start":{"line":26,"column":18},"end":{"line":28,"column":4}},"49":{"start":{"line":27,"column":4},"end":{"line":27,"column":81}},"50":{"start":{"line":29,"column":19},"end":{"line":29,"column":47}},"51":{"start":{"line":30,"column":13},"end":{"line":30,"column":26}},"52":{"start":{"line":31,"column":16},"end":{"line":31,"column":29}},"53":{"start":{"line":33,"column":19},"end":{"line":33,"column":70}},"54":{"start":{"line":34,"column":19},"end":{"line":34,"column":48}},"55":{"start":{"line":35,"column":13},"end":{"line":35,"column":26}},"56":{"start":{"line":36,"column":16},"end":{"line":36,"column":29}},"57":{"start":{"line":38,"column":18},"end":{"line":38,"column":44}},"58":{"start":{"line":39,"column":16},"end":{"line":39,"column":40}},"59":{"start":{"line":41,"column":2},"end":{"line":43,"column":15}},"60":{"start":{"line":42,"column":4},"end":{"line":42,"column":31}},"61":{"start":{"line":45,"column":2},"end":{"line":47,"column":13}},"62":{"start":{"line":46,"column":4},"end":{"line":46,"column":27}},"63":{"start":{"line":50,"column":2},"end":{"line":71,"column":34}},"64":{"start":{"line":52,"column":22},"end":{"line":52,"column":66}},"65":{"start":{"line":57,"column":4},"end":{"line":68,"column":5}},"66":{"start":{"line":58,"column":6},"end":{"line":67,"column":7}},"67":{"start":{"line":59,"column":21},"end":{"line":59,"column":92}},"68":{"start":{"line":62,"column":8},"end":{"line":64,"column":9}},"69":{"start":{"line":63,"column":10},"end":{"line":63,"column":89}},"70":{"start":{"line":66,"column":8},"end":{"line":66,"column":66}},"71":{"start":{"line":70,"column":4},"end":{"line":70,"column":25}},"72":{"start":{"line":73,"column":21},"end":{"line":73,"column":50}},"73":{"start":{"line":75,"column":2},"end":{"line":77,"column":18}},"74":{"start":{"line":76,"column":4},"end":{"line":76,"column":37}},"75":{"start":{"line":80,"column":2},"end":{"line":128,"column":42}},"76":{"start":{"line":81,"column":4},"end":{"line":81,"column":24}},"77":{"start":{"line":81,"column":17},"end":{"line":81,"column":24}},"78":{"start":{"line":83,"column":33},"end":{"line":119,"column":5}},"79":{"start":{"line":84,"column":18},"end":{"line":84,"column":28}},"80":{"start":{"line":86,"column":23},"end":{"line":86,"column":57}},"81":{"start":{"line":87,"column":6},"end":{"line":90,"column":7}},"82":{"start":{"line":88,"column":8},"end":{"line":88,"column":66}},"83":{"start":{"line":89,"column":8},"end":{"line":89,"column":15}},"84":{"start":{"line":92,"column":6},"end":{"line":92,"column":69}},"85":{"start":{"line":95,"column":29},"end":{"line":95,"column":49}},"86":{"start":{"line":96,"column":6},"end":{"line":108,"column":7}},"87":{"start":{"line":97,"column":8},"end":{"line":97,"column":85}},"88":{"start":{"line":99,"column":27},"end":{"line":105,"column":9}},"89":{"start":{"line":107,"column":8},"end":{"line":107,"column":34}},"90":{"start":{"line":111,"column":25},"end":{"line":115,"column":7}},"91":{"start":{"line":117,"column":6},"end":{"line":117,"column":33}},"92":{"start":{"line":118,"column":6},"end":{"line":118,"column":57}},"93":{"start":{"line":121,"column":4},"end":{"line":121,"column":54}},"94":{"start":{"line":122,"column":4},"end":{"line":122,"column":52}},"95":{"start":{"line":124,"column":4},"end":{"line":127,"column":6}},"96":{"start":{"line":125,"column":6},"end":{"line":125,"column":53}},"97":{"start":{"line":126,"column":6},"end":{"line":126,"column":55}},"98":{"start":{"line":130,"column":2},"end":{"line":162,"column":15}},"99":{"start":{"line":131,"column":4},"end":{"line":131,"column":24}},"100":{"start":{"line":131,"column":17},"end":{"line":131,"column":24}},"101":{"start":{"line":132,"column":4},"end":{"line":132,"column":61}},"102":{"start":{"line":133,"column":24},"end":{"line":156,"column":5}},"103":{"start":{"line":134,"column":18},"end":{"line":134,"column":29}},"104":{"start":{"line":136,"column":6},"end":{"line":136,"column":98}},"105":{"start":{"line":138,"column":6},"end":{"line":155,"column":9}},"106":{"start":{"line":139,"column":20},"end":{"line":139,"column":38}},"107":{"start":{"line":141,"column":23},"end":{"line":149,"column":10}},"108":{"start":{"line":142,"column":10},"end":{"line":148,"column":13}},"109":{"start":{"line":143,"column":12},"end":{"line":147,"column":14}},"110":{"start":{"line":151,"column":22},"end":{"line":151,"column":104}},"111":{"start":{"line":153,"column":8},"end":{"line":153,"column":69}},"112":{"start":{"line":154,"column":8},"end":{"line":154,"column":23}},"113":{"start":{"line":158,"column":4},"end":{"line":158,"column":48}},"114":{"start":{"line":159,"column":4},"end":{"line":161,"column":6}},"115":{"start":{"line":160,"column":6},"end":{"line":160,"column":51}},"116":{"start":{"line":165,"column":2},"end":{"line":230,"column":32}},"117":{"start":{"line":166,"column":4},"end":{"line":171,"column":5}},"118":{"start":{"line":167,"column":6},"end":{"line":167,"column":70}},"119":{"start":{"line":168,"column":18},"end":{"line":168,"column":47}},"120":{"start":{"line":169,"column":6},"end":{"line":169,"column":21}},"121":{"start":{"line":170,"column":6},"end":{"line":170,"column":21}},"122":{"start":{"line":172,"column":4},"end":{"line":172,"column":43}},"123":{"start":{"line":172,"column":36},"end":{"line":172,"column":43}},"124":{"start":{"line":174,"column":19},"end":{"line":225,"column":11}},"125":{"start":{"line":175,"column":19},"end":{"line":175,"column":36}},"126":{"start":{"line":176,"column":17},"end":{"line":176,"column":32}},"127":{"start":{"line":178,"column":20},"end":{"line":178,"column":79}},"128":{"start":{"line":180,"column":6},"end":{"line":224,"column":7}},"129":{"start":{"line":181,"column":8},"end":{"line":181,"column":65}},"130":{"start":{"line":183,"column":21},"end":{"line":183,"column":65}},"131":{"start":{"line":185,"column":29},"end":{"line":185,"column":62}},"132":{"start":{"line":186,"column":22},"end":{"line":186,"column":44}},"133":{"start":{"line":187,"column":27},"end":{"line":187,"column":54}},"134":{"start":{"line":189,"column":8},"end":{"line":189,"column":25}},"135":{"start":{"line":191,"column":8},"end":{"line":204,"column":9}},"136":{"start":{"line":192,"column":10},"end":{"line":192,"column":73}},"137":{"start":{"line":195,"column":10},"end":{"line":197,"column":11}},"138":{"start":{"line":196,"column":12},"end":{"line":196,"column":41}},"139":{"start":{"line":199,"column":10},"end":{"line":203,"column":13}},"140":{"start":{"line":206,"column":8},"end":{"line":214,"column":9}},"141":{"start":{"line":207,"column":10},"end":{"line":207,"column":47}},"142":{"start":{"line":207,"column":30},"end":{"line":207,"column":47}},"143":{"start":{"line":208,"column":10},"end":{"line":211,"column":13}},"144":{"start":{"line":212,"column":10},"end":{"line":212,"column":34}},"145":{"start":{"line":213,"column":10},"end":{"line":213,"column":17}},"146":{"start":{"line":216,"column":8},"end":{"line":219,"column":11}},"147":{"start":{"line":220,"column":8},"end":{"line":223,"column":11}},"148":{"start":{"line":227,"column":4},"end":{"line":229,"column":6}},"149":{"start":{"line":228,"column":6},"end":{"line":228,"column":37}},"150":{"start":{"line":232,"column":2},"end":{"line":232,"column":36}}},"fnMap":{"0":{"name":"(anonymous_0)","decl":{"start":{"line":8,"column":32},"end":{"line":8,"column":33}},"loc":{"start":{"line":8,"column":50},"end":{"line":8,"column":256}},"line":8},"1":{"name":"(anonymous_1)","decl":{"start":{"line":10,"column":21},"end":{"line":10,"column":22}},"loc":{"start":{"line":10,"column":33},"end":{"line":10,"column":661}},"line":10},"2":{"name":"sliceIterator","decl":{"start":{"line":10,"column":44},"end":{"line":10,"column":57}},"loc":{"start":{"line":10,"column":66},"end":{"line":10,"column":428}},"line":10},"3":{"name":"(anonymous_3)","decl":{"start":{"line":10,"column":436},"end":{"line":10,"column":437}},"loc":{"start":{"line":10,"column":454},"end":{"line":10,"column":658}},"line":10},"4":{"name":"_toConsumableArray","decl":{"start":{"line":20,"column":9},"end":{"line":20,"column":27}},"loc":{"start":{"line":20,"column":33},"end":{"line":20,"column":195}},"line":20},"5":{"name":"useGame","decl":{"start":{"line":22,"column":41},"end":{"line":22,"column":48}},"loc":{"start":{"line":23,"column":2},"end":{"line":233,"column":1}},"line":23},"6":{"name":"(anonymous_6)","decl":{"start":{"line":26,"column":39},"end":{"line":26,"column":40}},"loc":{"start":{"line":26,"column":51},"end":{"line":28,"column":3}},"line":26},"7":{"name":"(anonymous_7)","decl":{"start":{"line":41,"column":24},"end":{"line":41,"column":25}},"loc":{"start":{"line":41,"column":36},"end":{"line":43,"column":3}},"line":41},"8":{"name":"(anonymous_8)","decl":{"start":{"line":45,"column":24},"end":{"line":45,"column":25}},"loc":{"start":{"line":45,"column":36},"end":{"line":47,"column":3}},"line":45},"9":{"name":"(anonymous_9)","decl":{"start":{"line":50,"column":24},"end":{"line":50,"column":25}},"loc":{"start":{"line":50,"column":36},"end":{"line":71,"column":3}},"line":50},"10":{"name":"(anonymous_10)","decl":{"start":{"line":75,"column":24},"end":{"line":75,"column":25}},"loc":{"start":{"line":75,"column":36},"end":{"line":77,"column":3}},"line":75},"11":{"name":"(anonymous_11)","decl":{"start":{"line":80,"column":24},"end":{"line":80,"column":25}},"loc":{"start":{"line":80,"column":36},"end":{"line":128,"column":3}},"line":80},"12":{"name":"handleNextPieceWrapper","decl":{"start":{"line":83,"column":42},"end":{"line":83,"column":64}},"loc":{"start":{"line":83,"column":71},"end":{"line":119,"column":5}},"line":83},"13":{"name":"(anonymous_13)","decl":{"start":{"line":124,"column":11},"end":{"line":124,"column":12}},"loc":{"start":{"line":124,"column":23},"end":{"line":127,"column":5}},"line":124},"14":{"name":"(anonymous_14)","decl":{"start":{"line":130,"column":24},"end":{"line":130,"column":25}},"loc":{"start":{"line":130,"column":36},"end":{"line":162,"column":3}},"line":130},"15":{"name":"handlePenalty","decl":{"start":{"line":133,"column":33},"end":{"line":133,"column":46}},"loc":{"start":{"line":133,"column":54},"end":{"line":156,"column":5}},"line":133},"16":{"name":"(anonymous_16)","decl":{"start":{"line":138,"column":14},"end":{"line":138,"column":15}},"loc":{"start":{"line":138,"column":34},"end":{"line":155,"column":7}},"line":138},"17":{"name":"(anonymous_17)","decl":{"start":{"line":141,"column":53},"end":{"line":141,"column":54}},"loc":{"start":{"line":141,"column":65},"end":{"line":149,"column":9}},"line":141},"18":{"name":"(anonymous_18)","decl":{"start":{"line":142,"column":47},"end":{"line":142,"column":48}},"loc":{"start":{"line":142,"column":59},"end":{"line":148,"column":11}},"line":142},"19":{"name":"(anonymous_19)","decl":{"start":{"line":159,"column":11},"end":{"line":159,"column":12}},"loc":{"start":{"line":159,"column":23},"end":{"line":161,"column":5}},"line":159},"20":{"name":"(anonymous_20)","decl":{"start":{"line":165,"column":24},"end":{"line":165,"column":25}},"loc":{"start":{"line":165,"column":36},"end":{"line":230,"column":3}},"line":165},"21":{"name":"(anonymous_21)","decl":{"start":{"line":174,"column":31},"end":{"line":174,"column":32}},"loc":{"start":{"line":174,"column":43},"end":{"line":225,"column":5}},"line":174},"22":{"name":"(anonymous_22)","decl":{"start":{"line":227,"column":11},"end":{"line":227,"column":12}},"loc":{"start":{"line":227,"column":23},"end":{"line":229,"column":5}},"line":227}},"branchMap":{"0":{"loc":{"start":{"line":8,"column":15},"end":{"line":8,"column":256}},"type":"binary-expr","locations":[{"start":{"line":8,"column":15},"end":{"line":8,"column":28}},{"start":{"line":8,"column":32},"end":{"line":8,"column":256}}],"line":8},"1":{"loc":{"start":{"line":8,"column":150},"end":{"line":8,"column":235}},"type":"if","locations":[{"start":{"line":8,"column":150},"end":{"line":8,"column":235}},{"start":{},"end":{}}],"line":8},"2":{"loc":{"start":{"line":10,"column":247},"end":{"line":10,"column":281}},"type":"if","locations":[{"start":{"line":10,"column":247},"end":{"line":10,"column":281}},{"start":{},"end":{}}],"line":10},"3":{"loc":{"start":{"line":10,"column":251},"end":{"line":10,"column":273}},"type":"binary-expr","locations":[{"start":{"line":10,"column":251},"end":{"line":10,"column":252}},{"start":{"line":10,"column":256},"end":{"line":10,"column":273}}],"line":10},"4":{"loc":{"start":{"line":10,"column":339},"end":{"line":10,"column":379}},"type":"if","locations":[{"start":{"line":10,"column":339},"end":{"line":10,"column":379}},{"start":{},"end":{}}],"line":10},"5":{"loc":{"start":{"line":10,"column":343},"end":{"line":10,"column":362}},"type":"binary-expr","locations":[{"start":{"line":10,"column":343},"end":{"line":10,"column":346}},{"start":{"line":10,"column":350},"end":{"line":10,"column":362}}],"line":10},"6":{"loc":{"start":{"line":10,"column":392},"end":{"line":10,"column":409}},"type":"if","locations":[{"start":{"line":10,"column":392},"end":{"line":10,"column":409}},{"start":{},"end":{}}],"line":10},"7":{"loc":{"start":{"line":10,"column":456},"end":{"line":10,"column":656}},"type":"if","locations":[{"start":{"line":10,"column":456},"end":{"line":10,"column":656}},{"start":{"line":10,"column":501},"end":{"line":10,"column":656}}],"line":10},"8":{"loc":{"start":{"line":10,"column":501},"end":{"line":10,"column":656}},"type":"if","locations":[{"start":{"line":10,"column":501},"end":{"line":10,"column":656}},{"start":{"line":10,"column":576},"end":{"line":10,"column":656}}],"line":10},"9":{"loc":{"start":{"line":20,"column":35},"end":{"line":20,"column":193}},"type":"if","locations":[{"start":{"line":20,"column":35},"end":{"line":20,"column":193}},{"start":{"line":20,"column":166},"end":{"line":20,"column":193}}],"line":20},"10":{"loc":{"start":{"line":57,"column":4},"end":{"line":68,"column":5}},"type":"if","locations":[{"start":{"line":57,"column":4},"end":{"line":68,"column":5}},{"start":{},"end":{}}],"line":57},"11":{"loc":{"start":{"line":57,"column":8},"end":{"line":57,"column":62}},"type":"binary-expr","locations":[{"start":{"line":57,"column":8},"end":{"line":57,"column":19}},{"start":{"line":57,"column":23},"end":{"line":57,"column":35}},{"start":{"line":57,"column":39},"end":{"line":57,"column":62}}],"line":57},"12":{"loc":{"start":{"line":62,"column":8},"end":{"line":64,"column":9}},"type":"if","locations":[{"start":{"line":62,"column":8},"end":{"line":64,"column":9}},{"start":{},"end":{}}],"line":62},"13":{"loc":{"start":{"line":81,"column":4},"end":{"line":81,"column":24}},"type":"if","locations":[{"start":{"line":81,"column":4},"end":{"line":81,"column":24}},{"start":{},"end":{}}],"line":81},"14":{"loc":{"start":{"line":87,"column":6},"end":{"line":90,"column":7}},"type":"if","locations":[{"start":{"line":87,"column":6},"end":{"line":90,"column":7}},{"start":{},"end":{}}],"line":87},"15":{"loc":{"start":{"line":96,"column":6},"end":{"line":108,"column":7}},"type":"if","locations":[{"start":{"line":96,"column":6},"end":{"line":108,"column":7}},{"start":{},"end":{}}],"line":96},"16":{"loc":{"start":{"line":131,"column":4},"end":{"line":131,"column":24}},"type":"if","locations":[{"start":{"line":131,"column":4},"end":{"line":131,"column":24}},{"start":{},"end":{}}],"line":131},"17":{"loc":{"start":{"line":166,"column":4},"end":{"line":171,"column":5}},"type":"if","locations":[{"start":{"line":166,"column":4},"end":{"line":171,"column":5}},{"start":{},"end":{}}],"line":166},"18":{"loc":{"start":{"line":166,"column":8},"end":{"line":166,"column":34}},"type":"binary-expr","locations":[{"start":{"line":166,"column":8},"end":{"line":166,"column":19}},{"start":{"line":166,"column":23},"end":{"line":166,"column":34}}],"line":166},"19":{"loc":{"start":{"line":172,"column":4},"end":{"line":172,"column":43}},"type":"if","locations":[{"start":{"line":172,"column":4},"end":{"line":172,"column":43}},{"start":{},"end":{}}],"line":172},"20":{"loc":{"start":{"line":172,"column":8},"end":{"line":172,"column":34}},"type":"binary-expr","locations":[{"start":{"line":172,"column":8},"end":{"line":172,"column":20}},{"start":{"line":172,"column":24},"end":{"line":172,"column":34}}],"line":172},"21":{"loc":{"start":{"line":180,"column":6},"end":{"line":224,"column":7}},"type":"if","locations":[{"start":{"line":180,"column":6},"end":{"line":224,"column":7}},{"start":{"line":182,"column":13},"end":{"line":224,"column":7}}],"line":180},"22":{"loc":{"start":{"line":191,"column":8},"end":{"line":204,"column":9}},"type":"if","locations":[{"start":{"line":191,"column":8},"end":{"line":204,"column":9}},{"start":{},"end":{}}],"line":191},"23":{"loc":{"start":{"line":195,"column":10},"end":{"line":197,"column":11}},"type":"if","locations":[{"start":{"line":195,"column":10},"end":{"line":197,"column":11}},{"start":{},"end":{}}],"line":195},"24":{"loc":{"start":{"line":206,"column":8},"end":{"line":214,"column":9}},"type":"if","locations":[{"start":{"line":206,"column":8},"end":{"line":214,"column":9}},{"start":{},"end":{}}],"line":206},"25":{"loc":{"start":{"line":207,"column":10},"end":{"line":207,"column":47}},"type":"if","locations":[{"start":{"line":207,"column":10},"end":{"line":207,"column":47}},{"start":{},"end":{}}],"line":207}},"s":{"0":1,"1":1,"2":1,"3":0,"4":0,"5":0,"6":0,"7":0,"8":0,"9":0,"10":1,"11":0,"12":0,"13":0,"14":0,"15":0,"16":0,"17":0,"18":0,"19":0,"20":0,"21":0,"22":0,"23":0,"24":0,"25":0,"26":0,"27":0,"28":0,"29":1,"30":124,"31":124,"32":0,"33":0,"34":0,"35":1,"36":1,"37":1,"38":1,"39":8,"40":8,"41":8,"42":8,"43":96,"44":8,"45":0,"46":1,"47":62,"48":62,"49":20,"50":62,"51":62,"52":62,"53":62,"54":62,"55":62,"56":62,"57":62,"58":62,"59":62,"60":21,"61":62,"62":32,"63":62,"64":34,"65":34,"66":13,"67":13,"68":13,"69":10,"70":0,"71":34,"72":62,"73":62,"74":20,"75":62,"76":20,"77":0,"78":20,"79":3,"80":3,"81":3,"82":1,"83":1,"84":2,"85":2,"86":2,"87":1,"88":1,"89":1,"90":2,"91":2,"92":2,"93":20,"94":20,"95":20,"96":20,"97":20,"98":62,"99":20,"100":0,"101":20,"102":20,"103":4,"104":4,"105":4,"106":4,"107":4,"108":7,"109":70,"110":4,"111":4,"112":4,"113":20,"114":20,"115":20,"116":62,"117":21,"118":6,"119":6,"120":6,"121":6,"122":21,"123":15,"124":6,"125":3,"126":3,"127":3,"128":3,"129":1,"130":2,"131":2,"132":2,"133":2,"134":2,"135":2,"136":1,"137":1,"138":1,"139":1,"140":2,"141":0,"142":0,"143":0,"144":0,"145":0,"146":2,"147":2,"148":6,"149":6,"150":62},"f":{"0":0,"1":1,"2":0,"3":124,"4":8,"5":62,"6":20,"7":21,"8":32,"9":34,"10":20,"11":20,"12":3,"13":20,"14":20,"15":4,"16":4,"17":7,"18":70,"19":20,"20":21,"21":3,"22":6},"b":{"0":[1,0],"1":[0,0],"2":[0,0],"3":[0,0],"4":[0,0],"5":[0,0],"6":[0,0],"7":[124,0],"8":[0,0],"9":[8,0],"10":[13,21],"11":[34,15,15],"12":[10,3],"13":[0,20],"14":[1,2],"15":[1,1],"16":[0,20],"17":[6,15],"18":[21,7],"19":[15,6],"20":[21,7],"21":[1,2],"22":[1,1],"23":[1,0],"24":[0,2],"25":[0,0]},"_coverageSchema":"1a1c01bbd47fc00a2c39e90264f33305004495a9","hash":"3956d6aff4c6246fc82ac67e0ee1acd14e4254b7"},"/home/jeepark/red-tetris/src/client/game/tetriminos.js":{"path":"/home/jeepark/red-tetris/src/client/game/tetriminos.js","statementMap":{"0":{"start":{"line":3,"column":0},"end":{"line":5,"column":3}},"1":{"start":{"line":6,"column":17},"end":{"line":35,"column":1}}},"fnMap":{},"branchMap":{},"s":{"0":1,"1":1},"f":{},"b":{},"_coverageSchema":"1a1c01bbd47fc00a2c39e90264f33305004495a9","hash":"737f1d0b6e5b30e5ce7a958dc8a24948dd8eb72f"}}