{"/home/jeepark/red-tetris/src/client/actions/alert.js":{"path":"/home/jeepark/red-tetris/src/client/actions/alert.js","statementMap":{"0":{"start":{"line":3,"column":0},"end":{"line":5,"column":3}},"1":{"start":{"line":6,"column":16},"end":{"line":6,"column":47}},"2":{"start":{"line":8,"column":12},"end":{"line":13,"column":1}},"3":{"start":{"line":9,"column":2},"end":{"line":12,"column":4}}},"fnMap":{"0":{"name":"alert","decl":{"start":{"line":8,"column":37},"end":{"line":8,"column":42}},"loc":{"start":{"line":8,"column":52},"end":{"line":13,"column":1}},"line":8}},"branchMap":{},"s":{"0":0,"1":0,"2":0,"3":0},"f":{"0":0},"b":{},"all":true},"/home/jeepark/red-tetris/src/client/actions/server.js":{"path":"/home/jeepark/red-tetris/src/client/actions/server.js","statementMap":{"0":{"start":{"line":3,"column":0},"end":{"line":5,"column":3}},"1":{"start":{"line":6,"column":11},"end":{"line":10,"column":1}},"2":{"start":{"line":7,"column":2},"end":{"line":9,"column":4}}},"fnMap":{"0":{"name":"ping","decl":{"start":{"line":6,"column":35},"end":{"line":6,"column":39}},"loc":{"start":{"line":6,"column":42},"end":{"line":10,"column":1}},"line":6}},"branchMap":{},"s":{"0":0,"1":0,"2":0},"f":{"0":0},"b":{},"all":true},"/home/jeepark/red-tetris/src/client/components/GameBoard.js":{"path":"/home/jeepark/red-tetris/src/client/components/GameBoard.js","statementMap":{"0":{"start":{"line":3,"column":0},"end":{"line":5,"column":3}},"1":{"start":{"line":7,"column":13},"end":{"line":7,"column":29}},"2":{"start":{"line":9,"column":14},"end":{"line":9,"column":44}},"3":{"start":{"line":11,"column":0},"end":{"line":11,"column":27}},"4":{"start":{"line":13,"column":39},"end":{"line":13,"column":93}},"5":{"start":{"line":15,"column":19},"end":{"line":15,"column":21}},"6":{"start":{"line":16,"column":13},"end":{"line":16,"column":14}},"7":{"start":{"line":18,"column":16},"end":{"line":43,"column":1}},"8":{"start":{"line":19,"column":13},"end":{"line":19,"column":22}},"9":{"start":{"line":22,"column":20},"end":{"line":22,"column":61}},"10":{"start":{"line":24,"column":2},"end":{"line":42,"column":4}},"11":{"start":{"line":28,"column":6},"end":{"line":40,"column":8}},"12":{"start":{"line":32,"column":10},"end":{"line":38,"column":13}},"13":{"start":{"line":45,"column":0},"end":{"line":45,"column":28}}},"fnMap":{"0":{"name":"_interopRequireDefault","decl":{"start":{"line":13,"column":9},"end":{"line":13,"column":31}},"loc":{"start":{"line":13,"column":37},"end":{"line":13,"column":95}},"line":13},"1":{"name":"GameBoard","decl":{"start":{"line":18,"column":25},"end":{"line":18,"column":34}},"loc":{"start":{"line":18,"column":41},"end":{"line":43,"column":1}},"line":18},"2":{"name":"(anonymous_2)","decl":{"start":{"line":27,"column":20},"end":{"line":27,"column":21}},"loc":{"start":{"line":27,"column":45},"end":{"line":41,"column":5}},"line":27},"3":{"name":"(anonymous_3)","decl":{"start":{"line":31,"column":16},"end":{"line":31,"column":17}},"loc":{"start":{"line":31,"column":42},"end":{"line":39,"column":9}},"line":31}},"branchMap":{"0":{"loc":{"start":{"line":13,"column":46},"end":{"line":13,"column":92}},"type":"cond-expr","locations":[{"start":{"line":13,"column":70},"end":{"line":13,"column":73}},{"start":{"line":13,"column":76},"end":{"line":13,"column":92}}],"line":13},"1":{"loc":{"start":{"line":13,"column":46},"end":{"line":13,"column":67}},"type":"binary-expr","locations":[{"start":{"line":13,"column":46},"end":{"line":13,"column":49}},{"start":{"line":13,"column":53},"end":{"line":13,"column":67}}],"line":13},"2":{"loc":{"start":{"line":34,"column":34},"end":{"line":34,"column":66}},"type":"cond-expr","locations":[{"start":{"line":34,"column":48},"end":{"line":34,"column":56}},{"start":{"line":34,"column":59},"end":{"line":34,"column":66}}],"line":34},"3":{"loc":{"start":{"line":34,"column":77},"end":{"line":34,"column":104}},"type":"cond-expr","locations":[{"start":{"line":34,"column":92},"end":{"line":34,"column":99}},{"start":{"line":34,"column":102},"end":{"line":34,"column":104}}],"line":34},"4":{"loc":{"start":{"line":36,"column":31},"end":{"line":36,"column":71}},"type":"cond-expr","locations":[{"start":{"line":36,"column":45},"end":{"line":36,"column":55}},{"start":{"line":36,"column":58},"end":{"line":36,"column":71}}],"line":36}},"s":{"0":0,"1":0,"2":0,"3":0,"4":0,"5":0,"6":0,"7":0,"8":0,"9":0,"10":0,"11":0,"12":0,"13":0},"f":{"0":0,"1":0,"2":0,"3":0},"b":{"0":[0,0],"1":[0,0],"2":[0,0],"3":[0,0],"4":[0,0]},"all":true},"/home/jeepark/red-tetris/src/client/components/NextPiece.js":{"path":"/home/jeepark/red-tetris/src/client/components/NextPiece.js","statementMap":{"0":{"start":{"line":3,"column":0},"end":{"line":5,"column":3}},"1":{"start":{"line":7,"column":13},"end":{"line":7,"column":29}},"2":{"start":{"line":9,"column":14},"end":{"line":9,"column":44}},"3":{"start":{"line":11,"column":0},"end":{"line":11,"column":27}},"4":{"start":{"line":13,"column":39},"end":{"line":13,"column":93}},"5":{"start":{"line":18,"column":16},"end":{"line":78,"column":1}},"6":{"start":{"line":19,"column":18},"end":{"line":19,"column":32}},"7":{"start":{"line":21,"column":2},"end":{"line":21,"column":57}},"8":{"start":{"line":23,"column":2},"end":{"line":43,"column":3}},"9":{"start":{"line":24,"column":4},"end":{"line":24,"column":61}},"10":{"start":{"line":25,"column":4},"end":{"line":42,"column":6}},"11":{"start":{"line":45,"column":14},"end":{"line":45,"column":29}},"12":{"start":{"line":46,"column":14},"end":{"line":46,"column":29}},"13":{"start":{"line":48,"column":2},"end":{"line":48,"column":86}},"14":{"start":{"line":50,"column":2},"end":{"line":77,"column":4}},"15":{"start":{"line":62,"column":8},"end":{"line":74,"column":10}},"16":{"start":{"line":66,"column":12},"end":{"line":72,"column":15}},"17":{"start":{"line":80,"column":0},"end":{"line":80,"column":28}}},"fnMap":{"0":{"name":"_interopRequireDefault","decl":{"start":{"line":13,"column":9},"end":{"line":13,"column":31}},"loc":{"start":{"line":13,"column":37},"end":{"line":13,"column":95}},"line":13},"1":{"name":"NextPiece","decl":{"start":{"line":18,"column":25},"end":{"line":18,"column":34}},"loc":{"start":{"line":18,"column":41},"end":{"line":78,"column":1}},"line":18},"2":{"name":"(anonymous_2)","decl":{"start":{"line":61,"column":16},"end":{"line":61,"column":17}},"loc":{"start":{"line":61,"column":41},"end":{"line":75,"column":7}},"line":61},"3":{"name":"(anonymous_3)","decl":{"start":{"line":65,"column":18},"end":{"line":65,"column":19}},"loc":{"start":{"line":65,"column":44},"end":{"line":73,"column":11}},"line":65}},"branchMap":{"0":{"loc":{"start":{"line":13,"column":46},"end":{"line":13,"column":92}},"type":"cond-expr","locations":[{"start":{"line":13,"column":70},"end":{"line":13,"column":73}},{"start":{"line":13,"column":76},"end":{"line":13,"column":92}}],"line":13},"1":{"loc":{"start":{"line":13,"column":46},"end":{"line":13,"column":67}},"type":"binary-expr","locations":[{"start":{"line":13,"column":46},"end":{"line":13,"column":49}},{"start":{"line":13,"column":53},"end":{"line":13,"column":67}}],"line":13},"2":{"loc":{"start":{"line":23,"column":2},"end":{"line":43,"column":3}},"type":"if","locations":[{"start":{"line":23,"column":2},"end":{"line":43,"column":3}},{"start":{},"end":{}}],"line":23},"3":{"loc":{"start":{"line":48,"column":40},"end":{"line":48,"column":61}},"type":"binary-expr","locations":[{"start":{"line":48,"column":40},"end":{"line":48,"column":45}},{"start":{"line":48,"column":49},"end":{"line":48,"column":61}}],"line":48},"4":{"loc":{"start":{"line":68,"column":47},"end":{"line":68,"column":72}},"type":"cond-expr","locations":[{"start":{"line":68,"column":54},"end":{"line":68,"column":62}},{"start":{"line":68,"column":65},"end":{"line":68,"column":72}}],"line":68},"5":{"loc":{"start":{"line":70,"column":33},"end":{"line":70,"column":61}},"type":"cond-expr","locations":[{"start":{"line":70,"column":40},"end":{"line":70,"column":45}},{"start":{"line":70,"column":48},"end":{"line":70,"column":61}}],"line":70}},"s":{"0":0,"1":0,"2":0,"3":0,"4":0,"5":0,"6":0,"7":0,"8":0,"9":0,"10":0,"11":0,"12":0,"13":0,"14":0,"15":0,"16":0,"17":0},"f":{"0":0,"1":0,"2":0,"3":0},"b":{"0":[0,0],"1":[0,0],"2":[0,0],"3":[0,0],"4":[0,0],"5":[0,0]},"all":true},"/home/jeepark/red-tetris/src/client/components/ScoreBoard.js":{"path":"/home/jeepark/red-tetris/src/client/components/ScoreBoard.js","statementMap":{"0":{"start":{"line":3,"column":0},"end":{"line":5,"column":3}},"1":{"start":{"line":7,"column":13},"end":{"line":7,"column":29}},"2":{"start":{"line":9,"column":14},"end":{"line":9,"column":44}},"3":{"start":{"line":11,"column":0},"end":{"line":11,"column":28}},"4":{"start":{"line":13,"column":39},"end":{"line":13,"column":93}},"5":{"start":{"line":18,"column":17},"end":{"line":55,"column":1}},"6":{"start":{"line":19,"column":14},"end":{"line":19,"column":24}},"7":{"start":{"line":20,"column":21},"end":{"line":20,"column":38}},"8":{"start":{"line":21,"column":14},"end":{"line":21,"column":24}},"9":{"start":{"line":23,"column":2},"end":{"line":54,"column":4}},"10":{"start":{"line":57,"column":0},"end":{"line":57,"column":29}}},"fnMap":{"0":{"name":"_interopRequireDefault","decl":{"start":{"line":13,"column":9},"end":{"line":13,"column":31}},"loc":{"start":{"line":13,"column":37},"end":{"line":13,"column":95}},"line":13},"1":{"name":"ScoreBoard","decl":{"start":{"line":18,"column":26},"end":{"line":18,"column":36}},"loc":{"start":{"line":18,"column":43},"end":{"line":55,"column":1}},"line":18}},"branchMap":{"0":{"loc":{"start":{"line":13,"column":46},"end":{"line":13,"column":92}},"type":"cond-expr","locations":[{"start":{"line":13,"column":70},"end":{"line":13,"column":73}},{"start":{"line":13,"column":76},"end":{"line":13,"column":92}}],"line":13},"1":{"loc":{"start":{"line":13,"column":46},"end":{"line":13,"column":67}},"type":"binary-expr","locations":[{"start":{"line":13,"column":46},"end":{"line":13,"column":49}},{"start":{"line":13,"column":53},"end":{"line":13,"column":67}}],"line":13}},"s":{"0":0,"1":0,"2":0,"3":0,"4":0,"5":0,"6":0,"7":0,"8":0,"9":0,"10":0},"f":{"0":0,"1":0},"b":{"0":[0,0],"1":[0,0]},"all":true},"/home/jeepark/red-tetris/src/client/components/Spectrum.js":{"path":"/home/jeepark/red-tetris/src/client/components/Spectrum.js","statementMap":{"0":{"start":{"line":3,"column":0},"end":{"line":5,"column":3}},"1":{"start":{"line":7,"column":13},"end":{"line":7,"column":29}},"2":{"start":{"line":9,"column":14},"end":{"line":9,"column":44}},"3":{"start":{"line":11,"column":0},"end":{"line":11,"column":26}},"4":{"start":{"line":13,"column":39},"end":{"line":13,"column":93}},"5":{"start":{"line":19,"column":15},"end":{"line":61,"column":1}},"6":{"start":{"line":20,"column":19},"end":{"line":20,"column":34}},"7":{"start":{"line":21,"column":16},"end":{"line":21,"column":28}},"8":{"start":{"line":22,"column":19},"end":{"line":22,"column":34}},"9":{"start":{"line":24,"column":18},"end":{"line":24,"column":20}},"10":{"start":{"line":26,"column":2},"end":{"line":60,"column":4}},"11":{"start":{"line":47,"column":8},"end":{"line":57,"column":10}},"12":{"start":{"line":64,"column":24},"end":{"line":76,"column":1}},"13":{"start":{"line":65,"column":14},"end":{"line":65,"column":32}},"14":{"start":{"line":67,"column":2},"end":{"line":75,"column":3}},"15":{"start":{"line":68,"column":4},"end":{"line":68,"column":21}},"16":{"start":{"line":69,"column":9},"end":{"line":75,"column":3}},"17":{"start":{"line":70,"column":4},"end":{"line":70,"column":21}},"18":{"start":{"line":71,"column":9},"end":{"line":75,"column":3}},"19":{"start":{"line":72,"column":4},"end":{"line":72,"column":21}},"20":{"start":{"line":74,"column":4},"end":{"line":74,"column":21}},"21":{"start":{"line":78,"column":0},"end":{"line":78,"column":27}}},"fnMap":{"0":{"name":"_interopRequireDefault","decl":{"start":{"line":13,"column":9},"end":{"line":13,"column":31}},"loc":{"start":{"line":13,"column":37},"end":{"line":13,"column":95}},"line":13},"1":{"name":"Spectrum","decl":{"start":{"line":19,"column":24},"end":{"line":19,"column":32}},"loc":{"start":{"line":19,"column":39},"end":{"line":61,"column":1}},"line":19},"2":{"name":"(anonymous_2)","decl":{"start":{"line":46,"column":18},"end":{"line":46,"column":19}},"loc":{"start":{"line":46,"column":43},"end":{"line":58,"column":7}},"line":46},"3":{"name":"getColorForHeight","decl":{"start":{"line":64,"column":33},"end":{"line":64,"column":50}},"loc":{"start":{"line":64,"column":70},"end":{"line":76,"column":1}},"line":64}},"branchMap":{"0":{"loc":{"start":{"line":13,"column":46},"end":{"line":13,"column":92}},"type":"cond-expr","locations":[{"start":{"line":13,"column":70},"end":{"line":13,"column":73}},{"start":{"line":13,"column":76},"end":{"line":13,"column":92}}],"line":13},"1":{"loc":{"start":{"line":13,"column":46},"end":{"line":13,"column":67}},"type":"binary-expr","locations":[{"start":{"line":13,"column":46},"end":{"line":13,"column":49}},{"start":{"line":13,"column":53},"end":{"line":13,"column":67}}],"line":13},"2":{"loc":{"start":{"line":28,"column":42},"end":{"line":28,"column":71}},"type":"cond-expr","locations":[{"start":{"line":28,"column":55},"end":{"line":28,"column":66}},{"start":{"line":28,"column":69},"end":{"line":28,"column":71}}],"line":28},"3":{"loc":{"start":{"line":37,"column":6},"end":{"line":41,"column":7}},"type":"binary-expr","locations":[{"start":{"line":37,"column":6},"end":{"line":37,"column":16}},{"start":{"line":37,"column":20},"end":{"line":41,"column":7}}],"line":37},"4":{"loc":{"start":{"line":67,"column":2},"end":{"line":75,"column":3}},"type":"if","locations":[{"start":{"line":67,"column":2},"end":{"line":75,"column":3}},{"start":{"line":69,"column":9},"end":{"line":75,"column":3}}],"line":67},"5":{"loc":{"start":{"line":69,"column":9},"end":{"line":75,"column":3}},"type":"if","locations":[{"start":{"line":69,"column":9},"end":{"line":75,"column":3}},{"start":{"line":71,"column":9},"end":{"line":75,"column":3}}],"line":69},"6":{"loc":{"start":{"line":71,"column":9},"end":{"line":75,"column":3}},"type":"if","locations":[{"start":{"line":71,"column":9},"end":{"line":75,"column":3}},{"start":{"line":73,"column":9},"end":{"line":75,"column":3}}],"line":71}},"s":{"0":0,"1":0,"2":0,"3":0,"4":0,"5":0,"6":0,"7":0,"8":0,"9":0,"10":0,"11":0,"12":0,"13":0,"14":0,"15":0,"16":0,"17":0,"18":0,"19":0,"20":0,"21":0},"f":{"0":0,"1":0,"2":0,"3":0},"b":{"0":[0,0],"1":[0,0],"2":[0,0],"3":[0,0],"4":[0,0],"5":[0,0],"6":[0,0]},"all":true},"/home/jeepark/red-tetris/src/client/components/ThemeToggle.js":{"path":"/home/jeepark/red-tetris/src/client/components/ThemeToggle.js","statementMap":{"0":{"start":{"line":3,"column":0},"end":{"line":5,"column":3}},"1":{"start":{"line":7,"column":13},"end":{"line":7,"column":29}},"2":{"start":{"line":9,"column":14},"end":{"line":9,"column":44}},"3":{"start":{"line":11,"column":39},"end":{"line":11,"column":93}},"4":{"start":{"line":16,"column":18},"end":{"line":30,"column":1}},"5":{"start":{"line":17,"column":19},"end":{"line":17,"column":34}},"6":{"start":{"line":18,"column":20},"end":{"line":18,"column":36}},"7":{"start":{"line":20,"column":2},"end":{"line":29,"column":4}},"8":{"start":{"line":32,"column":0},"end":{"line":32,"column":30}}},"fnMap":{"0":{"name":"_interopRequireDefault","decl":{"start":{"line":11,"column":9},"end":{"line":11,"column":31}},"loc":{"start":{"line":11,"column":37},"end":{"line":11,"column":95}},"line":11},"1":{"name":"ThemeToggle","decl":{"start":{"line":16,"column":27},"end":{"line":16,"column":38}},"loc":{"start":{"line":16,"column":45},"end":{"line":30,"column":1}},"line":16}},"branchMap":{"0":{"loc":{"start":{"line":11,"column":46},"end":{"line":11,"column":92}},"type":"cond-expr","locations":[{"start":{"line":11,"column":70},"end":{"line":11,"column":73}},{"start":{"line":11,"column":76},"end":{"line":11,"column":92}}],"line":11},"1":{"loc":{"start":{"line":11,"column":46},"end":{"line":11,"column":67}},"type":"binary-expr","locations":[{"start":{"line":11,"column":46},"end":{"line":11,"column":49}},{"start":{"line":11,"column":53},"end":{"line":11,"column":67}}],"line":11},"2":{"loc":{"start":{"line":26,"column":13},"end":{"line":26,"column":72}},"type":"cond-expr","locations":[{"start":{"line":26,"column":26},"end":{"line":26,"column":48}},{"start":{"line":26,"column":51},"end":{"line":26,"column":72}}],"line":26},"3":{"loc":{"start":{"line":28,"column":4},"end":{"line":28,"column":28}},"type":"cond-expr","locations":[{"start":{"line":28,"column":17},"end":{"line":28,"column":21}},{"start":{"line":28,"column":24},"end":{"line":28,"column":28}}],"line":28}},"s":{"0":0,"1":0,"2":0,"3":0,"4":0,"5":0,"6":0,"7":0,"8":0},"f":{"0":0,"1":0},"b":{"0":[0,0],"1":[0,0],"2":[0,0],"3":[0,0]},"all":true},"/home/jeepark/red-tetris/src/client/game/spectrumUtils.js":{"path":"/home/jeepark/red-tetris/src/client/game/spectrumUtils.js","statementMap":{"0":{"start":{"line":3,"column":0},"end":{"line":5,"column":3}},"1":{"start":{"line":12,"column":24},"end":{"line":36,"column":1}},"2":{"start":{"line":13,"column":19},"end":{"line":13,"column":21}},"3":{"start":{"line":14,"column":16},"end":{"line":14,"column":18}},"4":{"start":{"line":15,"column":22},"end":{"line":15,"column":23}},"5":{"start":{"line":17,"column":16},"end":{"line":17,"column":18}},"6":{"start":{"line":19,"column":2},"end":{"line":33,"column":3}},"7":{"start":{"line":19,"column":17},"end":{"line":19,"column":18}},"8":{"start":{"line":20,"column":20},"end":{"line":20,"column":21}},"9":{"start":{"line":23,"column":4},"end":{"line":30,"column":5}},"10":{"start":{"line":23,"column":19},"end":{"line":23,"column":32}},"11":{"start":{"line":24,"column":6},"end":{"line":29,"column":7}},"12":{"start":{"line":27,"column":8},"end":{"line":27,"column":34}},"13":{"start":{"line":28,"column":8},"end":{"line":28,"column":14}},"14":{"start":{"line":32,"column":4},"end":{"line":32,"column":28}},"15":{"start":{"line":35,"column":2},"end":{"line":35,"column":17}}},"fnMap":{"0":{"name":"calculateSpectrum","decl":{"start":{"line":12,"column":61},"end":{"line":12,"column":78}},"loc":{"start":{"line":12,"column":85},"end":{"line":36,"column":1}},"line":12}},"branchMap":{"0":{"loc":{"start":{"line":24,"column":6},"end":{"line":29,"column":7}},"type":"if","locations":[{"start":{"line":24,"column":6},"end":{"line":29,"column":7}},{"start":{},"end":{}}],"line":24},"1":{"loc":{"start":{"line":24,"column":10},"end":{"line":24,"column":62}},"type":"binary-expr","locations":[{"start":{"line":24,"column":10},"end":{"line":24,"column":19}},{"start":{"line":24,"column":23},"end":{"line":24,"column":37}},{"start":{"line":24,"column":41},"end":{"line":24,"column":62}}],"line":24}},"s":{"0":0,"1":0,"2":0,"3":0,"4":0,"5":0,"6":0,"7":0,"8":0,"9":0,"10":0,"11":0,"12":0,"13":0,"14":0,"15":0},"f":{"0":0},"b":{"0":[0,0],"1":[0,0,0]},"all":true},"/home/jeepark/red-tetris/src/client/game/tetriminos.js":{"path":"/home/jeepark/red-tetris/src/client/game/tetriminos.js","statementMap":{"0":{"start":{"line":3,"column":0},"end":{"line":5,"column":3}},"1":{"start":{"line":6,"column":17},"end":{"line":35,"column":1}}},"fnMap":{},"branchMap":{},"s":{"0":0,"1":0},"f":{},"b":{},"all":true},"/home/jeepark/red-tetris/src/client/game/useControls.js":{"path":"/home/jeepark/red-tetris/src/client/game/useControls.js","statementMap":{"0":{"start":{"line":3,"column":0},"end":{"line":5,"column":3}},"1":{"start":{"line":6,"column":0},"end":{"line":6,"column":32}},"2":{"start":{"line":8,"column":14},"end":{"line":8,"column":268}},"3":{"start":{"line":8,"column":101},"end":{"line":8,"column":119}},"4":{"start":{"line":8,"column":141},"end":{"line":8,"column":266}},"5":{"start":{"line":10,"column":15},"end":{"line":10,"column":256}},"6":{"start":{"line":10,"column":52},"end":{"line":10,"column":239}},"7":{"start":{"line":10,"column":65},"end":{"line":10,"column":66}},"8":{"start":{"line":10,"column":110},"end":{"line":10,"column":122}},"9":{"start":{"line":10,"column":124},"end":{"line":10,"column":237}},"10":{"start":{"line":10,"column":150},"end":{"line":10,"column":235}},"11":{"start":{"line":10,"column":207},"end":{"line":10,"column":233}},"12":{"start":{"line":10,"column":240},"end":{"line":10,"column":254}},"13":{"start":{"line":12,"column":13},"end":{"line":12,"column":29}},"14":{"start":{"line":14,"column":13},"end":{"line":14,"column":31}},"15":{"start":{"line":16,"column":18},"end":{"line":144,"column":1}},"16":{"start":{"line":17,"column":15},"end":{"line":17,"column":26}},"17":{"start":{"line":18,"column":18},"end":{"line":18,"column":32}},"18":{"start":{"line":19,"column":13},"end":{"line":19,"column":22}},"19":{"start":{"line":20,"column":19},"end":{"line":20,"column":34}},"20":{"start":{"line":22,"column":13},"end":{"line":35,"column":31}},"21":{"start":{"line":23,"column":17},"end":{"line":26,"column":5}},"22":{"start":{"line":28,"column":23},"end":{"line":28,"column":77}},"23":{"start":{"line":30,"column":4},"end":{"line":34,"column":27}},"24":{"start":{"line":31,"column":6},"end":{"line":33,"column":10}},"25":{"start":{"line":34,"column":11},"end":{"line":34,"column":27}},"26":{"start":{"line":37,"column":17},"end":{"line":50,"column":31}},"27":{"start":{"line":38,"column":16},"end":{"line":38,"column":33}},"28":{"start":{"line":40,"column":4},"end":{"line":45,"column":5}},"29":{"start":{"line":44,"column":6},"end":{"line":44,"column":14}},"30":{"start":{"line":47,"column":4},"end":{"line":49,"column":8}},"31":{"start":{"line":52,"column":15},"end":{"line":58,"column":3}},"32":{"start":{"line":53,"column":4},"end":{"line":57,"column":17}},"33":{"start":{"line":54,"column":6},"end":{"line":56,"column":9}},"34":{"start":{"line":55,"column":8},"end":{"line":55,"column":22}},"35":{"start":{"line":60,"column":20},"end":{"line":110,"column":3}},"36":{"start":{"line":61,"column":23},"end":{"line":61,"column":43}},"37":{"start":{"line":62,"column":22},"end":{"line":62,"column":37}},"38":{"start":{"line":63,"column":18},"end":{"line":63,"column":35}},"39":{"start":{"line":65,"column":36},"end":{"line":65,"column":40}},"40":{"start":{"line":66,"column":28},"end":{"line":66,"column":33}},"41":{"start":{"line":67,"column":25},"end":{"line":67,"column":34}},"42":{"start":{"line":69,"column":4},"end":{"line":107,"column":5}},"43":{"start":{"line":70,"column":18},"end":{"line":86,"column":7}},"44":{"start":{"line":71,"column":21},"end":{"line":71,"column":32}},"45":{"start":{"line":73,"column":21},"end":{"line":73,"column":68}},"46":{"start":{"line":75,"column":8},"end":{"line":85,"column":9}},"47":{"start":{"line":76,"column":10},"end":{"line":81,"column":13}},"48":{"start":{"line":77,"column":12},"end":{"line":80,"column":15}},"49":{"start":{"line":82,"column":10},"end":{"line":84,"column":12}},"50":{"start":{"line":88,"column":6},"end":{"line":92,"column":7}},"51":{"start":{"line":88,"column":27},"end":{"line":88,"column":53}},"52":{"start":{"line":89,"column":19},"end":{"line":89,"column":26}},"53":{"start":{"line":91,"column":8},"end":{"line":91,"column":100}},"54":{"start":{"line":91,"column":86},"end":{"line":91,"column":100}},"55":{"start":{"line":95,"column":6},"end":{"line":95,"column":31}},"56":{"start":{"line":96,"column":6},"end":{"line":96,"column":27}},"57":{"start":{"line":98,"column":6},"end":{"line":106,"column":7}},"58":{"start":{"line":99,"column":8},"end":{"line":101,"column":9}},"59":{"start":{"line":100,"column":10},"end":{"line":100,"column":29}},"60":{"start":{"line":103,"column":8},"end":{"line":105,"column":9}},"61":{"start":{"line":104,"column":10},"end":{"line":104,"column":31}},"62":{"start":{"line":109,"column":4},"end":{"line":109,"column":11}},"63":{"start":{"line":112,"column":22},"end":{"line":136,"column":47}},"64":{"start":{"line":113,"column":4},"end":{"line":113,"column":27}},"65":{"start":{"line":113,"column":20},"end":{"line":113,"column":27}},"66":{"start":{"line":115,"column":4},"end":{"line":115,"column":23}},"67":{"start":{"line":117,"column":4},"end":{"line":135,"column":5}},"68":{"start":{"line":119,"column":8},"end":{"line":119,"column":20}},"69":{"start":{"line":120,"column":8},"end":{"line":120,"column":14}},"70":{"start":{"line":122,"column":8},"end":{"line":122,"column":19}},"71":{"start":{"line":123,"column":8},"end":{"line":123,"column":14}},"72":{"start":{"line":125,"column":8},"end":{"line":125,"column":19}},"73":{"start":{"line":126,"column":8},"end":{"line":126,"column":14}},"74":{"start":{"line":128,"column":8},"end":{"line":128,"column":22}},"75":{"start":{"line":129,"column":8},"end":{"line":129,"column":14}},"76":{"start":{"line":131,"column":8},"end":{"line":131,"column":19}},"77":{"start":{"line":132,"column":8},"end":{"line":132,"column":14}},"78":{"start":{"line":134,"column":8},"end":{"line":134,"column":14}},"79":{"start":{"line":138,"column":2},"end":{"line":143,"column":22}},"80":{"start":{"line":139,"column":4},"end":{"line":139,"column":54}},"81":{"start":{"line":140,"column":4},"end":{"line":142,"column":6}},"82":{"start":{"line":141,"column":6},"end":{"line":141,"column":66}}},"fnMap":{"0":{"name":"(anonymous_0)","decl":{"start":{"line":8,"column":84},"end":{"line":8,"column":85}},"loc":{"start":{"line":8,"column":99},"end":{"line":8,"column":121}},"line":8},"1":{"name":"(anonymous_1)","decl":{"start":{"line":8,"column":124},"end":{"line":8,"column":125}},"loc":{"start":{"line":8,"column":139},"end":{"line":8,"column":268}},"line":8},"2":{"name":"(anonymous_2)","decl":{"start":{"line":10,"column":32},"end":{"line":10,"column":33}},"loc":{"start":{"line":10,"column":50},"end":{"line":10,"column":256}},"line":10},"3":{"name":"useControls","decl":{"start":{"line":16,"column":49},"end":{"line":16,"column":60}},"loc":{"start":{"line":16,"column":67},"end":{"line":144,"column":1}},"line":16},"4":{"name":"(anonymous_4)","decl":{"start":{"line":22,"column":37},"end":{"line":22,"column":38}},"loc":{"start":{"line":22,"column":55},"end":{"line":35,"column":3}},"line":22},"5":{"name":"(anonymous_5)","decl":{"start":{"line":37,"column":41},"end":{"line":37,"column":42}},"loc":{"start":{"line":37,"column":53},"end":{"line":50,"column":3}},"line":37},"6":{"name":"rotate","decl":{"start":{"line":52,"column":24},"end":{"line":52,"column":30}},"loc":{"start":{"line":52,"column":39},"end":{"line":58,"column":3}},"line":52},"7":{"name":"(anonymous_7)","decl":{"start":{"line":53,"column":25},"end":{"line":53,"column":26}},"loc":{"start":{"line":53,"column":41},"end":{"line":57,"column":5}},"line":53},"8":{"name":"(anonymous_8)","decl":{"start":{"line":54,"column":24},"end":{"line":54,"column":25}},"loc":{"start":{"line":54,"column":39},"end":{"line":56,"column":7}},"line":54},"9":{"name":"rotatePiece","decl":{"start":{"line":60,"column":29},"end":{"line":60,"column":40}},"loc":{"start":{"line":60,"column":43},"end":{"line":110,"column":3}},"line":60},"10":{"name":"_loop","decl":{"start":{"line":70,"column":27},"end":{"line":70,"column":32}},"loc":{"start":{"line":70,"column":35},"end":{"line":86,"column":7}},"line":70},"11":{"name":"(anonymous_11)","decl":{"start":{"line":76,"column":20},"end":{"line":76,"column":21}},"loc":{"start":{"line":76,"column":36},"end":{"line":81,"column":11}},"line":76},"12":{"name":"(anonymous_12)","decl":{"start":{"line":112,"column":46},"end":{"line":112,"column":47}},"loc":{"start":{"line":112,"column":59},"end":{"line":136,"column":3}},"line":112},"13":{"name":"(anonymous_13)","decl":{"start":{"line":138,"column":24},"end":{"line":138,"column":25}},"loc":{"start":{"line":138,"column":36},"end":{"line":143,"column":3}},"line":138},"14":{"name":"(anonymous_14)","decl":{"start":{"line":140,"column":11},"end":{"line":140,"column":12}},"loc":{"start":{"line":140,"column":23},"end":{"line":142,"column":5}},"line":140}},"branchMap":{"0":{"loc":{"start":{"line":8,"column":14},"end":{"line":8,"column":268}},"type":"cond-expr","locations":[{"start":{"line":8,"column":84},"end":{"line":8,"column":121}},{"start":{"line":8,"column":124},"end":{"line":8,"column":268}}],"line":8},"1":{"loc":{"start":{"line":8,"column":14},"end":{"line":8,"column":81}},"type":"binary-expr","locations":[{"start":{"line":8,"column":14},"end":{"line":8,"column":42}},{"start":{"line":8,"column":46},"end":{"line":8,"column":81}}],"line":8},"2":{"loc":{"start":{"line":8,"column":148},"end":{"line":8,"column":265}},"type":"cond-expr","locations":[{"start":{"line":8,"column":244},"end":{"line":8,"column":252}},{"start":{"line":8,"column":255},"end":{"line":8,"column":265}}],"line":8},"3":{"loc":{"start":{"line":8,"column":148},"end":{"line":8,"column":241}},"type":"binary-expr","locations":[{"start":{"line":8,"column":148},"end":{"line":8,"column":151}},{"start":{"line":8,"column":155},"end":{"line":8,"column":183}},{"start":{"line":8,"column":187},"end":{"line":8,"column":213}},{"start":{"line":8,"column":217},"end":{"line":8,"column":241}}],"line":8},"4":{"loc":{"start":{"line":10,"column":15},"end":{"line":10,"column":256}},"type":"binary-expr","locations":[{"start":{"line":10,"column":15},"end":{"line":10,"column":28}},{"start":{"line":10,"column":32},"end":{"line":10,"column":256}}],"line":10},"5":{"loc":{"start":{"line":10,"column":150},"end":{"line":10,"column":235}},"type":"if","locations":[{"start":{"line":10,"column":150},"end":{"line":10,"column":235}},{"start":{},"end":{}}],"line":10},"6":{"loc":{"start":{"line":30,"column":4},"end":{"line":34,"column":27}},"type":"if","locations":[{"start":{"line":30,"column":4},"end":{"line":34,"column":27}},{"start":{"line":34,"column":11},"end":{"line":34,"column":27}}],"line":30},"7":{"loc":{"start":{"line":34,"column":11},"end":{"line":34,"column":27}},"type":"if","locations":[{"start":{"line":34,"column":11},"end":{"line":34,"column":27}},{"start":{},"end":{}}],"line":34},"8":{"loc":{"start":{"line":75,"column":8},"end":{"line":85,"column":9}},"type":"if","locations":[{"start":{"line":75,"column":8},"end":{"line":85,"column":9}},{"start":{},"end":{}}],"line":75},"9":{"loc":{"start":{"line":91,"column":8},"end":{"line":91,"column":100}},"type":"if","locations":[{"start":{"line":91,"column":8},"end":{"line":91,"column":100}},{"start":{},"end":{}}],"line":91},"10":{"loc":{"start":{"line":91,"column":13},"end":{"line":91,"column":70}},"type":"cond-expr","locations":[{"start":{"line":91,"column":43},"end":{"line":91,"column":54}},{"start":{"line":91,"column":57},"end":{"line":91,"column":70}}],"line":91},"11":{"loc":{"start":{"line":99,"column":8},"end":{"line":101,"column":9}},"type":"if","locations":[{"start":{"line":99,"column":8},"end":{"line":101,"column":9}},{"start":{},"end":{}}],"line":99},"12":{"loc":{"start":{"line":99,"column":12},"end":{"line":99,"column":58}},"type":"binary-expr","locations":[{"start":{"line":99,"column":12},"end":{"line":99,"column":38}},{"start":{"line":99,"column":42},"end":{"line":99,"column":58}}],"line":99},"13":{"loc":{"start":{"line":103,"column":8},"end":{"line":105,"column":9}},"type":"if","locations":[{"start":{"line":103,"column":8},"end":{"line":105,"column":9}},{"start":{},"end":{}}],"line":103},"14":{"loc":{"start":{"line":113,"column":4},"end":{"line":113,"column":27}},"type":"if","locations":[{"start":{"line":113,"column":4},"end":{"line":113,"column":27}},{"start":{},"end":{}}],"line":113},"15":{"loc":{"start":{"line":117,"column":4},"end":{"line":135,"column":5}},"type":"switch","locations":[{"start":{"line":118,"column":6},"end":{"line":120,"column":14}},{"start":{"line":121,"column":6},"end":{"line":123,"column":14}},{"start":{"line":124,"column":6},"end":{"line":126,"column":14}},{"start":{"line":127,"column":6},"end":{"line":129,"column":14}},{"start":{"line":130,"column":6},"end":{"line":132,"column":14}},{"start":{"line":133,"column":6},"end":{"line":134,"column":14}}],"line":117}},"s":{"0":0,"1":0,"2":0,"3":0,"4":0,"5":0,"6":0,"7":0,"8":0,"9":0,"10":0,"11":0,"12":0,"13":0,"14":0,"15":0,"16":0,"17":0,"18":0,"19":0,"20":0,"21":0,"22":0,"23":0,"24":0,"25":0,"26":0,"27":0,"28":0,"29":0,"30":0,"31":0,"32":0,"33":0,"34":0,"35":0,"36":0,"37":0,"38":0,"39":0,"40":0,"41":0,"42":0,"43":0,"44":0,"45":0,"46":0,"47":0,"48":0,"49":0,"50":0,"51":0,"52":0,"53":0,"54":0,"55":0,"56":0,"57":0,"58":0,"59":0,"60":0,"61":0,"62":0,"63":0,"64":0,"65":0,"66":0,"67":0,"68":0,"69":0,"70":0,"71":0,"72":0,"73":0,"74":0,"75":0,"76":0,"77":0,"78":0,"79":0,"80":0,"81":0,"82":0},"f":{"0":0,"1":0,"2":0,"3":0,"4":0,"5":0,"6":0,"7":0,"8":0,"9":0,"10":0,"11":0,"12":0,"13":0,"14":0},"b":{"0":[0,0],"1":[0,0],"2":[0,0],"3":[0,0,0,0],"4":[0,0],"5":[0,0],"6":[0,0],"7":[0,0],"8":[0,0],"9":[0,0],"10":[0,0],"11":[0,0],"12":[0,0],"13":[0,0],"14":[0,0],"15":[0,0,0,0,0,0]},"all":true},"/home/jeepark/red-tetris/src/client/game/useGame.js":{"path":"/home/jeepark/red-tetris/src/client/game/useGame.js","statementMap":{"0":{"start":{"line":3,"column":0},"end":{"line":5,"column":3}},"1":{"start":{"line":6,"column":0},"end":{"line":6,"column":28}},"2":{"start":{"line":8,"column":15},"end":{"line":8,"column":256}},"3":{"start":{"line":8,"column":52},"end":{"line":8,"column":239}},"4":{"start":{"line":8,"column":65},"end":{"line":8,"column":66}},"5":{"start":{"line":8,"column":110},"end":{"line":8,"column":122}},"6":{"start":{"line":8,"column":124},"end":{"line":8,"column":237}},"7":{"start":{"line":8,"column":150},"end":{"line":8,"column":235}},"8":{"start":{"line":8,"column":207},"end":{"line":8,"column":233}},"9":{"start":{"line":8,"column":240},"end":{"line":8,"column":254}},"10":{"start":{"line":10,"column":21},"end":{"line":10,"column":663}},"11":{"start":{"line":10,"column":79},"end":{"line":10,"column":81}},"12":{"start":{"line":10,"column":92},"end":{"line":10,"column":96}},"13":{"start":{"line":10,"column":107},"end":{"line":10,"column":112}},"14":{"start":{"line":10,"column":123},"end":{"line":10,"column":132}},"15":{"start":{"line":10,"column":134},"end":{"line":10,"column":413}},"16":{"start":{"line":10,"column":140},"end":{"line":10,"column":283}},"17":{"start":{"line":10,"column":154},"end":{"line":10,"column":176}},"18":{"start":{"line":10,"column":226},"end":{"line":10,"column":246}},"19":{"start":{"line":10,"column":247},"end":{"line":10,"column":281}},"20":{"start":{"line":10,"column":275},"end":{"line":10,"column":281}},"21":{"start":{"line":10,"column":300},"end":{"line":10,"column":310}},"22":{"start":{"line":10,"column":311},"end":{"line":10,"column":320}},"23":{"start":{"line":10,"column":333},"end":{"line":10,"column":411}},"24":{"start":{"line":10,"column":339},"end":{"line":10,"column":379}},"25":{"start":{"line":10,"column":364},"end":{"line":10,"column":379}},"26":{"start":{"line":10,"column":392},"end":{"line":10,"column":409}},"27":{"start":{"line":10,"column":400},"end":{"line":10,"column":409}},"28":{"start":{"line":10,"column":414},"end":{"line":10,"column":426}},"29":{"start":{"line":10,"column":429},"end":{"line":10,"column":659}},"30":{"start":{"line":10,"column":456},"end":{"line":10,"column":656}},"31":{"start":{"line":10,"column":482},"end":{"line":10,"column":493}},"32":{"start":{"line":10,"column":501},"end":{"line":10,"column":656}},"33":{"start":{"line":10,"column":539},"end":{"line":10,"column":568}},"34":{"start":{"line":10,"column":578},"end":{"line":10,"column":654}},"35":{"start":{"line":12,"column":13},"end":{"line":12,"column":29}},"36":{"start":{"line":14,"column":13},"end":{"line":14,"column":31}},"37":{"start":{"line":16,"column":21},"end":{"line":16,"column":56}},"38":{"start":{"line":18,"column":18},"end":{"line":18,"column":41}},"39":{"start":{"line":20,"column":35},"end":{"line":20,"column":193}},"40":{"start":{"line":20,"column":61},"end":{"line":20,"column":145}},"41":{"start":{"line":20,"column":74},"end":{"line":20,"column":75}},"42":{"start":{"line":20,"column":84},"end":{"line":20,"column":101}},"43":{"start":{"line":20,"column":126},"end":{"line":20,"column":143}},"44":{"start":{"line":20,"column":146},"end":{"line":20,"column":158}},"45":{"start":{"line":20,"column":168},"end":{"line":20,"column":191}},"46":{"start":{"line":22,"column":14},"end":{"line":233,"column":1}},"47":{"start":{"line":24,"column":15},"end":{"line":24,"column":46}},"48":{"start":{"line":26,"column":18},"end":{"line":28,"column":4}},"49":{"start":{"line":27,"column":4},"end":{"line":27,"column":81}},"50":{"start":{"line":29,"column":19},"end":{"line":29,"column":47}},"51":{"start":{"line":30,"column":13},"end":{"line":30,"column":26}},"52":{"start":{"line":31,"column":16},"end":{"line":31,"column":29}},"53":{"start":{"line":33,"column":19},"end":{"line":33,"column":70}},"54":{"start":{"line":34,"column":19},"end":{"line":34,"column":48}},"55":{"start":{"line":35,"column":13},"end":{"line":35,"column":26}},"56":{"start":{"line":36,"column":16},"end":{"line":36,"column":29}},"57":{"start":{"line":38,"column":18},"end":{"line":38,"column":44}},"58":{"start":{"line":39,"column":16},"end":{"line":39,"column":40}},"59":{"start":{"line":41,"column":2},"end":{"line":43,"column":15}},"60":{"start":{"line":42,"column":4},"end":{"line":42,"column":31}},"61":{"start":{"line":45,"column":2},"end":{"line":47,"column":13}},"62":{"start":{"line":46,"column":4},"end":{"line":46,"column":27}},"63":{"start":{"line":50,"column":2},"end":{"line":71,"column":34}},"64":{"start":{"line":52,"column":22},"end":{"line":52,"column":66}},"65":{"start":{"line":57,"column":4},"end":{"line":68,"column":5}},"66":{"start":{"line":58,"column":6},"end":{"line":67,"column":7}},"67":{"start":{"line":59,"column":21},"end":{"line":59,"column":92}},"68":{"start":{"line":62,"column":8},"end":{"line":64,"column":9}},"69":{"start":{"line":63,"column":10},"end":{"line":63,"column":89}},"70":{"start":{"line":66,"column":8},"end":{"line":66,"column":66}},"71":{"start":{"line":70,"column":4},"end":{"line":70,"column":25}},"72":{"start":{"line":73,"column":21},"end":{"line":73,"column":50}},"73":{"start":{"line":75,"column":2},"end":{"line":77,"column":18}},"74":{"start":{"line":76,"column":4},"end":{"line":76,"column":37}},"75":{"start":{"line":80,"column":2},"end":{"line":128,"column":42}},"76":{"start":{"line":81,"column":4},"end":{"line":81,"column":24}},"77":{"start":{"line":81,"column":17},"end":{"line":81,"column":24}},"78":{"start":{"line":83,"column":33},"end":{"line":119,"column":5}},"79":{"start":{"line":84,"column":18},"end":{"line":84,"column":28}},"80":{"start":{"line":86,"column":23},"end":{"line":86,"column":57}},"81":{"start":{"line":87,"column":6},"end":{"line":90,"column":7}},"82":{"start":{"line":88,"column":8},"end":{"line":88,"column":66}},"83":{"start":{"line":89,"column":8},"end":{"line":89,"column":15}},"84":{"start":{"line":92,"column":6},"end":{"line":92,"column":69}},"85":{"start":{"line":95,"column":29},"end":{"line":95,"column":49}},"86":{"start":{"line":96,"column":6},"end":{"line":108,"column":7}},"87":{"start":{"line":97,"column":8},"end":{"line":97,"column":85}},"88":{"start":{"line":99,"column":27},"end":{"line":105,"column":9}},"89":{"start":{"line":107,"column":8},"end":{"line":107,"column":34}},"90":{"start":{"line":111,"column":25},"end":{"line":115,"column":7}},"91":{"start":{"line":117,"column":6},"end":{"line":117,"column":33}},"92":{"start":{"line":118,"column":6},"end":{"line":118,"column":57}},"93":{"start":{"line":121,"column":4},"end":{"line":121,"column":54}},"94":{"start":{"line":122,"column":4},"end":{"line":122,"column":52}},"95":{"start":{"line":124,"column":4},"end":{"line":127,"column":6}},"96":{"start":{"line":125,"column":6},"end":{"line":125,"column":53}},"97":{"start":{"line":126,"column":6},"end":{"line":126,"column":55}},"98":{"start":{"line":130,"column":2},"end":{"line":162,"column":15}},"99":{"start":{"line":131,"column":4},"end":{"line":131,"column":24}},"100":{"start":{"line":131,"column":17},"end":{"line":131,"column":24}},"101":{"start":{"line":132,"column":4},"end":{"line":132,"column":61}},"102":{"start":{"line":133,"column":24},"end":{"line":156,"column":5}},"103":{"start":{"line":134,"column":18},"end":{"line":134,"column":29}},"104":{"start":{"line":136,"column":6},"end":{"line":136,"column":98}},"105":{"start":{"line":138,"column":6},"end":{"line":155,"column":9}},"106":{"start":{"line":139,"column":20},"end":{"line":139,"column":38}},"107":{"start":{"line":141,"column":23},"end":{"line":149,"column":10}},"108":{"start":{"line":142,"column":10},"end":{"line":148,"column":13}},"109":{"start":{"line":143,"column":12},"end":{"line":147,"column":14}},"110":{"start":{"line":151,"column":22},"end":{"line":151,"column":104}},"111":{"start":{"line":153,"column":8},"end":{"line":153,"column":69}},"112":{"start":{"line":154,"column":8},"end":{"line":154,"column":23}},"113":{"start":{"line":158,"column":4},"end":{"line":158,"column":48}},"114":{"start":{"line":159,"column":4},"end":{"line":161,"column":6}},"115":{"start":{"line":160,"column":6},"end":{"line":160,"column":51}},"116":{"start":{"line":165,"column":2},"end":{"line":230,"column":32}},"117":{"start":{"line":166,"column":4},"end":{"line":171,"column":5}},"118":{"start":{"line":167,"column":6},"end":{"line":167,"column":70}},"119":{"start":{"line":168,"column":18},"end":{"line":168,"column":47}},"120":{"start":{"line":169,"column":6},"end":{"line":169,"column":21}},"121":{"start":{"line":170,"column":6},"end":{"line":170,"column":21}},"122":{"start":{"line":172,"column":4},"end":{"line":172,"column":43}},"123":{"start":{"line":172,"column":36},"end":{"line":172,"column":43}},"124":{"start":{"line":174,"column":19},"end":{"line":225,"column":11}},"125":{"start":{"line":175,"column":19},"end":{"line":175,"column":36}},"126":{"start":{"line":176,"column":17},"end":{"line":176,"column":32}},"127":{"start":{"line":178,"column":20},"end":{"line":178,"column":79}},"128":{"start":{"line":180,"column":6},"end":{"line":224,"column":7}},"129":{"start":{"line":181,"column":8},"end":{"line":181,"column":65}},"130":{"start":{"line":183,"column":21},"end":{"line":183,"column":65}},"131":{"start":{"line":185,"column":29},"end":{"line":185,"column":62}},"132":{"start":{"line":186,"column":22},"end":{"line":186,"column":44}},"133":{"start":{"line":187,"column":27},"end":{"line":187,"column":54}},"134":{"start":{"line":189,"column":8},"end":{"line":189,"column":25}},"135":{"start":{"line":191,"column":8},"end":{"line":204,"column":9}},"136":{"start":{"line":192,"column":10},"end":{"line":192,"column":73}},"137":{"start":{"line":195,"column":10},"end":{"line":197,"column":11}},"138":{"start":{"line":196,"column":12},"end":{"line":196,"column":41}},"139":{"start":{"line":199,"column":10},"end":{"line":203,"column":13}},"140":{"start":{"line":206,"column":8},"end":{"line":214,"column":9}},"141":{"start":{"line":207,"column":10},"end":{"line":207,"column":47}},"142":{"start":{"line":207,"column":30},"end":{"line":207,"column":47}},"143":{"start":{"line":208,"column":10},"end":{"line":211,"column":13}},"144":{"start":{"line":212,"column":10},"end":{"line":212,"column":34}},"145":{"start":{"line":213,"column":10},"end":{"line":213,"column":17}},"146":{"start":{"line":216,"column":8},"end":{"line":219,"column":11}},"147":{"start":{"line":220,"column":8},"end":{"line":223,"column":11}},"148":{"start":{"line":227,"column":4},"end":{"line":229,"column":6}},"149":{"start":{"line":228,"column":6},"end":{"line":228,"column":37}},"150":{"start":{"line":232,"column":2},"end":{"line":232,"column":36}}},"fnMap":{"0":{"name":"(anonymous_0)","decl":{"start":{"line":8,"column":32},"end":{"line":8,"column":33}},"loc":{"start":{"line":8,"column":50},"end":{"line":8,"column":256}},"line":8},"1":{"name":"(anonymous_1)","decl":{"start":{"line":10,"column":21},"end":{"line":10,"column":22}},"loc":{"start":{"line":10,"column":33},"end":{"line":10,"column":661}},"line":10},"2":{"name":"sliceIterator","decl":{"start":{"line":10,"column":44},"end":{"line":10,"column":57}},"loc":{"start":{"line":10,"column":66},"end":{"line":10,"column":428}},"line":10},"3":{"name":"(anonymous_3)","decl":{"start":{"line":10,"column":436},"end":{"line":10,"column":437}},"loc":{"start":{"line":10,"column":454},"end":{"line":10,"column":658}},"line":10},"4":{"name":"_toConsumableArray","decl":{"start":{"line":20,"column":9},"end":{"line":20,"column":27}},"loc":{"start":{"line":20,"column":33},"end":{"line":20,"column":195}},"line":20},"5":{"name":"useGame","decl":{"start":{"line":22,"column":41},"end":{"line":22,"column":48}},"loc":{"start":{"line":23,"column":2},"end":{"line":233,"column":1}},"line":23},"6":{"name":"(anonymous_6)","decl":{"start":{"line":26,"column":39},"end":{"line":26,"column":40}},"loc":{"start":{"line":26,"column":51},"end":{"line":28,"column":3}},"line":26},"7":{"name":"(anonymous_7)","decl":{"start":{"line":41,"column":24},"end":{"line":41,"column":25}},"loc":{"start":{"line":41,"column":36},"end":{"line":43,"column":3}},"line":41},"8":{"name":"(anonymous_8)","decl":{"start":{"line":45,"column":24},"end":{"line":45,"column":25}},"loc":{"start":{"line":45,"column":36},"end":{"line":47,"column":3}},"line":45},"9":{"name":"(anonymous_9)","decl":{"start":{"line":50,"column":24},"end":{"line":50,"column":25}},"loc":{"start":{"line":50,"column":36},"end":{"line":71,"column":3}},"line":50},"10":{"name":"(anonymous_10)","decl":{"start":{"line":75,"column":24},"end":{"line":75,"column":25}},"loc":{"start":{"line":75,"column":36},"end":{"line":77,"column":3}},"line":75},"11":{"name":"(anonymous_11)","decl":{"start":{"line":80,"column":24},"end":{"line":80,"column":25}},"loc":{"start":{"line":80,"column":36},"end":{"line":128,"column":3}},"line":80},"12":{"name":"handleNextPieceWrapper","decl":{"start":{"line":83,"column":42},"end":{"line":83,"column":64}},"loc":{"start":{"line":83,"column":71},"end":{"line":119,"column":5}},"line":83},"13":{"name":"(anonymous_13)","decl":{"start":{"line":124,"column":11},"end":{"line":124,"column":12}},"loc":{"start":{"line":124,"column":23},"end":{"line":127,"column":5}},"line":124},"14":{"name":"(anonymous_14)","decl":{"start":{"line":130,"column":24},"end":{"line":130,"column":25}},"loc":{"start":{"line":130,"column":36},"end":{"line":162,"column":3}},"line":130},"15":{"name":"handlePenalty","decl":{"start":{"line":133,"column":33},"end":{"line":133,"column":46}},"loc":{"start":{"line":133,"column":54},"end":{"line":156,"column":5}},"line":133},"16":{"name":"(anonymous_16)","decl":{"start":{"line":138,"column":14},"end":{"line":138,"column":15}},"loc":{"start":{"line":138,"column":34},"end":{"line":155,"column":7}},"line":138},"17":{"name":"(anonymous_17)","decl":{"start":{"line":141,"column":53},"end":{"line":141,"column":54}},"loc":{"start":{"line":141,"column":65},"end":{"line":149,"column":9}},"line":141},"18":{"name":"(anonymous_18)","decl":{"start":{"line":142,"column":47},"end":{"line":142,"column":48}},"loc":{"start":{"line":142,"column":59},"end":{"line":148,"column":11}},"line":142},"19":{"name":"(anonymous_19)","decl":{"start":{"line":159,"column":11},"end":{"line":159,"column":12}},"loc":{"start":{"line":159,"column":23},"end":{"line":161,"column":5}},"line":159},"20":{"name":"(anonymous_20)","decl":{"start":{"line":165,"column":24},"end":{"line":165,"column":25}},"loc":{"start":{"line":165,"column":36},"end":{"line":230,"column":3}},"line":165},"21":{"name":"(anonymous_21)","decl":{"start":{"line":174,"column":31},"end":{"line":174,"column":32}},"loc":{"start":{"line":174,"column":43},"end":{"line":225,"column":5}},"line":174},"22":{"name":"(anonymous_22)","decl":{"start":{"line":227,"column":11},"end":{"line":227,"column":12}},"loc":{"start":{"line":227,"column":23},"end":{"line":229,"column":5}},"line":227}},"branchMap":{"0":{"loc":{"start":{"line":8,"column":15},"end":{"line":8,"column":256}},"type":"binary-expr","locations":[{"start":{"line":8,"column":15},"end":{"line":8,"column":28}},{"start":{"line":8,"column":32},"end":{"line":8,"column":256}}],"line":8},"1":{"loc":{"start":{"line":8,"column":150},"end":{"line":8,"column":235}},"type":"if","locations":[{"start":{"line":8,"column":150},"end":{"line":8,"column":235}},{"start":{},"end":{}}],"line":8},"2":{"loc":{"start":{"line":10,"column":247},"end":{"line":10,"column":281}},"type":"if","locations":[{"start":{"line":10,"column":247},"end":{"line":10,"column":281}},{"start":{},"end":{}}],"line":10},"3":{"loc":{"start":{"line":10,"column":251},"end":{"line":10,"column":273}},"type":"binary-expr","locations":[{"start":{"line":10,"column":251},"end":{"line":10,"column":252}},{"start":{"line":10,"column":256},"end":{"line":10,"column":273}}],"line":10},"4":{"loc":{"start":{"line":10,"column":339},"end":{"line":10,"column":379}},"type":"if","locations":[{"start":{"line":10,"column":339},"end":{"line":10,"column":379}},{"start":{},"end":{}}],"line":10},"5":{"loc":{"start":{"line":10,"column":343},"end":{"line":10,"column":362}},"type":"binary-expr","locations":[{"start":{"line":10,"column":343},"end":{"line":10,"column":346}},{"start":{"line":10,"column":350},"end":{"line":10,"column":362}}],"line":10},"6":{"loc":{"start":{"line":10,"column":392},"end":{"line":10,"column":409}},"type":"if","locations":[{"start":{"line":10,"column":392},"end":{"line":10,"column":409}},{"start":{},"end":{}}],"line":10},"7":{"loc":{"start":{"line":10,"column":456},"end":{"line":10,"column":656}},"type":"if","locations":[{"start":{"line":10,"column":456},"end":{"line":10,"column":656}},{"start":{"line":10,"column":501},"end":{"line":10,"column":656}}],"line":10},"8":{"loc":{"start":{"line":10,"column":501},"end":{"line":10,"column":656}},"type":"if","locations":[{"start":{"line":10,"column":501},"end":{"line":10,"column":656}},{"start":{"line":10,"column":576},"end":{"line":10,"column":656}}],"line":10},"9":{"loc":{"start":{"line":20,"column":35},"end":{"line":20,"column":193}},"type":"if","locations":[{"start":{"line":20,"column":35},"end":{"line":20,"column":193}},{"start":{"line":20,"column":166},"end":{"line":20,"column":193}}],"line":20},"10":{"loc":{"start":{"line":57,"column":4},"end":{"line":68,"column":5}},"type":"if","locations":[{"start":{"line":57,"column":4},"end":{"line":68,"column":5}},{"start":{},"end":{}}],"line":57},"11":{"loc":{"start":{"line":57,"column":8},"end":{"line":57,"column":62}},"type":"binary-expr","locations":[{"start":{"line":57,"column":8},"end":{"line":57,"column":19}},{"start":{"line":57,"column":23},"end":{"line":57,"column":35}},{"start":{"line":57,"column":39},"end":{"line":57,"column":62}}],"line":57},"12":{"loc":{"start":{"line":62,"column":8},"end":{"line":64,"column":9}},"type":"if","locations":[{"start":{"line":62,"column":8},"end":{"line":64,"column":9}},{"start":{},"end":{}}],"line":62},"13":{"loc":{"start":{"line":81,"column":4},"end":{"line":81,"column":24}},"type":"if","locations":[{"start":{"line":81,"column":4},"end":{"line":81,"column":24}},{"start":{},"end":{}}],"line":81},"14":{"loc":{"start":{"line":87,"column":6},"end":{"line":90,"column":7}},"type":"if","locations":[{"start":{"line":87,"column":6},"end":{"line":90,"column":7}},{"start":{},"end":{}}],"line":87},"15":{"loc":{"start":{"line":96,"column":6},"end":{"line":108,"column":7}},"type":"if","locations":[{"start":{"line":96,"column":6},"end":{"line":108,"column":7}},{"start":{},"end":{}}],"line":96},"16":{"loc":{"start":{"line":131,"column":4},"end":{"line":131,"column":24}},"type":"if","locations":[{"start":{"line":131,"column":4},"end":{"line":131,"column":24}},{"start":{},"end":{}}],"line":131},"17":{"loc":{"start":{"line":166,"column":4},"end":{"line":171,"column":5}},"type":"if","locations":[{"start":{"line":166,"column":4},"end":{"line":171,"column":5}},{"start":{},"end":{}}],"line":166},"18":{"loc":{"start":{"line":166,"column":8},"end":{"line":166,"column":34}},"type":"binary-expr","locations":[{"start":{"line":166,"column":8},"end":{"line":166,"column":19}},{"start":{"line":166,"column":23},"end":{"line":166,"column":34}}],"line":166},"19":{"loc":{"start":{"line":172,"column":4},"end":{"line":172,"column":43}},"type":"if","locations":[{"start":{"line":172,"column":4},"end":{"line":172,"column":43}},{"start":{},"end":{}}],"line":172},"20":{"loc":{"start":{"line":172,"column":8},"end":{"line":172,"column":34}},"type":"binary-expr","locations":[{"start":{"line":172,"column":8},"end":{"line":172,"column":20}},{"start":{"line":172,"column":24},"end":{"line":172,"column":34}}],"line":172},"21":{"loc":{"start":{"line":180,"column":6},"end":{"line":224,"column":7}},"type":"if","locations":[{"start":{"line":180,"column":6},"end":{"line":224,"column":7}},{"start":{"line":182,"column":13},"end":{"line":224,"column":7}}],"line":180},"22":{"loc":{"start":{"line":191,"column":8},"end":{"line":204,"column":9}},"type":"if","locations":[{"start":{"line":191,"column":8},"end":{"line":204,"column":9}},{"start":{},"end":{}}],"line":191},"23":{"loc":{"start":{"line":195,"column":10},"end":{"line":197,"column":11}},"type":"if","locations":[{"start":{"line":195,"column":10},"end":{"line":197,"column":11}},{"start":{},"end":{}}],"line":195},"24":{"loc":{"start":{"line":206,"column":8},"end":{"line":214,"column":9}},"type":"if","locations":[{"start":{"line":206,"column":8},"end":{"line":214,"column":9}},{"start":{},"end":{}}],"line":206},"25":{"loc":{"start":{"line":207,"column":10},"end":{"line":207,"column":47}},"type":"if","locations":[{"start":{"line":207,"column":10},"end":{"line":207,"column":47}},{"start":{},"end":{}}],"line":207}},"s":{"0":0,"1":0,"2":0,"3":0,"4":0,"5":0,"6":0,"7":0,"8":0,"9":0,"10":0,"11":0,"12":0,"13":0,"14":0,"15":0,"16":0,"17":0,"18":0,"19":0,"20":0,"21":0,"22":0,"23":0,"24":0,"25":0,"26":0,"27":0,"28":0,"29":0,"30":0,"31":0,"32":0,"33":0,"34":0,"35":0,"36":0,"37":0,"38":0,"39":0,"40":0,"41":0,"42":0,"43":0,"44":0,"45":0,"46":0,"47":0,"48":0,"49":0,"50":0,"51":0,"52":0,"53":0,"54":0,"55":0,"56":0,"57":0,"58":0,"59":0,"60":0,"61":0,"62":0,"63":0,"64":0,"65":0,"66":0,"67":0,"68":0,"69":0,"70":0,"71":0,"72":0,"73":0,"74":0,"75":0,"76":0,"77":0,"78":0,"79":0,"80":0,"81":0,"82":0,"83":0,"84":0,"85":0,"86":0,"87":0,"88":0,"89":0,"90":0,"91":0,"92":0,"93":0,"94":0,"95":0,"96":0,"97":0,"98":0,"99":0,"100":0,"101":0,"102":0,"103":0,"104":0,"105":0,"106":0,"107":0,"108":0,"109":0,"110":0,"111":0,"112":0,"113":0,"114":0,"115":0,"116":0,"117":0,"118":0,"119":0,"120":0,"121":0,"122":0,"123":0,"124":0,"125":0,"126":0,"127":0,"128":0,"129":0,"130":0,"131":0,"132":0,"133":0,"134":0,"135":0,"136":0,"137":0,"138":0,"139":0,"140":0,"141":0,"142":0,"143":0,"144":0,"145":0,"146":0,"147":0,"148":0,"149":0,"150":0},"f":{"0":0,"1":0,"2":0,"3":0,"4":0,"5":0,"6":0,"7":0,"8":0,"9":0,"10":0,"11":0,"12":0,"13":0,"14":0,"15":0,"16":0,"17":0,"18":0,"19":0,"20":0,"21":0,"22":0},"b":{"0":[0,0],"1":[0,0],"2":[0,0],"3":[0,0],"4":[0,0],"5":[0,0],"6":[0,0],"7":[0,0],"8":[0,0],"9":[0,0],"10":[0,0],"11":[0,0,0],"12":[0,0],"13":[0,0],"14":[0,0],"15":[0,0],"16":[0,0],"17":[0,0],"18":[0,0],"19":[0,0],"20":[0,0],"21":[0,0],"22":[0,0],"23":[0,0],"24":[0,0],"25":[0,0]},"all":true},"/home/jeepark/red-tetris/src/client/game/usePlayer.js":{"path":"/home/jeepark/red-tetris/src/client/game/usePlayer.js","statementMap":{"0":{"start":{"line":3,"column":0},"end":{"line":5,"column":3}},"1":{"start":{"line":6,"column":0},"end":{"line":6,"column":30}},"2":{"start":{"line":8,"column":21},"end":{"line":8,"column":663}},"3":{"start":{"line":8,"column":79},"end":{"line":8,"column":81}},"4":{"start":{"line":8,"column":92},"end":{"line":8,"column":96}},"5":{"start":{"line":8,"column":107},"end":{"line":8,"column":112}},"6":{"start":{"line":8,"column":123},"end":{"line":8,"column":132}},"7":{"start":{"line":8,"column":134},"end":{"line":8,"column":413}},"8":{"start":{"line":8,"column":140},"end":{"line":8,"column":283}},"9":{"start":{"line":8,"column":154},"end":{"line":8,"column":176}},"10":{"start":{"line":8,"column":226},"end":{"line":8,"column":246}},"11":{"start":{"line":8,"column":247},"end":{"line":8,"column":281}},"12":{"start":{"line":8,"column":275},"end":{"line":8,"column":281}},"13":{"start":{"line":8,"column":300},"end":{"line":8,"column":310}},"14":{"start":{"line":8,"column":311},"end":{"line":8,"column":320}},"15":{"start":{"line":8,"column":333},"end":{"line":8,"column":411}},"16":{"start":{"line":8,"column":339},"end":{"line":8,"column":379}},"17":{"start":{"line":8,"column":364},"end":{"line":8,"column":379}},"18":{"start":{"line":8,"column":392},"end":{"line":8,"column":409}},"19":{"start":{"line":8,"column":400},"end":{"line":8,"column":409}},"20":{"start":{"line":8,"column":414},"end":{"line":8,"column":426}},"21":{"start":{"line":8,"column":429},"end":{"line":8,"column":659}},"22":{"start":{"line":8,"column":456},"end":{"line":8,"column":656}},"23":{"start":{"line":8,"column":482},"end":{"line":8,"column":493}},"24":{"start":{"line":8,"column":501},"end":{"line":8,"column":656}},"25":{"start":{"line":8,"column":539},"end":{"line":8,"column":568}},"26":{"start":{"line":8,"column":578},"end":{"line":8,"column":654}},"27":{"start":{"line":10,"column":13},"end":{"line":10,"column":29}},"28":{"start":{"line":12,"column":16},"end":{"line":37,"column":1}},"29":{"start":{"line":13,"column":18},"end":{"line":19,"column":4}},"30":{"start":{"line":20,"column":19},"end":{"line":20,"column":47}},"31":{"start":{"line":21,"column":15},"end":{"line":21,"column":28}},"32":{"start":{"line":22,"column":18},"end":{"line":22,"column":31}},"33":{"start":{"line":27,"column":19},"end":{"line":27,"column":45}},"34":{"start":{"line":28,"column":19},"end":{"line":28,"column":48}},"35":{"start":{"line":29,"column":18},"end":{"line":29,"column":31}},"36":{"start":{"line":30,"column":21},"end":{"line":30,"column":34}},"37":{"start":{"line":32,"column":20},"end":{"line":34,"column":3}},"38":{"start":{"line":33,"column":4},"end":{"line":33,"column":25}},"39":{"start":{"line":36,"column":2},"end":{"line":36,"column":126}}},"fnMap":{"0":{"name":"(anonymous_0)","decl":{"start":{"line":8,"column":21},"end":{"line":8,"column":22}},"loc":{"start":{"line":8,"column":33},"end":{"line":8,"column":661}},"line":8},"1":{"name":"sliceIterator","decl":{"start":{"line":8,"column":44},"end":{"line":8,"column":57}},"loc":{"start":{"line":8,"column":66},"end":{"line":8,"column":428}},"line":8},"2":{"name":"(anonymous_2)","decl":{"start":{"line":8,"column":436},"end":{"line":8,"column":437}},"loc":{"start":{"line":8,"column":454},"end":{"line":8,"column":658}},"line":8},"3":{"name":"usePlayer","decl":{"start":{"line":12,"column":45},"end":{"line":12,"column":54}},"loc":{"start":{"line":12,"column":57},"end":{"line":37,"column":1}},"line":12},"4":{"name":"resetPlayer","decl":{"start":{"line":32,"column":29},"end":{"line":32,"column":40}},"loc":{"start":{"line":32,"column":52},"end":{"line":34,"column":3}},"line":32}},"branchMap":{"0":{"loc":{"start":{"line":8,"column":247},"end":{"line":8,"column":281}},"type":"if","locations":[{"start":{"line":8,"column":247},"end":{"line":8,"column":281}},{"start":{},"end":{}}],"line":8},"1":{"loc":{"start":{"line":8,"column":251},"end":{"line":8,"column":273}},"type":"binary-expr","locations":[{"start":{"line":8,"column":251},"end":{"line":8,"column":252}},{"start":{"line":8,"column":256},"end":{"line":8,"column":273}}],"line":8},"2":{"loc":{"start":{"line":8,"column":339},"end":{"line":8,"column":379}},"type":"if","locations":[{"start":{"line":8,"column":339},"end":{"line":8,"column":379}},{"start":{},"end":{}}],"line":8},"3":{"loc":{"start":{"line":8,"column":343},"end":{"line":8,"column":362}},"type":"binary-expr","locations":[{"start":{"line":8,"column":343},"end":{"line":8,"column":346}},{"start":{"line":8,"column":350},"end":{"line":8,"column":362}}],"line":8},"4":{"loc":{"start":{"line":8,"column":392},"end":{"line":8,"column":409}},"type":"if","locations":[{"start":{"line":8,"column":392},"end":{"line":8,"column":409}},{"start":{},"end":{}}],"line":8},"5":{"loc":{"start":{"line":8,"column":456},"end":{"line":8,"column":656}},"type":"if","locations":[{"start":{"line":8,"column":456},"end":{"line":8,"column":656}},{"start":{"line":8,"column":501},"end":{"line":8,"column":656}}],"line":8},"6":{"loc":{"start":{"line":8,"column":501},"end":{"line":8,"column":656}},"type":"if","locations":[{"start":{"line":8,"column":501},"end":{"line":8,"column":656}},{"start":{"line":8,"column":576},"end":{"line":8,"column":656}}],"line":8}},"s":{"0":0,"1":0,"2":0,"3":0,"4":0,"5":0,"6":0,"7":0,"8":0,"9":0,"10":0,"11":0,"12":0,"13":0,"14":0,"15":0,"16":0,"17":0,"18":0,"19":0,"20":0,"21":0,"22":0,"23":0,"24":0,"25":0,"26":0,"27":0,"28":0,"29":0,"30":0,"31":0,"32":0,"33":0,"34":0,"35":0,"36":0,"37":0,"38":0,"39":0},"f":{"0":0,"1":0,"2":0,"3":0,"4":0},"b":{"0":[0,0],"1":[0,0],"2":[0,0],"3":[0,0],"4":[0,0],"5":[0,0],"6":[0,0]},"all":true},"/home/jeepark/red-tetris/src/client/game/useScore.js":{"path":"/home/jeepark/red-tetris/src/client/game/useScore.js","statementMap":{"0":{"start":{"line":3,"column":0},"end":{"line":5,"column":3}},"1":{"start":{"line":6,"column":0},"end":{"line":6,"column":29}},"2":{"start":{"line":8,"column":21},"end":{"line":8,"column":663}},"3":{"start":{"line":8,"column":79},"end":{"line":8,"column":81}},"4":{"start":{"line":8,"column":92},"end":{"line":8,"column":96}},"5":{"start":{"line":8,"column":107},"end":{"line":8,"column":112}},"6":{"start":{"line":8,"column":123},"end":{"line":8,"column":132}},"7":{"start":{"line":8,"column":134},"end":{"line":8,"column":413}},"8":{"start":{"line":8,"column":140},"end":{"line":8,"column":283}},"9":{"start":{"line":8,"column":154},"end":{"line":8,"column":176}},"10":{"start":{"line":8,"column":226},"end":{"line":8,"column":246}},"11":{"start":{"line":8,"column":247},"end":{"line":8,"column":281}},"12":{"start":{"line":8,"column":275},"end":{"line":8,"column":281}},"13":{"start":{"line":8,"column":300},"end":{"line":8,"column":310}},"14":{"start":{"line":8,"column":311},"end":{"line":8,"column":320}},"15":{"start":{"line":8,"column":333},"end":{"line":8,"column":411}},"16":{"start":{"line":8,"column":339},"end":{"line":8,"column":379}},"17":{"start":{"line":8,"column":364},"end":{"line":8,"column":379}},"18":{"start":{"line":8,"column":392},"end":{"line":8,"column":409}},"19":{"start":{"line":8,"column":400},"end":{"line":8,"column":409}},"20":{"start":{"line":8,"column":414},"end":{"line":8,"column":426}},"21":{"start":{"line":8,"column":429},"end":{"line":8,"column":659}},"22":{"start":{"line":8,"column":456},"end":{"line":8,"column":656}},"23":{"start":{"line":8,"column":482},"end":{"line":8,"column":493}},"24":{"start":{"line":8,"column":501},"end":{"line":8,"column":656}},"25":{"start":{"line":8,"column":539},"end":{"line":8,"column":568}},"26":{"start":{"line":8,"column":578},"end":{"line":8,"column":654}},"27":{"start":{"line":10,"column":13},"end":{"line":10,"column":29}},"28":{"start":{"line":16,"column":15},"end":{"line":79,"column":1}},"29":{"start":{"line":17,"column":18},"end":{"line":17,"column":41}},"30":{"start":{"line":18,"column":19},"end":{"line":18,"column":47}},"31":{"start":{"line":19,"column":14},"end":{"line":19,"column":27}},"32":{"start":{"line":20,"column":17},"end":{"line":20,"column":30}},"33":{"start":{"line":22,"column":19},"end":{"line":22,"column":42}},"34":{"start":{"line":23,"column":19},"end":{"line":23,"column":48}},"35":{"start":{"line":24,"column":21},"end":{"line":24,"column":34}},"36":{"start":{"line":25,"column":24},"end":{"line":25,"column":37}},"37":{"start":{"line":27,"column":19},"end":{"line":27,"column":42}},"38":{"start":{"line":28,"column":19},"end":{"line":28,"column":48}},"39":{"start":{"line":29,"column":14},"end":{"line":29,"column":27}},"40":{"start":{"line":30,"column":17},"end":{"line":30,"column":30}},"41":{"start":{"line":35,"column":26},"end":{"line":44,"column":3}},"42":{"start":{"line":36,"column":21},"end":{"line":41,"column":5}},"43":{"start":{"line":43,"column":4},"end":{"line":43,"column":44}},"44":{"start":{"line":47,"column":24},"end":{"line":57,"column":3}},"45":{"start":{"line":48,"column":4},"end":{"line":56,"column":5}},"46":{"start":{"line":49,"column":19},"end":{"line":49,"column":43}},"47":{"start":{"line":50,"column":6},"end":{"line":52,"column":9}},"48":{"start":{"line":51,"column":8},"end":{"line":51,"column":29}},"49":{"start":{"line":53,"column":6},"end":{"line":55,"column":9}},"50":{"start":{"line":54,"column":8},"end":{"line":54,"column":28}},"51":{"start":{"line":60,"column":2},"end":{"line":63,"column":21}},"52":{"start":{"line":61,"column":19},"end":{"line":61,"column":52}},"53":{"start":{"line":62,"column":4},"end":{"line":62,"column":23}},"54":{"start":{"line":66,"column":19},"end":{"line":70,"column":3}},"55":{"start":{"line":67,"column":4},"end":{"line":67,"column":16}},"56":{"start":{"line":68,"column":4},"end":{"line":68,"column":23}},"57":{"start":{"line":69,"column":4},"end":{"line":69,"column":16}},"58":{"start":{"line":72,"column":2},"end":{"line":78,"column":4}}},"fnMap":{"0":{"name":"(anonymous_0)","decl":{"start":{"line":8,"column":21},"end":{"line":8,"column":22}},"loc":{"start":{"line":8,"column":33},"end":{"line":8,"column":661}},"line":8},"1":{"name":"sliceIterator","decl":{"start":{"line":8,"column":44},"end":{"line":8,"column":57}},"loc":{"start":{"line":8,"column":66},"end":{"line":8,"column":428}},"line":8},"2":{"name":"(anonymous_2)","decl":{"start":{"line":8,"column":436},"end":{"line":8,"column":437}},"loc":{"start":{"line":8,"column":454},"end":{"line":8,"column":658}},"line":8},"3":{"name":"useScore","decl":{"start":{"line":16,"column":43},"end":{"line":16,"column":51}},"loc":{"start":{"line":16,"column":54},"end":{"line":79,"column":1}},"line":16},"4":{"name":"getPointsForLines","decl":{"start":{"line":35,"column":35},"end":{"line":35,"column":52}},"loc":{"start":{"line":35,"column":60},"end":{"line":44,"column":3}},"line":35},"5":{"name":"addLinesCleared","decl":{"start":{"line":47,"column":33},"end":{"line":47,"column":48}},"loc":{"start":{"line":47,"column":56},"end":{"line":57,"column":3}},"line":47},"6":{"name":"(anonymous_6)","decl":{"start":{"line":50,"column":15},"end":{"line":50,"column":16}},"loc":{"start":{"line":50,"column":31},"end":{"line":52,"column":7}},"line":50},"7":{"name":"(anonymous_7)","decl":{"start":{"line":53,"column":22},"end":{"line":53,"column":23}},"loc":{"start":{"line":53,"column":38},"end":{"line":55,"column":7}},"line":53},"8":{"name":"(anonymous_8)","decl":{"start":{"line":60,"column":24},"end":{"line":60,"column":25}},"loc":{"start":{"line":60,"column":36},"end":{"line":63,"column":3}},"line":60},"9":{"name":"resetScore","decl":{"start":{"line":66,"column":28},"end":{"line":66,"column":38}},"loc":{"start":{"line":66,"column":41},"end":{"line":70,"column":3}},"line":66}},"branchMap":{"0":{"loc":{"start":{"line":8,"column":247},"end":{"line":8,"column":281}},"type":"if","locations":[{"start":{"line":8,"column":247},"end":{"line":8,"column":281}},{"start":{},"end":{}}],"line":8},"1":{"loc":{"start":{"line":8,"column":251},"end":{"line":8,"column":273}},"type":"binary-expr","locations":[{"start":{"line":8,"column":251},"end":{"line":8,"column":252}},{"start":{"line":8,"column":256},"end":{"line":8,"column":273}}],"line":8},"2":{"loc":{"start":{"line":8,"column":339},"end":{"line":8,"column":379}},"type":"if","locations":[{"start":{"line":8,"column":339},"end":{"line":8,"column":379}},{"start":{},"end":{}}],"line":8},"3":{"loc":{"start":{"line":8,"column":343},"end":{"line":8,"column":362}},"type":"binary-expr","locations":[{"start":{"line":8,"column":343},"end":{"line":8,"column":346}},{"start":{"line":8,"column":350},"end":{"line":8,"column":362}}],"line":8},"4":{"loc":{"start":{"line":8,"column":392},"end":{"line":8,"column":409}},"type":"if","locations":[{"start":{"line":8,"column":392},"end":{"line":8,"column":409}},{"start":{},"end":{}}],"line":8},"5":{"loc":{"start":{"line":8,"column":456},"end":{"line":8,"column":656}},"type":"if","locations":[{"start":{"line":8,"column":456},"end":{"line":8,"column":656}},{"start":{"line":8,"column":501},"end":{"line":8,"column":656}}],"line":8},"6":{"loc":{"start":{"line":8,"column":501},"end":{"line":8,"column":656}},"type":"if","locations":[{"start":{"line":8,"column":501},"end":{"line":8,"column":656}},{"start":{"line":8,"column":576},"end":{"line":8,"column":656}}],"line":8},"7":{"loc":{"start":{"line":43,"column":12},"end":{"line":43,"column":34}},"type":"binary-expr","locations":[{"start":{"line":43,"column":12},"end":{"line":43,"column":29}},{"start":{"line":43,"column":33},"end":{"line":43,"column":34}}],"line":43},"8":{"loc":{"start":{"line":48,"column":4},"end":{"line":56,"column":5}},"type":"if","locations":[{"start":{"line":48,"column":4},"end":{"line":56,"column":5}},{"start":{},"end":{}}],"line":48}},"s":{"0":0,"1":0,"2":0,"3":0,"4":0,"5":0,"6":0,"7":0,"8":0,"9":0,"10":0,"11":0,"12":0,"13":0,"14":0,"15":0,"16":0,"17":0,"18":0,"19":0,"20":0,"21":0,"22":0,"23":0,"24":0,"25":0,"26":0,"27":0,"28":0,"29":0,"30":0,"31":0,"32":0,"33":0,"34":0,"35":0,"36":0,"37":0,"38":0,"39":0,"40":0,"41":0,"42":0,"43":0,"44":0,"45":0,"46":0,"47":0,"48":0,"49":0,"50":0,"51":0,"52":0,"53":0,"54":0,"55":0,"56":0,"57":0,"58":0},"f":{"0":0,"1":0,"2":0,"3":0,"4":0,"5":0,"6":0,"7":0,"8":0,"9":0},"b":{"0":[0,0],"1":[0,0],"2":[0,0],"3":[0,0],"4":[0,0],"5":[0,0],"6":[0,0],"7":[0,0],"8":[0,0]},"all":true},"/home/jeepark/red-tetris/src/client/game/useTheme.js":{"path":"/home/jeepark/red-tetris/src/client/game/useTheme.js","statementMap":{"0":{"start":{"line":3,"column":0},"end":{"line":5,"column":3}},"1":{"start":{"line":6,"column":0},"end":{"line":6,"column":29}},"2":{"start":{"line":8,"column":21},"end":{"line":8,"column":663}},"3":{"start":{"line":8,"column":79},"end":{"line":8,"column":81}},"4":{"start":{"line":8,"column":92},"end":{"line":8,"column":96}},"5":{"start":{"line":8,"column":107},"end":{"line":8,"column":112}},"6":{"start":{"line":8,"column":123},"end":{"line":8,"column":132}},"7":{"start":{"line":8,"column":134},"end":{"line":8,"column":413}},"8":{"start":{"line":8,"column":140},"end":{"line":8,"column":283}},"9":{"start":{"line":8,"column":154},"end":{"line":8,"column":176}},"10":{"start":{"line":8,"column":226},"end":{"line":8,"column":246}},"11":{"start":{"line":8,"column":247},"end":{"line":8,"column":281}},"12":{"start":{"line":8,"column":275},"end":{"line":8,"column":281}},"13":{"start":{"line":8,"column":300},"end":{"line":8,"column":310}},"14":{"start":{"line":8,"column":311},"end":{"line":8,"column":320}},"15":{"start":{"line":8,"column":333},"end":{"line":8,"column":411}},"16":{"start":{"line":8,"column":339},"end":{"line":8,"column":379}},"17":{"start":{"line":8,"column":364},"end":{"line":8,"column":379}},"18":{"start":{"line":8,"column":392},"end":{"line":8,"column":409}},"19":{"start":{"line":8,"column":400},"end":{"line":8,"column":409}},"20":{"start":{"line":8,"column":414},"end":{"line":8,"column":426}},"21":{"start":{"line":8,"column":429},"end":{"line":8,"column":659}},"22":{"start":{"line":8,"column":456},"end":{"line":8,"column":656}},"23":{"start":{"line":8,"column":482},"end":{"line":8,"column":493}},"24":{"start":{"line":8,"column":501},"end":{"line":8,"column":656}},"25":{"start":{"line":8,"column":539},"end":{"line":8,"column":568}},"26":{"start":{"line":8,"column":578},"end":{"line":8,"column":654}},"27":{"start":{"line":10,"column":13},"end":{"line":10,"column":29}},"28":{"start":{"line":16,"column":15},"end":{"line":59,"column":1}},"29":{"start":{"line":17,"column":18},"end":{"line":17,"column":45}},"30":{"start":{"line":18,"column":19},"end":{"line":18,"column":47}},"31":{"start":{"line":19,"column":19},"end":{"line":19,"column":32}},"32":{"start":{"line":20,"column":22},"end":{"line":20,"column":35}},"33":{"start":{"line":25,"column":2},"end":{"line":37,"column":9}},"34":{"start":{"line":26,"column":4},"end":{"line":36,"column":5}},"35":{"start":{"line":27,"column":6},"end":{"line":35,"column":7}},"36":{"start":{"line":28,"column":25},"end":{"line":28,"column":61}},"37":{"start":{"line":29,"column":8},"end":{"line":32,"column":9}},"38":{"start":{"line":30,"column":10},"end":{"line":30,"column":30}},"39":{"start":{"line":31,"column":10},"end":{"line":31,"column":59}},"40":{"start":{"line":34,"column":8},"end":{"line":34,"column":53}},"41":{"start":{"line":40,"column":2},"end":{"line":50,"column":19}},"42":{"start":{"line":41,"column":4},"end":{"line":49,"column":5}},"43":{"start":{"line":42,"column":6},"end":{"line":48,"column":7}},"44":{"start":{"line":43,"column":20},"end":{"line":43,"column":49}},"45":{"start":{"line":44,"column":8},"end":{"line":44,"column":52}},"46":{"start":{"line":45,"column":8},"end":{"line":45,"column":56}},"47":{"start":{"line":47,"column":8},"end":{"line":47,"column":52}},"48":{"start":{"line":52,"column":20},"end":{"line":56,"column":3}},"49":{"start":{"line":53,"column":4},"end":{"line":55,"column":7}},"50":{"start":{"line":54,"column":6},"end":{"line":54,"column":19}},"51":{"start":{"line":58,"column":2},"end":{"line":58,"column":62}}},"fnMap":{"0":{"name":"(anonymous_0)","decl":{"start":{"line":8,"column":21},"end":{"line":8,"column":22}},"loc":{"start":{"line":8,"column":33},"end":{"line":8,"column":661}},"line":8},"1":{"name":"sliceIterator","decl":{"start":{"line":8,"column":44},"end":{"line":8,"column":57}},"loc":{"start":{"line":8,"column":66},"end":{"line":8,"column":428}},"line":8},"2":{"name":"(anonymous_2)","decl":{"start":{"line":8,"column":436},"end":{"line":8,"column":437}},"loc":{"start":{"line":8,"column":454},"end":{"line":8,"column":658}},"line":8},"3":{"name":"useTheme","decl":{"start":{"line":16,"column":43},"end":{"line":16,"column":51}},"loc":{"start":{"line":16,"column":54},"end":{"line":59,"column":1}},"line":16},"4":{"name":"(anonymous_4)","decl":{"start":{"line":25,"column":24},"end":{"line":25,"column":25}},"loc":{"start":{"line":25,"column":36},"end":{"line":37,"column":3}},"line":25},"5":{"name":"(anonymous_5)","decl":{"start":{"line":40,"column":24},"end":{"line":40,"column":25}},"loc":{"start":{"line":40,"column":36},"end":{"line":50,"column":3}},"line":40},"6":{"name":"toggleTheme","decl":{"start":{"line":52,"column":29},"end":{"line":52,"column":40}},"loc":{"start":{"line":52,"column":43},"end":{"line":56,"column":3}},"line":52},"7":{"name":"(anonymous_7)","decl":{"start":{"line":53,"column":18},"end":{"line":53,"column":19}},"loc":{"start":{"line":53,"column":34},"end":{"line":55,"column":5}},"line":53}},"branchMap":{"0":{"loc":{"start":{"line":8,"column":247},"end":{"line":8,"column":281}},"type":"if","locations":[{"start":{"line":8,"column":247},"end":{"line":8,"column":281}},{"start":{},"end":{}}],"line":8},"1":{"loc":{"start":{"line":8,"column":251},"end":{"line":8,"column":273}},"type":"binary-expr","locations":[{"start":{"line":8,"column":251},"end":{"line":8,"column":252}},{"start":{"line":8,"column":256},"end":{"line":8,"column":273}}],"line":8},"2":{"loc":{"start":{"line":8,"column":339},"end":{"line":8,"column":379}},"type":"if","locations":[{"start":{"line":8,"column":339},"end":{"line":8,"column":379}},{"start":{},"end":{}}],"line":8},"3":{"loc":{"start":{"line":8,"column":343},"end":{"line":8,"column":362}},"type":"binary-expr","locations":[{"start":{"line":8,"column":343},"end":{"line":8,"column":346}},{"start":{"line":8,"column":350},"end":{"line":8,"column":362}}],"line":8},"4":{"loc":{"start":{"line":8,"column":392},"end":{"line":8,"column":409}},"type":"if","locations":[{"start":{"line":8,"column":392},"end":{"line":8,"column":409}},{"start":{},"end":{}}],"line":8},"5":{"loc":{"start":{"line":8,"column":456},"end":{"line":8,"column":656}},"type":"if","locations":[{"start":{"line":8,"column":456},"end":{"line":8,"column":656}},{"start":{"line":8,"column":501},"end":{"line":8,"column":656}}],"line":8},"6":{"loc":{"start":{"line":8,"column":501},"end":{"line":8,"column":656}},"type":"if","locations":[{"start":{"line":8,"column":501},"end":{"line":8,"column":656}},{"start":{"line":8,"column":576},"end":{"line":8,"column":656}}],"line":8},"7":{"loc":{"start":{"line":26,"column":4},"end":{"line":36,"column":5}},"type":"if","locations":[{"start":{"line":26,"column":4},"end":{"line":36,"column":5}},{"start":{},"end":{}}],"line":26},"8":{"loc":{"start":{"line":29,"column":8},"end":{"line":32,"column":9}},"type":"if","locations":[{"start":{"line":29,"column":8},"end":{"line":32,"column":9}},{"start":{},"end":{}}],"line":29},"9":{"loc":{"start":{"line":41,"column":4},"end":{"line":49,"column":5}},"type":"if","locations":[{"start":{"line":41,"column":4},"end":{"line":49,"column":5}},{"start":{},"end":{}}],"line":41},"10":{"loc":{"start":{"line":43,"column":20},"end":{"line":43,"column":49}},"type":"cond-expr","locations":[{"start":{"line":43,"column":33},"end":{"line":43,"column":39}},{"start":{"line":43,"column":42},"end":{"line":43,"column":49}}],"line":43}},"s":{"0":0,"1":0,"2":0,"3":0,"4":0,"5":0,"6":0,"7":0,"8":0,"9":0,"10":0,"11":0,"12":0,"13":0,"14":0,"15":0,"16":0,"17":0,"18":0,"19":0,"20":0,"21":0,"22":0,"23":0,"24":0,"25":0,"26":0,"27":0,"28":0,"29":0,"30":0,"31":0,"32":0,"33":0,"34":0,"35":0,"36":0,"37":0,"38":0,"39":0,"40":0,"41":0,"42":0,"43":0,"44":0,"45":0,"46":0,"47":0,"48":0,"49":0,"50":0,"51":0},"f":{"0":0,"1":0,"2":0,"3":0,"4":0,"5":0,"6":0,"7":0},"b":{"0":[0,0],"1":[0,0],"2":[0,0],"3":[0,0],"4":[0,0],"5":[0,0],"6":[0,0],"7":[0,0],"8":[0,0],"9":[0,0],"10":[0,0]},"all":true},"/home/jeepark/red-tetris/src/client/game/utils.js":{"path":"/home/jeepark/red-tetris/src/client/game/utils.js","statementMap":{"0":{"start":{"line":3,"column":0},"end":{"line":5,"column":3}},"1":{"start":{"line":6,"column":0},"end":{"line":6,"column":149}},"2":{"start":{"line":7,"column":0},"end":{"line":7,"column":38}},"3":{"start":{"line":8,"column":0},"end":{"line":8,"column":32}},"4":{"start":{"line":9,"column":0},"end":{"line":9,"column":56}},"5":{"start":{"line":11,"column":17},"end":{"line":11,"column":51}},"6":{"start":{"line":13,"column":35},"end":{"line":13,"column":193}},"7":{"start":{"line":13,"column":61},"end":{"line":13,"column":145}},"8":{"start":{"line":13,"column":74},"end":{"line":13,"column":75}},"9":{"start":{"line":13,"column":84},"end":{"line":13,"column":101}},"10":{"start":{"line":13,"column":126},"end":{"line":13,"column":143}},"11":{"start":{"line":13,"column":146},"end":{"line":13,"column":158}},"12":{"start":{"line":13,"column":168},"end":{"line":13,"column":191}},"13":{"start":{"line":15,"column":22},"end":{"line":21,"column":1}},"14":{"start":{"line":16,"column":2},"end":{"line":20,"column":5}},"15":{"start":{"line":17,"column":4},"end":{"line":19,"column":7}},"16":{"start":{"line":18,"column":6},"end":{"line":18,"column":47}},"17":{"start":{"line":23,"column":25},"end":{"line":53,"column":1}},"18":{"start":{"line":25,"column":16},"end":{"line":27,"column":4}},"19":{"start":{"line":26,"column":4},"end":{"line":26,"column":46}},"20":{"start":{"line":31,"column":2},"end":{"line":50,"column":5}},"21":{"start":{"line":32,"column":4},"end":{"line":49,"column":7}},"22":{"start":{"line":33,"column":6},"end":{"line":33,"column":24}},"23":{"start":{"line":33,"column":17},"end":{"line":33,"column":24}},"24":{"start":{"line":35,"column":17},"end":{"line":35,"column":37}},"25":{"start":{"line":36,"column":17},"end":{"line":36,"column":37}},"26":{"start":{"line":38,"column":20},"end":{"line":38,"column":95}},"27":{"start":{"line":40,"column":6},"end":{"line":48,"column":7}},"28":{"start":{"line":41,"column":8},"end":{"line":44,"column":10}},"29":{"start":{"line":46,"column":8},"end":{"line":46,"column":54}},"30":{"start":{"line":47,"column":8},"end":{"line":47,"column":23}},"31":{"start":{"line":52,"column":2},"end":{"line":52,"column":17}},"32":{"start":{"line":55,"column":21},"end":{"line":71,"column":1}},"33":{"start":{"line":56,"column":2},"end":{"line":69,"column":3}},"34":{"start":{"line":56,"column":15},"end":{"line":56,"column":16}},"35":{"start":{"line":57,"column":4},"end":{"line":68,"column":5}},"36":{"start":{"line":57,"column":17},"end":{"line":57,"column":18}},"37":{"start":{"line":58,"column":6},"end":{"line":67,"column":7}},"38":{"start":{"line":59,"column":19},"end":{"li
[...]
line":44,"column":6},"end":{"line":44,"column":35}},"32":{"start":{"line":45,"column":6},"end":{"line":45,"column":35}},"33":{"start":{"line":49,"column":13},"end":{"line":49,"column":34}},"34":{"start":{"line":50,"column":14},"end":{"line":50,"column":29}},"35":{"start":{"line":51,"column":2},"end":{"line":51,"column":30}},"36":{"start":{"line":52,"column":2},"end":{"line":52,"column":15}},"37":{"start":{"line":59,"column":0},"end":{"line":67,"column":2}},"38":{"start":{"line":60,"column":19},"end":{"line":60,"column":58}},"39":{"start":{"line":62,"column":2},"end":{"line":64,"column":3}},"40":{"start":{"line":63,"column":4},"end":{"line":63,"column":29}},"41":{"start":{"line":66,"column":2},"end":{"line":66,"column":94}},"42":{"start":{"line":69,"column":0},"end":{"line":81,"column":2}},"43":{"start":{"line":71,"column":14},"end":{"line":71,"column":15}},"44":{"start":{"line":72,"column":2},"end":{"line":74,"column":3}},"45":{"start":{"line":72,"column":15},"end":{"line":72,"column":16}},"46":{"start":{"line":73,"column":4},"end":{"line":73,"column":59}},"47":{"start":{"line":77,"column":2},"end":{"line":80,"column":4}},"48":{"start":{"line":78,"column":4},"end":{"line":78,"column":44}},"49":{"start":{"line":79,"column":4},"end":{"line":79,"column":26}},"50":{"start":{"line":83,"column":0},"end":{"line":88,"column":2}},"51":{"start":{"line":84,"column":2},"end":{"line":84,"column":28}},"52":{"start":{"line":85,"column":2},"end":{"line":87,"column":3}},"53":{"start":{"line":86,"column":4},"end":{"line":86,"column":23}},"54":{"start":{"line":90,"column":0},"end":{"line":101,"column":2}},"55":{"start":{"line":91,"column":2},"end":{"line":96,"column":3}},"56":{"start":{"line":92,"column":18},"end":{"line":92,"column":33}},"57":{"start":{"line":93,"column":4},"end":{"line":93,"column":24}},"58":{"start":{"line":94,"column":4},"end":{"line":94,"column":55}},"59":{"start":{"line":95,"column":4},"end":{"line":95,"column":19}},"60":{"start":{"line":98,"column":2},"end":{"line":98,"column":19}},"61":{"start":{"line":99,"column":2},"end":{"line":99,"column":40}},"62":{"start":{"line":100,"column":2},"end":{"line":100,"column":14}},"63":{"start":{"line":103,"column":0},"end":{"line":121,"column":2}},"64":{"start":{"line":104,"column":16},"end":{"line":104,"column":58}},"65":{"start":{"line":106,"column":2},"end":{"line":108,"column":5}},"66":{"start":{"line":107,"column":4},"end":{"line":107,"column":33}},"67":{"start":{"line":109,"column":2},"end":{"line":109,"column":120}},"68":{"start":{"line":111,"column":16},"end":{"line":111,"column":20}},"69":{"start":{"line":112,"column":2},"end":{"line":114,"column":3}},"70":{"start":{"line":113,"column":4},"end":{"line":113,"column":34}},"71":{"start":{"line":116,"column":2},"end":{"line":120,"column":4}},"72":{"start":{"line":123,"column":0},"end":{"line":125,"column":2}},"73":{"start":{"line":124,"column":2},"end":{"line":124,"column":43}},"74":{"start":{"line":127,"column":0},"end":{"line":131,"column":2}},"75":{"start":{"line":128,"column":2},"end":{"line":130,"column":5}},"76":{"start":{"line":129,"column":4},"end":{"line":129,"column":18}},"77":{"start":{"line":133,"column":0},"end":{"line":141,"column":2}},"78":{"start":{"line":134,"column":15},"end":{"line":136,"column":4}},"79":{"start":{"line":135,"column":4},"end":{"line":135,"column":33}},"80":{"start":{"line":137,"column":2},"end":{"line":137,"column":27}},"81":{"start":{"line":137,"column":15},"end":{"line":137,"column":27}},"82":{"start":{"line":139,"column":14},"end":{"line":139,"column":31}},"83":{"start":{"line":140,"column":2},"end":{"line":140,"column":40}},"84":{"start":{"line":143,"column":0},"end":{"line":145,"column":2}},"85":{"start":{"line":144,"column":2},"end":{"line":144,"column":61}},"86":{"start":{"line":147,"column":0},"end":{"line":151,"column":2}},"87":{"start":{"line":148,"column":2},"end":{"line":150,"column":5}},"88":{"start":{"line":149,"column":4},"end":{"line":149,"column":25}},"89":{"start":{"line":153,"column":0},"end":{"line":179,"column":2}},"90":{"start":{"line":154,"column":15},"end":{"line":156,"column":4}},"91":{"start":{"line":155,"column":4},"end":{"line":155,"column":33}},"92":{"start":{"line":157,"column":2},"end":{"line":157,"column":27}},"93":{"start":{"line":157,"column":15},"end":{"line":157,"column":27}},"94":{"start":{"line":159,"column":2},"end":{"line":159,"column":22}},"95":{"start":{"line":164,"column":17},"end":{"line":166,"column":6}},"96":{"start":{"line":165,"column":4},"end":{"line":165,"column":24}},"97":{"start":{"line":167,"column":21},"end":{"line":167,"column":46}},"98":{"start":{"line":170,"column":2},"end":{"line":173,"column":3}},"99":{"start":{"line":171,"column":19},"end":{"line":171,"column":43}},"100":{"start":{"line":172,"column":4},"end":{"line":172,"column":100}},"101":{"start":{"line":175,"column":2},"end":{"line":175,"column":172}},"102":{"start":{"line":177,"column":21},"end":{"line":177,"column":55}},"103":{"start":{"line":178,"column":2},"end":{"line":178,"column":56}},"104":{"start":{"line":181,"column":0},"end":{"line":196,"column":2}},"105":{"start":{"line":182,"column":2},"end":{"line":182,"column":22}},"106":{"start":{"line":183,"column":2},"end":{"line":183,"column":23}},"107":{"start":{"line":184,"column":2},"end":{"line":184,"column":23}},"108":{"start":{"line":185,"column":2},"end":{"line":189,"column":5}},"109":{"start":{"line":186,"column":4},"end":{"line":186,"column":21}},"110":{"start":{"line":187,"column":4},"end":{"line":187,"column":25}},"111":{"start":{"line":188,"column":4},"end":{"line":188,"column":23}},"112":{"start":{"line":193,"column":2},"end":{"line":193,"column":24}},"113":{"start":{"line":195,"column":2},"end":{"line":195,"column":90}},"114":{"start":{"line":198,"column":0},"end":{"line":198,"column":22}}},"fnMap":{"0":{"name":"_interopRequireDefault","decl":{"start":{"line":7,"column":9},"end":{"line":7,"column":31}},"loc":{"start":{"line":7,"column":37},"end":{"line":7,"column":95}},"line":7},"1":{"name":"_toConsumableArray","decl":{"start":{"line":9,"column":9},"end":{"line":9,"column":27}},"loc":{"start":{"line":9,"column":33},"end":{"line":9,"column":195}},"line":9},"2":{"name":"Game","decl":{"start":{"line":22,"column":9},"end":{"line":22,"column":13}},"loc":{"start":{"line":22,"column":26},"end":{"line":33,"column":1}},"line":22},"3":{"name":"(anonymous_3)","decl":{"start":{"line":35,"column":35},"end":{"line":35,"column":36}},"loc":{"start":{"line":35,"column":47},"end":{"line":53,"column":1}},"line":35},"4":{"name":"(anonymous_4)","decl":{"start":{"line":59,"column":32},"end":{"line":59,"column":33}},"loc":{"start":{"line":59,"column":44},"end":{"line":67,"column":1}},"line":59},"5":{"name":"(anonymous_5)","decl":{"start":{"line":69,"column":25},"end":{"line":69,"column":26}},"loc":{"start":{"line":69,"column":41},"end":{"line":81,"column":1}},"line":69},"6":{"name":"(anonymous_6)","decl":{"start":{"line":77,"column":9},"end":{"line":77,"column":10}},"loc":{"start":{"line":77,"column":21},"end":{"line":80,"column":3}},"line":77},"7":{"name":"(anonymous_7)","decl":{"start":{"line":83,"column":27},"end":{"line":83,"column":28}},"loc":{"start":{"line":83,"column":45},"end":{"line":88,"column":1}},"line":83},"8":{"name":"(anonymous_8)","decl":{"start":{"line":90,"column":30},"end":{"line":90,"column":31}},"loc":{"start":{"line":90,"column":42},"end":{"line":101,"column":1}},"line":90},"9":{"name":"(anonymous_9)","decl":{"start":{"line":103,"column":30},"end":{"line":103,"column":31}},"loc":{"start":{"line":103,"column":52},"end":{"line":121,"column":1}},"line":103},"10":{"name":"(anonymous_10)","decl":{"start":{"line":106,"column":37},"end":{"line":106,"column":38}},"loc":{"start":{"line":106,"column":50},"end":{"line":108,"column":3}},"line":106},"11":{"name":"(anonymous_11)","decl":{"start":{"line":123,"column":29},"end":{"line":123,"column":30}},"loc":{"start":{"line":123,"column":41},"end":{"line":125,"column":1}},"line":123},"12":{"name":"(anonymous_12)","decl":{"start":{"line":127,"column":32},"end":{"line":127,"column":33}},"loc":{"start":{"line":127,"column":44},"end":{"line":131,"column":1}},"line":127},"13":{"name":"(anonymous_13)","decl":{"start":{"line":128,"column":26},"end":{"line":128,"column":27}},"loc":{"start":{"line":128,"column":39},"end":{"line":130,"column":3}},"line":128},"14":{"name":"(anonymous_14)","decl":{"start":{"line":133,"column":39},"end":{"line":133,"column":40}},"loc":{"start":{"line":133,"column":61},"end":{"line":141,"column":1}},"line":133},"15":{"name":"(anonymous_15)","decl":{"start":{"line":134,"column":33},"end":{"line":134,"column":34}},"loc":{"start":{"line":134,"column":46},"end":{"line":136,"column":3}},"line":134},"16":{"name":"(anonymous_16)","decl":{"start":{"line":143,"column":30},"end":{"line":143,"column":31}},"loc":{"start":{"line":143,"column":42},"end":{"line":145,"column":1}},"line":143},"17":{"name":"(anonymous_17)","decl":{"start":{"line":147,"column":31},"end":{"line":147,"column":32}},"loc":{"start":{"line":147,"column":43},"end":{"line":151,"column":1}},"line":147},"18":{"name":"(anonymous_18)","decl":{"start":{"line":148,"column":29},"end":{"line":148,"column":30}},"loc":{"start":{"line":148,"column":42},"end":{"line":150,"column":3}},"line":148},"19":{"name":"(anonymous_19)","decl":{"start":{"line":153,"column":37},"end":{"line":153,"column":38}},"loc":{"start":{"line":153,"column":59},"end":{"line":179,"column":1}},"line":153},"20":{"name":"(anonymous_20)","decl":{"start":{"line":154,"column":33},"end":{"line":154,"column":34}},"loc":{"start":{"line":154,"column":46},"end":{"line":156,"column":3}},"line":154},"21":{"name":"(anonymous_21)","decl":{"start":{"line":164,"column":74},"end":{"line":164,"column":75}},"loc":{"start":{"line":164,"column":87},"end":{"line":166,"column":3}},"line":164},"22":{"name":"(anonymous_22)","decl":{"start":{"line":181,"column":23},"end":{"line":181,"column":24}},"loc":{"start":{"line":181,"column":35},"end":{"line":196,"column":1}},"line":181},"23":{"name":"(anonymous_23)","decl":{"start":{"line":185,"column":23},"end":{"line":185,"column":24}},"loc":{"start":{"line":185,"column":36},"end":{"line":189,"column":3}},"line":185}},"branchMap":{"0":{"loc":{"start":{"line":7,"column":46},"end":{"line":7,"column":92}},"type":"cond-expr","locations":[{"start":{"line":7,"column":70},"end":{"line":7,"column":73}},{"start":{"line":7,"column":76},"end":{"line":7,"column":92}}],"line":7},"1":{"loc":{"start":{"line":7,"column":46},"end":{"line":7,"column":67}},"type":"binary-expr","locations":[{"start":{"line":7,"column":46},"end":{"line":7,"column":49}},{"start":{"line":7,"column":53},"end":{"line":7,"column":67}}],"line":7},"2":{"loc":{"start":{"line":9,"column":35},"end":{"line":9,"column":193}},"type":"if","locations":[{"start":{"line":9,"column":35},"end":{"line":9,"column":193}},{"start":{"line":9,"column":166},"end":{"line":9,"column":193}}],"line":9},"3":{"loc":{"start":{"line":30,"column":14},"end":{"line":30,"column":26}},"type":"binary-expr","locations":[{"start":{"line":30,"column":14},"end":{"line":30,"column":18}},{"start":{"line":30,"column":22},"end":{"line":30,"column":26}}],"line":30},"4":{"loc":{"start":{"line":36,"column":2},"end":{"line":47,"column":3}},"type":"if","locations":[{"start":{"line":36,"column":2},"end":{"line":47,"column":3}},{"start":{},"end":{}}],"line":36},"5":{"loc":{"start":{"line":85,"column":2},"end":{"line":87,"column":3}},"type":"if","locations":[{"start":{"line":85,"column":2},"end":{"line":87,"column":3}},{"start":{},"end":{}}],"line":85},"6":{"loc":{"start":{"line":91,"column":2},"end":{"line":96,"column":3}},"type":"if","locations":[{"start":{"line":91,"column":2},"end":{"line":96,"column":3}},{"start":{},"end":{}}],"line":91},"7":{"loc":{"start":{"line":104,"column":16},"end":{"line":104,"column":58}},"type":"binary-expr","locations":[{"start":{"line":104,"column":16},"end":{"line":104,"column":25}},{"start":{"line":104,"column":29},"end":{"line":104,"column":58}}],"line":104},"8":{"loc":{"start":{"line":112,"column":2},"end":{"line":114,"column":3}},"type":"if","locations":[{"start":{"line":112,"column":2},"end":{"line":114,"column":3}},{"start":{},"end":{}}],"line":112},"9":{"loc":{"start":{"line":124,"column":9},"end":{"line":124,"column":42}},"type":"cond-expr","locations":[{"start":{"line":124,"column":21},"end":{"line":124,"column":35}},{"start":{"line":124,"column":38},"end":{"line":124,"column":42}}],"line":124},"10":{"loc":{"start":{"line":137,"column":2},"end":{"line":137,"column":27}},"type":"if","locations":[{"start":{"line":137,"column":2},"end":{"line":137,"column":27}},{"start":{},"end":{}}],"line":137},"11":{"loc":{"start":{"line":140,"column":9},"end":{"line":140,"column":39}},"type":"binary-expr","locations":[{"start":{"line":140,"column":9},"end":{"line":140,"column":31}},{"start":{"line":140,"column":35},"end":{"line":140,"column":39}}],"line":140},"12":{"loc":{"start":{"line":144,"column":9},"end":{"line":144,"column":60}},"type":"binary-expr","locations":[{"start":{"line":144,"column":9},"end":{"line":144,"column":52}},{"start":{"line":144,"column":56},"end":{"line":144,"column":60}}],"line":144},"13":{"loc":{"start":{"line":157,"column":2},"end":{"line":157,"column":27}},"type":"if","locations":[{"start":{"line":157,"column":2},"end":{"line":157,"column":27}},{"start":{},"end":{}}],"line":157},"14":{"loc":{"start":{"line":178,"column":9},"end":{"line":178,"column":55}},"type":"cond-expr","locations":[{"start":{"line":178,"column":24},"end":{"line":178,"column":48}},{"start":{"line":178,"column":51},"end":{"line":178,"column":55}}],"line":178}},"s":{"0":0,"1":0,"2":0,"3":0,"4":0,"5":0,"6":0,"7":0,"8":0,"9":0,"10":0,"11":0,"12":0,"13":0,"14":0,"15":0,"16":0,"17":0,"18":0,"19":0,"20":0,"21":0,"22":0,"23":0,"24":0,"25":0,"26":0,"27":0,"28":0,"29":0,"30":0,"31":0,"32":0,"33":0,"34":0,"35":0,"36":0,"37":0,"38":0,"39":0,"40":0,"41":0,"42":0,"43":0,"44":0,"45":0,"46":0,"47":0,"48":0,"49":0,"50":0,"51":0,"52":0,"53":0,"54":0,"55":0,"56":0,"57":0,"58":0,"59":0,"60":0,"61":0,"62":0,"63":0,"64":0,"65":0,"66":0,"67":0,"68":0,"69":0,"70":0,"71":0,"72":0,"73":0,"74":0,"75":0,"76":0,"77":0,"78":0,"79":0,"80":0,"81":0,"82":0,"83":0,"84":0,"85":0,"86":0,"87":0,"88":0,"89":0,"90":0,"91":0,"92":0,"93":0,"94":0,"95":0,"96":0,"97":0,"98":0,"99":0,"100":0,"101":0,"102":0,"103":0,"104":0,"105":0,"106":0,"107":0,"108":0,"109":0,"110":0,"111":0,"112":0,"113":0,"114":0},"f":{"0":0,"1":0,"2":0,"3":0,"4":0,"5":0,"6":0,"7":0,"8":0,"9":0,"10":0,"11":0,"12":0,"13":0,"14":0,"15":0,"16":0,"17":0,"18":0,"19":0,"20":0,"21":0,"22":0,"23":0},"b":{"0":[0,0],"1":[0,0],"2":[0,0],"3":[0,0],"4":[0,0],"5":[0,0],"6":[0,0],"7":[0,0],"8":[0,0],"9":[0,0],"10":[0,0],"11":[0,0],"12":[0,0],"13":[0,0],"14":[0,0]},"all":true},"/home/jeepark/red-tetris/src/server/models/Piece.js":{"path":"/home/jeepark/red-tetris/src/server/models/Piece.js","statementMap":{"0":{"start":{"line":3,"column":19},"end":{"line":3,"column":563}},"1":{"start":{"line":3,"column":76},"end":{"line":3,"column":347}},"2":{"start":{"line":3,"column":89},"end":{"line":3,"column":90}},"3":{"start":{"line":3,"column":134},"end":{"line":3,"column":142}},"4":{"start":{"line":3,"column":144},"end":{"line":3,"column":199}},"5":{"start":{"line":3,"column":200},"end":{"line":3,"column":231}},"6":{"start":{"line":3,"column":232},"end":{"line":3,"column":286}},"7":{"start":{"line":3,"column":259},"end":{"line":3,"column":286}},"8":{"start":{"line":3,"column":287},"end":{"line":3,"column":345}},"9":{"start":{"line":3,"column":350},"end":{"line":3,"column":559}},"10":{"start":{"line":3,"column":407},"end":{"line":3,"column":475}},"11":{"start":{"line":3,"column":423},"end":{"line":3,"column":475}},"12":{"start":{"line":3,"column":476},"end":{"line":3,"column":536}},"13":{"start":{"line":3,"column":493},"end":{"line":3,"column":536}},"14":{"start":{"line":3,"column":537},"end":{"line":3,"column":556}},"15":{"start":{"line":5,"column":50},"end":{"line":5,"column":151}},"16":{"start":{"line":5,"column":92},"end":{"line":5,"column":149}},"17":{"start":{"line":7,"column":12},"end":{"line":22,"column":3}},"18":{"start":{"line":9,"column":4},"end":{"line":9,"column":33}},"19":{"start":{"line":11,"column":4},"end":{"line":11,"column":21}},"20":{"start":{"line":14,"column":2},"end":{"line":19,"column":6}},"21":{"start":{"line":17,"column":6},"end":{"line":17,"column":33}},"22":{"start":{"line":21,"column":2},"end":{"line":21,"column":15}},"23":{"start":{"line":24,"column":0},"end":{"line":24,"column":23}}},"fnMap":{"0":{"name":"(anonymous_0)","decl":{"start":{"line":3,"column":19},"end":{"line":3,"column":20}},"loc":{"start":{"line":3,"column":31},"end":{"line":3,"column":561}},"line":3},"1":{"name":"defineProperties","decl":{"start":{"line":3,"column":42},"end":{"line":3,"column":58}},"loc":{"start":{"line":3,"column":74},"end":{"line":3,"column":349}},"line":3},"2":{"name":"(anonymous_2)","decl":{"start":{"line":3,"column":357},"end":{"line":3,"column":358}},"loc":{"start":{"line":3,"column":405},"end":{"line":3,"column":558}},"line":3},"3":{"name":"_classCallCheck","decl":{"start":{"line":5,"column":9},"end":{"line":5,"column":24}},"loc":{"start":{"line":5,"column":48},"end":{"line":5,"column":153}},"line":5},"4":{"name":"(anonymous_4)","decl":{"start":{"line":7,"column":12},"end":{"line":7,"column":13}},"loc":{"start":{"line":7,"column":24},"end":{"line":22,"column":1}},"line":7},"5":{"name":"Piece","decl":{"start":{"line":8,"column":11},"end":{"line":8,"column":16}},"loc":{"start":{"line":8,"column":23},"end":{"line":12,"column":3}},"line":8},"6":{"name":"serialize","decl":{"start":{"line":16,"column":20},"end":{"line":16,"column":29}},"loc":{"start":{"line":16,"column":32},"end":{"line":18,"column":5}},"line":16}},"branchMap":{"0":{"loc":{"start":{"line":3,"column":168},"end":{"line":3,"column":198}},"type":"binary-expr","locations":[{"start":{"line":3,"column":168},"end":{"line":3,"column":189}},{"start":{"line":3,"column":193},"end":{"line":3,"column":198}}],"line":3},"1":{"loc":{"start":{"line":3,"column":232},"end":{"line":3,"column":286}},"type":"if","locations":[{"start":{"line":3,"column":232},"end":{"line":3,"column":286}},{"start":{},"end":{}}],"line":3},"2":{"loc":{"start":{"line":3,"column":407},"end":{"line":3,"column":475}},"type":"if","locations":[{"start":{"line":3,"column":407},"end":{"line":3,"column":475}},{"start":{},"end":{}}],"line":3},"3":{"loc":{"start":{"line":3,"column":476},"end":{"line":3,"column":536}},"type":"if","locations":[{"start":{"line":3,"column":476},"end":{"line":3,"column":536}},{"start":{},"end":{}}],"line":3},"4":{"loc":{"start":{"line":5,"column":50},"end":{"line":5,"column":151}},"type":"if","locations":[{"start":{"line":5,"column":50},"end":{"line":5,"column":151}},{"start":{},"end":{}}],"line":5}},"s":{"0":0,"1":0,"2":0,"3":0,"4":0,"5":0,"6":0,"7":0,"8":0,"9":0,"10":0,"11":0,"12":0,"13":0,"14":0,"15":0,"16":0,"17":0,"18":0,"19":0,"20":0,"21":0,"22":0,"23":0},"f":{"0":0,"1":0,"2":0,"3":0,"4":0,"5":0,"6":0},"b":{"0":[0,0],"1":[0,0],"2":[0,0],"3":[0,0],"4":[0,0]},"all":true},"/home/jeepark/red-tetris/src/server/models/Player.js":{"path":"/home/jeepark/red-tetris/src/server/models/Player.js","statementMap":{"0":{"start":{"line":4,"column":2},"end":{"line":4,"column":23}},"1":{"start":{"line":5,"column":2},"end":{"line":5,"column":19}},"2":{"start":{"line":6,"column":2},"end":{"line":6,"column":17}},"3":{"start":{"line":7,"column":2},"end":{"line":7,"column":22}},"4":{"start":{"line":8,"column":2},"end":{"line":8,"column":25}},"5":{"start":{"line":9,"column":2},"end":{"line":9,"column":26}},"6":{"start":{"line":12,"column":0},"end":{"line":12,"column":24}}},"fnMap":{"0":{"name":"Player","decl":{"start":{"line":3,"column":9},"end":{"line":3,"column":15}},"loc":{"start":{"line":3,"column":30},"end":{"line":10,"column":1}},"line":3}},"branchMap":{},"s":{"0":0,"1":0,"2":0,"3":0,"4":0,"5":0,"6":0},"f":{"0":0},"b":{},"all":true}}